<!DOCTYPE html PUBLIC "-//W3C//DTD XHTML 1.1//EN" "https://www.w3.org/TR/xhtml11/DTD/xhtml11.dtd">
<html xmlns="https://www.w3.org/1999/xhtml">
<head>
<meta http-equiv="content-type" content="text/html; charset=UTF-8"/>
<title>TestNG Report</title>
<style type="text/css">table {margin-bottom:10px;border-collapse:collapse;empty-cells:show}th,td {border:1px solid #009;padding:.25em .5em}th {vertical-align:bottom}td {vertical-align:top}table a {font-weight:bold}.stripe td {background-color: #E6EBF9}.num {text-align:right}.passedodd td {background-color: #3F3}.passedeven td {background-color: #0A0}.skippedodd td {background-color: #DDD}.skippedeven td {background-color: #CCC}.failedodd td,.attn {background-color: #F33}.failedeven td,.stripe .attn {background-color: #D00}.stacktrace {white-space:pre;font-family:monospace}.totop {font-size:85%;text-align:center;border-bottom:2px solid #000}.invisible {display:none}</style>
</head>
<body>
<table>
<tr><th>Test</th><th># Passed</th><th># Skipped</th><th># Retried</th><th># Failed</th><th>Time (ms)</th><th>Included Groups</th><th>Excluded Groups</th></tr>
<tr><th colspan="8">Selenium Test Suite</th></tr>
<tr><td><a href="#t0">Automation tests</a></td><td class="num">19</td><td class="num attn">3</td><td class="num">0</td><td class="num attn">5</td><td class="num">649,037</td><td></td><td></td></tr>
</table>
<table id='summary'><thead><tr><th>Class</th><th>Method</th><th>Start</th><th>Time (ms)</th></tr></thead><tbody><tr><th colspan="4">Selenium Test Suite</th></tr></tbody><tbody id="t0"><tr><th colspan="4">Automation tests &#8212; failed (configuration methods)</th></tr><tr class="failedeven"><td rowspan="1">com.amazontest.FindAGiftValidations</td><td><a href="#m0">setupDriver</a></td><td rowspan="1">1607029422681</td><td rowspan="1">13362</td></tr><tr class="failedodd"><td rowspan="1">com.amazontest.LoginPageValidations</td><td><a href="#m1">afterEachTestMethod</a></td><td rowspan="1">1607029179274</td><td rowspan="1">60086</td></tr><tr class="failedeven"><td rowspan="1">com.amazontest.WholeFoodsValidations</td><td><a href="#m2">setupDriver</a></td><td rowspan="1">1607029387121</td><td rowspan="1">35558</td></tr><tr><th colspan="4">Automation tests &#8212; failed</th></tr><tr class="failedeven"><td rowspan="1">com.amazontest.HomePageValidations</td><td><a href="#m3">validateUserBeingAbleToClickOnSearchButton</a></td><td rowspan="1">1607028922453</td><td rowspan="1">3377</td></tr><tr class="failedodd"><td rowspan="4">com.amazontest.LoginPageValidations</td><td><a href="#m4">validateUserBeingAbleToClickContinueButton</a></td><td rowspan="1">1607028952720</td><td rowspan="1">37795</td></tr><tr class="failedodd"><td><a href="#m5">validateUserBeingAbleToClickOnCreateAnAccountButton</a></td><td rowspan="1">1607029002077</td><td rowspan="1">23726</td></tr><tr class="failedodd"><td><a href="#m6">validateUserBeingAbleToTypePassword</a></td><td rowspan="1">1607029087492</td><td rowspan="1">38047</td></tr><tr class="failedodd"><td><a href="#m7">validateUserNotBeingAbleToLoginWithInvalidPassword</a></td><td rowspan="1">1607029139179</td><td rowspan="1">40094</td></tr><tr><th colspan="4">Automation tests &#8212; skipped (configuration methods)</th></tr><tr class="skippedeven"><td rowspan="7">com.amazontest.FindAGiftValidations</td><td><a href="#m8">afterEachTestMethod</a></td><td rowspan="2">1607029436069</td><td rowspan="2">-1607029436069</td></tr><tr class="skippedeven"><td><a href="#m9">afterEachTestMethod</a></td></tr><tr class="skippedeven"><td><a href="#m10">cleanUp</a></td><td rowspan="2">1607029436070</td><td rowspan="2">-1607029436070</td></tr><tr class="skippedeven"><td><a href="#m11">cleanUp</a></td></tr><tr class="skippedeven"><td><a href="#m12">setupDriver</a></td><td rowspan="1">1607029436063</td><td rowspan="1">-1607029436063</td></tr><tr class="skippedeven"><td><a href="#m13">startExtent</a></td><td rowspan="2">1607029436065</td><td rowspan="2">-1607029436065</td></tr><tr class="skippedeven"><td><a href="#m14">startExtent</a></td></tr><tr class="skippedodd"><td rowspan="1">com.amazontest.LoginPageValidations</td><td><a href="#m15">cleanUp</a></td><td rowspan="1">1607029239362</td><td rowspan="1">-1607029239362</td></tr><tr class="skippedeven"><td rowspan="3">com.amazontest.WholeFoodsValidations</td><td><a href="#m16">afterEachTestMethod</a></td><td rowspan="1">1607029422681</td><td rowspan="1">-1607029422681</td></tr><tr class="skippedeven"><td><a href="#m17">cleanUp</a></td><td rowspan="1">1607029422681</td><td rowspan="1">-1607029422681</td></tr><tr class="skippedeven"><td><a href="#m18">startExtent</a></td><td rowspan="1">1607029422679</td><td rowspan="1">-1607029422679</td></tr><tr><th colspan="4">Automation tests &#8212; skipped</th></tr><tr class="skippedeven"><td rowspan="2">com.amazontest.FindAGiftValidations</td><td><a href="#m19">validateUserBeingAbleToClickOnElectronicGifts</a></td><td rowspan="1">1607029436050</td><td rowspan="1">0</td></tr><tr class="skippedeven"><td><a href="#m20">validateUserBeingAbleToClickOnShopAllHolidaysGifts</a></td><td rowspan="1">1607029436067</td><td rowspan="1">0</td></tr><tr class="skippedodd"><td rowspan="1">com.amazontest.WholeFoodsValidations</td><td><a href="#m21">validateUserBeingAbleToClickOnPastPurchacesTAb</a></td><td rowspan="1">1607029422680</td><td rowspan="1">0</td></tr><tr><th colspan="4">Automation tests &#8212; passed</th></tr><tr class="passedeven"><td rowspan="7">com.amazontest.CustomerServiceValidations</td><td><a href="#m22">validateUserBeingAbleToClickOnDigitalServicesAndDeviceSupportTab</a></td><td rowspan="1">1607029249528</td><td rowspan="1">5524</td></tr><tr class="passedeven"><td><a href="#m23">validateUserBeingAbleToClickOnGetProductHelp</a></td><td rowspan="1">1607029267214</td><td rowspan="1">4493</td></tr><tr class="passedeven"><td><a href="#m24">validateUserBeingAbleToClickOnManagePrimeTab</a></td><td rowspan="1">1607029283967</td><td rowspan="1">4019</td></tr><tr class="passedeven"><td><a href="#m25">validateUserBeingAbleToClickOnPaymentsAndGifCardTab</a></td><td rowspan="1">1607029299804</td><td rowspan="1">3299</td></tr><tr class="passedeven"><td><a href="#m26">validateUserBeingAbleToClickOnReturnsandRefunds</a></td><td rowspan="1">1607029314974</td><td rowspan="1">4031</td></tr><tr class="passedeven"><td><a href="#m27">validateUserBeingAbleToClickOnYourOrdersTab</a></td><td rowspan="1">1607029330737</td><td rowspan="1">4479</td></tr><tr class="passedeven"><td><a href="#m28">validateUserBeingAbleToClickYourAccountTab</a></td><td rowspan="1">1607029348153</td><td rowspan="1">4448</td></tr><tr class="passedodd"><td rowspan="8">com.amazontest.HomePageValidations</td><td><a href="#m29">ValidateUserBeingAbleToClickOnTodaysAmazonBasics</a></td><td rowspan="1">1607028798938</td><td rowspan="1">9472</td></tr><tr class="passedodd"><td><a href="#m30">validateUSerBeenAbleToClickOnCustomerServiceButton</a></td><td rowspan="1">1607028821289</td><td rowspan="1">2830</td></tr><tr class="passedodd"><td><a href="#m31">validateUSerBeenAbleToClickOnFindAGiftTAb</a></td><td rowspan="1">1607028835972</td><td rowspan="1">2230</td></tr><tr class="passedodd"><td><a href="#m32">validateUSerBeenAbleToClickOnWholeFoodTab</a></td><td rowspan="1">1607028851071</td><td rowspan="1">2659</td></tr><tr class="passedodd"><td><a href="#m33">validateUSerBeenAbleToMouseHoverHelloSignInButtonAndClickOnSignInButton</a></td><td rowspan="1">1607028865777</td><td rowspan="1">10746</td></tr><tr class="passedodd"><td><a href="#m34">validateUSerBeenAbleToRefreshHomePage</a></td><td rowspan="1">1607028888175</td><td rowspan="1">4514</td></tr><tr class="passedodd"><td><a href="#m35">validateUserBeingAbleToClickOnDropDownAndSelectAmazonPharmacy</a></td><td rowspan="1">1607028905083</td><td rowspan="1">5334</td></tr><tr class="passedodd"><td><a href="#m36">validateUserBeingAbleToTypeOnSearchBar</a></td><td rowspan="1">1607028939692</td><td rowspan="1">852</td></tr><tr class="passedeven"><td rowspan="2">com.amazontest.LoginPageValidations</td><td><a href="#m37">validateUserBeingAbleToCreateAnAccountAndRegister</a></td><td rowspan="1">1607029037467</td><td rowspan="1">13330</td></tr><tr class="passedeven"><td><a href="#m38">validateUserBeingAbleToTypeInEmailAddress</a></td><td rowspan="1">1607029062068</td><td rowspan="1">14589</td></tr><tr class="passedodd"><td rowspan="2">com.amazontest.WholeFoodsValidations</td><td><a href="#m39">validateUserBeingAbleToClickAlexaListTab</a></td><td rowspan="1">1607029364620</td><td rowspan="1">3902</td></tr><tr class="passedodd"><td><a href="#m40">validateUserBeingAbleToClickOnDealsTab</a></td><td rowspan="1">1607029380486</td><td rowspan="1">5782</td></tr></tbody>
</table>
<h2>Automation tests</h2><h3 id="m0">com.amazontest.FindAGiftValidations#setupDriver</h3><table class="result"><tr class="param"><th>Parameter #1</th><th>Parameter #2</th><th>Parameter #3</th><th>Parameter #4</th><th>Parameter #5</th><th>Parameter #6</th></tr><tr class="param stripe"><td>windows</td><td>https://www.amazon.com</td><td>chrome</td><td>false</td><td>87.0.4280.66</td><td>browserstack</td></tr><tr><th colspan="6">Exception</th></tr><tr><td colspan="6"><div class="stacktrace">org.openqa.selenium.SessionNotCreatedException: session not created
from chrome not reachable
  (Session info: chrome=87.0.4280.66)
Build info: version: &apos;3.141.59&apos;, revision: &apos;e82be7d358&apos;, time: &apos;2018-11-14T08:17:03&apos;
System info: host: &apos;DESKTOP-DVMI27D&apos;, ip: &apos;192.168.64.1&apos;, os.name: &apos;Windows 10&apos;, os.arch: &apos;amd64&apos;, os.version: &apos;10.0&apos;, java.version: &apos;11.0.8&apos;
Driver info: driver.version: ChromeDriver
remote stacktrace: Backtrace:
	Ordinal0 [0x005AC013+3194899]
	Ordinal0 [0x00496021+2056225]
	Ordinal0 [0x0032F4B0+586928]
	Ordinal0 [0x00325894+546964]
	Ordinal0 [0x00325F2C+548652]
	Ordinal0 [0x00327175+553333]
	Ordinal0 [0x0032241E+533534]
	Ordinal0 [0x00330620+591392]
	Ordinal0 [0x002D2A0C+207372]
	Ordinal0 [0x002D1D0D+204045]
	Ordinal0 [0x002CFC1B+195611]
	Ordinal0 [0x002B3B7F+80767]
	Ordinal0 [0x002B4B4E+84814]
	Ordinal0 [0x002B4AD9+84697]
	Ordinal0 [0x004ACE64+2149988]
	GetHandleVerifier [0x0071BE95+1400773]
	GetHandleVerifier [0x0071BB61+1399953]
	GetHandleVerifier [0x007231FA+1430314]
	GetHandleVerifier [0x0071C69F+1402831]
	Ordinal0 [0x004A3D61+2112865]
	Ordinal0 [0x004AE5CB+2155979]
	Ordinal0 [0x004AE6F5+2156277]
	Ordinal0 [0x004BF26E+2224750]
	BaseThreadInitThunk [0x761A6359+25]
	RtlGetAppContainerNamedObjectPath [0x77BA8944+228]
	RtlGetAppContainerNamedObjectPath [0x77BA8914+180]

	at org.openqa.selenium.remote.W3CHandshakeResponse.lambda$errorHandler$0(W3CHandshakeResponse.java:62)
	at org.openqa.selenium.remote.HandshakeResponse.lambda$getResponseFunction$0(HandshakeResponse.java:30)
	at org.openqa.selenium.remote.ProtocolHandshake.lambda$createSession$0(ProtocolHandshake.java:126)
	at java.base/java.util.stream.ReferencePipeline$3$1.accept(ReferencePipeline.java:195)
	at java.base/java.util.Spliterators$ArraySpliterator.tryAdvance(Spliterators.java:958)
	at java.base/java.util.stream.ReferencePipeline.forEachWithCancel(ReferencePipeline.java:127)
	at java.base/java.util.stream.AbstractPipeline.copyIntoWithCancel(AbstractPipeline.java:502)
	at java.base/java.util.stream.AbstractPipeline.copyInto(AbstractPipeline.java:488)
	at java.base/java.util.stream.AbstractPipeline.wrapAndCopyInto(AbstractPipeline.java:474)
	at java.base/java.util.stream.FindOps$FindOp.evaluateSequential(FindOps.java:150)
	at java.base/java.util.stream.AbstractPipeline.evaluate(AbstractPipeline.java:234)
	at java.base/java.util.stream.ReferencePipeline.findFirst(ReferencePipeline.java:543)
	at org.openqa.selenium.remote.ProtocolHandshake.createSession(ProtocolHandshake.java:128)
	at org.openqa.selenium.remote.ProtocolHandshake.createSession(ProtocolHandshake.java:74)
	at org.openqa.selenium.remote.HttpCommandExecutor.execute(HttpCommandExecutor.java:136)
	at org.openqa.selenium.remote.service.DriverCommandExecutor.execute(DriverCommandExecutor.java:83)
	at org.openqa.selenium.remote.RemoteWebDriver.execute(RemoteWebDriver.java:552)
	at org.openqa.selenium.remote.RemoteWebDriver.startSession(RemoteWebDriver.java:213)
	at org.openqa.selenium.remote.RemoteWebDriver.&lt;init&gt;(RemoteWebDriver.java:131)
	at org.openqa.selenium.chrome.ChromeDriver.&lt;init&gt;(ChromeDriver.java:181)
	at org.openqa.selenium.chrome.ChromeDriver.&lt;init&gt;(ChromeDriver.java:168)
	at org.openqa.selenium.chrome.ChromeDriver.&lt;init&gt;(ChromeDriver.java:123)
	at pnt.automation.base.TestBase.getLocalDriver(TestBase.java:81)
	at pnt.automation.base.TestBase.setupDriver(TestBase.java:64)
	at java.base/java.util.ArrayList.forEach(ArrayList.java:1541)
... Removed 38 stack frames</div></td></tr></table><p class="totop"><a href="#summary">back to summary</a></p>
<h3 id="m1">com.amazontest.LoginPageValidations#afterEachTestMethod</h3><table class="result"><tr class="param"><th>Parameter #1</th></tr><tr class="param stripe"><td>[TestResult name=validateUserNotBeingAbleToLoginWithInvalidPassword status=FAILURE method=LoginPageValidations.validateUserNotBeingAbleToLoginWithInvalidPassword()[pri:0, instance:com.amazontest.LoginPageValidations@13ad5cd3] output={null}]</td></tr><tr><th>Exception</th></tr><tr><td><div class="stacktrace">org.openqa.selenium.TimeoutException: timeout: Timed out receiving message from renderer: 10.000
  (Session info: chrome=87.0.4280.66)
Build info: version: &apos;3.141.59&apos;, revision: &apos;e82be7d358&apos;, time: &apos;2018-11-14T08:17:03&apos;
System info: host: &apos;DESKTOP-DVMI27D&apos;, ip: &apos;192.168.64.1&apos;, os.name: &apos;Windows 10&apos;, os.arch: &apos;amd64&apos;, os.version: &apos;10.0&apos;, java.version: &apos;11.0.8&apos;
Driver info: org.openqa.selenium.chrome.ChromeDriver
Capabilities {acceptInsecureCerts: false, browserName: chrome, browserVersion: 87.0.4280.66, chrome: {chromedriverVersion: 86.0.4240.22 (398b0743353ff..., userDataDir: C:\Users\temp\AppData\Local...}, goog:chromeOptions: {debuggerAddress: localhost:52220}, javascriptEnabled: true, networkConnectionEnabled: false, pageLoadStrategy: normal, platform: WINDOWS, platformName: WINDOWS, proxy: Proxy(), setWindowRect: true, strictFileInteractability: false, timeouts: {implicit: 0, pageLoad: 300000, script: 30000}, unhandledPromptBehavior: dismiss and notify, webauthn:virtualAuthenticators: true}
Session ID: ff6ad0cb08327ac49080b8d99b510d3b
	at org.openqa.selenium.remote.http.W3CHttpResponseCodec.createException(W3CHttpResponseCodec.java:187)
	at org.openqa.selenium.remote.http.W3CHttpResponseCodec.decode(W3CHttpResponseCodec.java:122)
	at org.openqa.selenium.remote.http.W3CHttpResponseCodec.decode(W3CHttpResponseCodec.java:49)
	at org.openqa.selenium.remote.HttpCommandExecutor.execute(HttpCommandExecutor.java:158)
	at org.openqa.selenium.remote.service.DriverCommandExecutor.execute(DriverCommandExecutor.java:83)
	at org.openqa.selenium.remote.RemoteWebDriver.execute(RemoteWebDriver.java:552)
	at org.openqa.selenium.remote.RemoteWebDriver.execute(RemoteWebDriver.java:609)
	at org.openqa.selenium.remote.RemoteWebDriver.getScreenshotAs(RemoteWebDriver.java:295)
	at pnt.automation.base.TestBase.captureScreenshot(TestBase.java:148)
	at pnt.automation.base.TestBase.afterEachTestMethod(TestBase.java:197)
	at java.base/java.util.ArrayList.forEach(ArrayList.java:1541)
... Removed 40 stack frames</div></td></tr></table><p class="totop"><a href="#summary">back to summary</a></p>
<h3 id="m2">com.amazontest.WholeFoodsValidations#setupDriver</h3><table class="result"><tr class="param"><th>Parameter #1</th><th>Parameter #2</th><th>Parameter #3</th><th>Parameter #4</th><th>Parameter #5</th><th>Parameter #6</th></tr><tr class="param stripe"><td>windows</td><td>https://www.amazon.com</td><td>chrome</td><td>false</td><td>87.0.4280.66</td><td>browserstack</td></tr><tr><th colspan="6">Exception</th></tr><tr><td colspan="6"><div class="stacktrace">org.openqa.selenium.WebDriverException: chrome not reachable
  (Session info: chrome=87.0.4280.66)
Build info: version: &apos;3.141.59&apos;, revision: &apos;e82be7d358&apos;, time: &apos;2018-11-14T08:17:03&apos;
System info: host: &apos;DESKTOP-DVMI27D&apos;, ip: &apos;192.168.64.1&apos;, os.name: &apos;Windows 10&apos;, os.arch: &apos;amd64&apos;, os.version: &apos;10.0&apos;, java.version: &apos;11.0.8&apos;
Driver info: org.openqa.selenium.chrome.ChromeDriver
Capabilities {acceptInsecureCerts: false, browserName: chrome, browserVersion: 87.0.4280.66, chrome: {chromedriverVersion: 86.0.4240.22 (398b0743353ff..., userDataDir: C:\Users\temp\AppData\Local...}, goog:chromeOptions: {debuggerAddress: localhost:53156}, javascriptEnabled: true, networkConnectionEnabled: false, pageLoadStrategy: normal, platform: WINDOWS, platformName: WINDOWS, proxy: Proxy(), setWindowRect: true, strictFileInteractability: false, timeouts: {implicit: 0, pageLoad: 300000, script: 30000}, unhandledPromptBehavior: dismiss and notify, webauthn:virtualAuthenticators: true}
Session ID: 610588ac6a67df67f6472a381aa4dd9f
	at org.openqa.selenium.remote.http.W3CHttpResponseCodec.createException(W3CHttpResponseCodec.java:187)
	at org.openqa.selenium.remote.http.W3CHttpResponseCodec.decode(W3CHttpResponseCodec.java:122)
	at org.openqa.selenium.remote.http.W3CHttpResponseCodec.decode(W3CHttpResponseCodec.java:49)
	at org.openqa.selenium.remote.HttpCommandExecutor.execute(HttpCommandExecutor.java:158)
	at org.openqa.selenium.remote.service.DriverCommandExecutor.execute(DriverCommandExecutor.java:83)
	at org.openqa.selenium.remote.RemoteWebDriver.execute(RemoteWebDriver.java:552)
	at org.openqa.selenium.remote.RemoteWebDriver.get(RemoteWebDriver.java:277)
	at pnt.automation.base.TestBase.setupDriver(TestBase.java:66)
	at java.base/java.util.ArrayList.forEach(ArrayList.java:1541)
... Removed 38 stack frames</div></td></tr></table><p class="totop"><a href="#summary">back to summary</a></p>
<h3 id="m3">com.amazontest.HomePageValidations#validateUserBeingAbleToClickOnSearchButton</h3><table class="result"><tr><th>Exception</th></tr><tr><td><div class="stacktrace">org.junit.ComparisonFailure: expected:&lt;...ps://www.amazon.com/[]&gt; but was:&lt;...ps://www.amazon.com/[s?k=Iphones&amp;ref=nb_sb_noss_2]&gt;
	at org.junit.Assert.assertEquals(Assert.java:115)
	at org.junit.Assert.assertEquals(Assert.java:144)
	at com.amazon.pages.HomePage.clickOnSearchButton(HomePage.java:83)
	at com.amazontest.HomePageValidations.validateUserBeingAbleToClickOnSearchButton(HomePageValidations.java:24)
	at java.base/java.util.ArrayList.forEach(ArrayList.java:1541)
... Removed 31 stack frames</div></td></tr></table><p class="totop"><a href="#summary">back to summary</a></p>
<h3 id="m4">com.amazontest.LoginPageValidations#validateUserBeingAbleToClickContinueButton</h3><table class="result"><tr><th>Exception</th></tr><tr><td><div class="stacktrace">org.openqa.selenium.NoSuchElementException: no such element: Unable to locate element: {&quot;method&quot;:&quot;css selector&quot;,&quot;selector&quot;:&quot;#continue&quot;}
  (Session info: chrome=87.0.4280.66)
For documentation on this error, please visit: https://www.seleniumhq.org/exceptions/no_such_element.html
Build info: version: &apos;3.141.59&apos;, revision: &apos;e82be7d358&apos;, time: &apos;2018-11-14T08:17:03&apos;
System info: host: &apos;DESKTOP-DVMI27D&apos;, ip: &apos;192.168.64.1&apos;, os.name: &apos;Windows 10&apos;, os.arch: &apos;amd64&apos;, os.version: &apos;10.0&apos;, java.version: &apos;11.0.8&apos;
Driver info: org.openqa.selenium.chrome.ChromeDriver
Capabilities {acceptInsecureCerts: false, browserName: chrome, browserVersion: 87.0.4280.66, chrome: {chromedriverVersion: 86.0.4240.22 (398b0743353ff..., userDataDir: C:\Users\temp\AppData\Local...}, goog:chromeOptions: {debuggerAddress: localhost:51695}, javascriptEnabled: true, networkConnectionEnabled: false, pageLoadStrategy: normal, platform: WINDOWS, platformName: WINDOWS, proxy: Proxy(), setWindowRect: true, strictFileInteractability: false, timeouts: {implicit: 0, pageLoad: 300000, script: 30000}, unhandledPromptBehavior: dismiss and notify, webauthn:virtualAuthenticators: true}
Session ID: c2e26b9dd8698c9041d113cf676000d8
*** Element info: {Using=id, value=continue}
	at org.openqa.selenium.remote.http.W3CHttpResponseCodec.createException(W3CHttpResponseCodec.java:187)
	at org.openqa.selenium.remote.http.W3CHttpResponseCodec.decode(W3CHttpResponseCodec.java:122)
	at org.openqa.selenium.remote.http.W3CHttpResponseCodec.decode(W3CHttpResponseCodec.java:49)
	at org.openqa.selenium.remote.HttpCommandExecutor.execute(HttpCommandExecutor.java:158)
	at org.openqa.selenium.remote.service.DriverCommandExecutor.execute(DriverCommandExecutor.java:83)
	at org.openqa.selenium.remote.RemoteWebDriver.execute(RemoteWebDriver.java:552)
	at org.openqa.selenium.remote.RemoteWebDriver.findElement(RemoteWebDriver.java:323)
	at org.openqa.selenium.remote.RemoteWebDriver.findElementById(RemoteWebDriver.java:372)
	at org.openqa.selenium.By$ById.findElement(By.java:188)
	at org.openqa.selenium.remote.RemoteWebDriver.findElement(RemoteWebDriver.java:315)
	at org.openqa.selenium.support.pagefactory.DefaultElementLocator.findElement(DefaultElementLocator.java:69)
	at org.openqa.selenium.support.pagefactory.internal.LocatingElementHandler.invoke(LocatingElementHandler.java:38)
	at com.sun.proxy.$Proxy13.click(Unknown Source)
	at com.amazon.pages.LoginPage.ClickContinueButton(LoginPage.java:66)
	at com.amazontest.LoginPageValidations.validateUserBeingAbleToClickContinueButton(LoginPageValidations.java:29)
	at java.base/java.util.ArrayList.forEach(ArrayList.java:1541)
... Removed 35 stack frames</div></td></tr></table><p class="totop"><a href="#summary">back to summary</a></p>
<h3 id="m5">com.amazontest.LoginPageValidations#validateUserBeingAbleToClickOnCreateAnAccountButton</h3><table class="result"><tr><th>Exception</th></tr><tr><td><div class="stacktrace">org.openqa.selenium.NoSuchElementException: no such element: Unable to locate element: {&quot;method&quot;:&quot;xpath&quot;,&quot;selector&quot;:&quot;//*[@id=&apos;nav-link-accountList&apos;]&quot;}
  (Session info: chrome=87.0.4280.66)
For documentation on this error, please visit: https://www.seleniumhq.org/exceptions/no_such_element.html
Build info: version: &apos;3.141.59&apos;, revision: &apos;e82be7d358&apos;, time: &apos;2018-11-14T08:17:03&apos;
System info: host: &apos;DESKTOP-DVMI27D&apos;, ip: &apos;192.168.64.1&apos;, os.name: &apos;Windows 10&apos;, os.arch: &apos;amd64&apos;, os.version: &apos;10.0&apos;, java.version: &apos;11.0.8&apos;
Driver info: org.openqa.selenium.chrome.ChromeDriver
Capabilities {acceptInsecureCerts: false, browserName: chrome, browserVersion: 87.0.4280.66, chrome: {chromedriverVersion: 86.0.4240.22 (398b0743353ff..., userDataDir: C:\Users\temp\AppData\Local...}, goog:chromeOptions: {debuggerAddress: localhost:51807}, javascriptEnabled: true, networkConnectionEnabled: false, pageLoadStrategy: normal, platform: WINDOWS, platformName: WINDOWS, proxy: Proxy(), setWindowRect: true, strictFileInteractability: false, timeouts: {implicit: 0, pageLoad: 300000, script: 30000}, unhandledPromptBehavior: dismiss and notify, webauthn:virtualAuthenticators: true}
Session ID: 8c74dc27f944332778d66c2baa75cd87
*** Element info: {Using=xpath, value=//*[@id=&apos;nav-link-accountList&apos;]}
	at org.openqa.selenium.remote.http.W3CHttpResponseCodec.createException(W3CHttpResponseCodec.java:187)
	at org.openqa.selenium.remote.http.W3CHttpResponseCodec.decode(W3CHttpResponseCodec.java:122)
	at org.openqa.selenium.remote.http.W3CHttpResponseCodec.decode(W3CHttpResponseCodec.java:49)
	at org.openqa.selenium.remote.HttpCommandExecutor.execute(HttpCommandExecutor.java:158)
	at org.openqa.selenium.remote.service.DriverCommandExecutor.execute(DriverCommandExecutor.java:83)
	at org.openqa.selenium.remote.RemoteWebDriver.execute(RemoteWebDriver.java:552)
	at org.openqa.selenium.remote.RemoteWebDriver.findElement(RemoteWebDriver.java:323)
	at org.openqa.selenium.remote.RemoteWebDriver.findElementByXPath(RemoteWebDriver.java:428)
	at org.openqa.selenium.By$ByXPath.findElement(By.java:353)
	at org.openqa.selenium.remote.RemoteWebDriver.findElement(RemoteWebDriver.java:315)
	at org.openqa.selenium.support.pagefactory.DefaultElementLocator.findElement(DefaultElementLocator.java:69)
	at org.openqa.selenium.support.pagefactory.internal.LocatingElementHandler.invoke(LocatingElementHandler.java:38)
	at com.sun.proxy.$Proxy13.isDisplayed(Unknown Source)
	at com.amazon.pages.HomePage.HelloSignInButton(HomePage.java:113)
	at com.amazontest.LoginPageValidations.validateUserBeingAbleToClickOnCreateAnAccountButton(LoginPageValidations.java:36)
	at java.base/java.util.ArrayList.forEach(ArrayList.java:1541)
... Removed 35 stack frames</div></td></tr></table><p class="totop"><a href="#summary">back to summary</a></p>
<h3 id="m6">com.amazontest.LoginPageValidations#validateUserBeingAbleToTypePassword</h3><table class="result"><tr><th>Exception</th></tr><tr><td><div class="stacktrace">org.openqa.selenium.NoSuchElementException: no such element: Unable to locate element: {&quot;method&quot;:&quot;css selector&quot;,&quot;selector&quot;:&quot;#continue&quot;}
  (Session info: chrome=87.0.4280.66)
For documentation on this error, please visit: https://www.seleniumhq.org/exceptions/no_such_element.html
Build info: version: &apos;3.141.59&apos;, revision: &apos;e82be7d358&apos;, time: &apos;2018-11-14T08:17:03&apos;
System info: host: &apos;DESKTOP-DVMI27D&apos;, ip: &apos;192.168.64.1&apos;, os.name: &apos;Windows 10&apos;, os.arch: &apos;amd64&apos;, os.version: &apos;10.0&apos;, java.version: &apos;11.0.8&apos;
Driver info: org.openqa.selenium.chrome.ChromeDriver
Capabilities {acceptInsecureCerts: false, browserName: chrome, browserVersion: 87.0.4280.66, chrome: {chromedriverVersion: 86.0.4240.22 (398b0743353ff..., userDataDir: C:\Users\temp\AppData\Local...}, goog:chromeOptions: {debuggerAddress: localhost:52095}, javascriptEnabled: true, networkConnectionEnabled: false, pageLoadStrategy: normal, platform: WINDOWS, platformName: WINDOWS, proxy: Proxy(), setWindowRect: true, strictFileInteractability: false, timeouts: {implicit: 0, pageLoad: 300000, script: 30000}, unhandledPromptBehavior: dismiss and notify, webauthn:virtualAuthenticators: true}
Session ID: a3e9556b4f39dd89b9687d2f33638ba2
*** Element info: {Using=id, value=continue}
	at org.openqa.selenium.remote.http.W3CHttpResponseCodec.createException(W3CHttpResponseCodec.java:187)
	at org.openqa.selenium.remote.http.W3CHttpResponseCodec.decode(W3CHttpResponseCodec.java:122)
	at org.openqa.selenium.remote.http.W3CHttpResponseCodec.decode(W3CHttpResponseCodec.java:49)
	at org.openqa.selenium.remote.HttpCommandExecutor.execute(HttpCommandExecutor.java:158)
	at org.openqa.selenium.remote.service.DriverCommandExecutor.execute(DriverCommandExecutor.java:83)
	at org.openqa.selenium.remote.RemoteWebDriver.execute(RemoteWebDriver.java:552)
	at org.openqa.selenium.remote.RemoteWebDriver.findElement(RemoteWebDriver.java:323)
	at org.openqa.selenium.remote.RemoteWebDriver.findElementById(RemoteWebDriver.java:372)
	at org.openqa.selenium.By$ById.findElement(By.java:188)
	at org.openqa.selenium.remote.RemoteWebDriver.findElement(RemoteWebDriver.java:315)
	at org.openqa.selenium.support.pagefactory.DefaultElementLocator.findElement(DefaultElementLocator.java:69)
	at org.openqa.selenium.support.pagefactory.internal.LocatingElementHandler.invoke(LocatingElementHandler.java:38)
	at com.sun.proxy.$Proxy13.click(Unknown Source)
	at com.amazon.pages.LoginPage.ClickContinueButton(LoginPage.java:66)
	at com.amazontest.LoginPageValidations.validateUserBeingAbleToTypePassword(LoginPageValidations.java:48)
	at java.base/java.util.ArrayList.forEach(ArrayList.java:1541)
... Removed 35 stack frames</div></td></tr></table><p class="totop"><a href="#summary">back to summary</a></p>
<h3 id="m7">com.amazontest.LoginPageValidations#validateUserNotBeingAbleToLoginWithInvalidPassword</h3><table class="result"><tr><th>Exception</th></tr><tr><td><div class="stacktrace">org.openqa.selenium.NoSuchElementException: no such element: Unable to locate element: {&quot;method&quot;:&quot;css selector&quot;,&quot;selector&quot;:&quot;#continue&quot;}
  (Session info: chrome=87.0.4280.66)
For documentation on this error, please visit: https://www.seleniumhq.org/exceptions/no_such_element.html
Build info: version: &apos;3.141.59&apos;, revision: &apos;e82be7d358&apos;, time: &apos;2018-11-14T08:17:03&apos;
System info: host: &apos;DESKTOP-DVMI27D&apos;, ip: &apos;192.168.64.1&apos;, os.name: &apos;Windows 10&apos;, os.arch: &apos;amd64&apos;, os.version: &apos;10.0&apos;, java.version: &apos;11.0.8&apos;
Driver info: org.openqa.selenium.chrome.ChromeDriver
Capabilities {acceptInsecureCerts: false, browserName: chrome, browserVersion: 87.0.4280.66, chrome: {chromedriverVersion: 86.0.4240.22 (398b0743353ff..., userDataDir: C:\Users\temp\AppData\Local...}, goog:chromeOptions: {debuggerAddress: localhost:52220}, javascriptEnabled: true, networkConnectionEnabled: false, pageLoadStrategy: normal, platform: WINDOWS, platformName: WINDOWS, proxy: Proxy(), setWindowRect: true, strictFileInteractability: false, timeouts: {implicit: 0, pageLoad: 300000, script: 30000}, unhandledPromptBehavior: dismiss and notify, webauthn:virtualAuthenticators: true}
Session ID: ff6ad0cb08327ac49080b8d99b510d3b
*** Element info: {Using=id, value=continue}
	at org.openqa.selenium.remote.http.W3CHttpResponseCodec.createException(W3CHttpResponseCodec.java:187)
	at org.openqa.selenium.remote.http.W3CHttpResponseCodec.decode(W3CHttpResponseCodec.java:122)
	at org.openqa.selenium.remote.http.W3CHttpResponseCodec.decode(W3CHttpResponseCodec.java:49)
	at org.openqa.selenium.remote.HttpCommandExecutor.execute(HttpCommandExecutor.java:158)
	at org.openqa.selenium.remote.service.DriverCommandExecutor.execute(DriverCommandExecutor.java:83)
	at org.openqa.selenium.remote.RemoteWebDriver.execute(RemoteWebDriver.java:552)
	at org.openqa.selenium.remote.RemoteWebDriver.findElement(RemoteWebDriver.java:323)
	at org.openqa.selenium.remote.RemoteWebDriver.findElementById(RemoteWebDriver.java:372)
	at org.openqa.selenium.By$ById.findElement(By.java:188)
	at org.openqa.selenium.remote.RemoteWebDriver.findElement(RemoteWebDriver.java:315)
	at org.openqa.selenium.support.pagefactory.DefaultElementLocator.findElement(DefaultElementLocator.java:69)
	at org.openqa.selenium.support.pagefactory.internal.LocatingElementHandler.invoke(LocatingElementHandler.java:38)
	at com.sun.proxy.$Proxy13.click(Unknown Source)
	at com.amazon.pages.LoginPage.ClickContinueButton(LoginPage.java:66)
	at com.amazontest.LoginPageValidations.validateUserNotBeingAbleToLoginWithInvalidPassword(LoginPageValidations.java:60)
	at java.base/java.util.ArrayList.forEach(ArrayList.java:1541)
... Removed 35 stack frames</div></td></tr></table><p class="totop"><a href="#summary">back to summary</a></p>
<h3 id="m8">com.amazontest.FindAGiftValidations#afterEachTestMethod</h3><table class="result"><tr><th class="invisible"/></tr></table><p class="totop"><a href="#summary">back to summary</a></p>
<h3 id="m9">com.amazontest.FindAGiftValidations#afterEachTestMethod</h3><table class="result"><tr><th class="invisible"/></tr></table><p class="totop"><a href="#summary">back to summary</a></p>
<h3 id="m10">com.amazontest.FindAGiftValidations#cleanUp</h3><table class="result"><tr><th class="invisible"/></tr></table><p class="totop"><a href="#summary">back to summary</a></p>
<h3 id="m11">com.amazontest.FindAGiftValidations#cleanUp</h3><table class="result"><tr><th class="invisible"/></tr></table><p class="totop"><a href="#summary">back to summary</a></p>
<h3 id="m12">com.amazontest.FindAGiftValidations#setupDriver</h3><table class="result"><tr><th class="invisible"/></tr></table><p class="totop"><a href="#summary">back to summary</a></p>
<h3 id="m13">com.amazontest.FindAGiftValidations#startExtent</h3><table class="result"><tr><th class="invisible"/></tr></table><p class="totop"><a href="#summary">back to summary</a></p>
<h3 id="m14">com.amazontest.FindAGiftValidations#startExtent</h3><table class="result"><tr><th class="invisible"/></tr></table><p class="totop"><a href="#summary">back to summary</a></p>
<h3 id="m15">com.amazontest.LoginPageValidations#cleanUp</h3><table class="result"><tr><th class="invisible"/></tr></table><p class="totop"><a href="#summary">back to summary</a></p>
<h3 id="m16">com.amazontest.WholeFoodsValidations#afterEachTestMethod</h3><table class="result"><tr><th class="invisible"/></tr></table><p class="totop"><a href="#summary">back to summary</a></p>
<h3 id="m17">com.amazontest.WholeFoodsValidations#cleanUp</h3><table class="result"><tr><th class="invisible"/></tr></table><p class="totop"><a href="#summary">back to summary</a></p>
<h3 id="m18">com.amazontest.WholeFoodsValidations#startExtent</h3><table class="result"><tr><th class="invisible"/></tr></table><p class="totop"><a href="#summary">back to summary</a></p>
<h3 id="m19">com.amazontest.FindAGiftValidations#validateUserBeingAbleToClickOnElectronicGifts</h3><table class="result"><tr><th>Exception</th></tr><tr><td><div class="stacktrace">org.openqa.selenium.SessionNotCreatedException: session not created
from chrome not reachable
  (Session info: chrome=87.0.4280.66)
Build info: version: &apos;3.141.59&apos;, revision: &apos;e82be7d358&apos;, time: &apos;2018-11-14T08:17:03&apos;
System info: host: &apos;DESKTOP-DVMI27D&apos;, ip: &apos;192.168.64.1&apos;, os.name: &apos;Windows 10&apos;, os.arch: &apos;amd64&apos;, os.version: &apos;10.0&apos;, java.version: &apos;11.0.8&apos;
Driver info: driver.version: ChromeDriver
remote stacktrace: Backtrace:
	Ordinal0 [0x005AC013+3194899]
	Ordinal0 [0x00496021+2056225]
	Ordinal0 [0x0032F4B0+586928]
	Ordinal0 [0x00325894+546964]
	Ordinal0 [0x00325F2C+548652]
	Ordinal0 [0x00327175+553333]
	Ordinal0 [0x0032241E+533534]
	Ordinal0 [0x00330620+591392]
	Ordinal0 [0x002D2A0C+207372]
	Ordinal0 [0x002D1D0D+204045]
	Ordinal0 [0x002CFC1B+195611]
	Ordinal0 [0x002B3B7F+80767]
	Ordinal0 [0x002B4B4E+84814]
	Ordinal0 [0x002B4AD9+84697]
	Ordinal0 [0x004ACE64+2149988]
	GetHandleVerifier [0x0071BE95+1400773]
	GetHandleVerifier [0x0071BB61+1399953]
	GetHandleVerifier [0x007231FA+1430314]
	GetHandleVerifier [0x0071C69F+1402831]
	Ordinal0 [0x004A3D61+2112865]
	Ordinal0 [0x004AE5CB+2155979]
	Ordinal0 [0x004AE6F5+2156277]
	Ordinal0 [0x004BF26E+2224750]
	BaseThreadInitThunk [0x761A6359+25]
	RtlGetAppContainerNamedObjectPath [0x77BA8944+228]
	RtlGetAppContainerNamedObjectPath [0x77BA8914+180]

	at org.openqa.selenium.remote.W3CHandshakeResponse.lambda$errorHandler$0(W3CHandshakeResponse.java:62)
	at org.openqa.selenium.remote.HandshakeResponse.lambda$getResponseFunction$0(HandshakeResponse.java:30)
	at org.openqa.selenium.remote.ProtocolHandshake.lambda$createSession$0(ProtocolHandshake.java:126)
	at java.base/java.util.stream.ReferencePipeline$3$1.accept(ReferencePipeline.java:195)
	at java.base/java.util.Spliterators$ArraySpliterator.tryAdvance(Spliterators.java:958)
	at java.base/java.util.stream.ReferencePipeline.forEachWithCancel(ReferencePipeline.java:127)
	at java.base/java.util.stream.AbstractPipeline.copyIntoWithCancel(AbstractPipeline.java:502)
	at java.base/java.util.stream.AbstractPipeline.copyInto(AbstractPipeline.java:488)
	at java.base/java.util.stream.AbstractPipeline.wrapAndCopyInto(AbstractPipeline.java:474)
	at java.base/java.util.stream.FindOps$FindOp.evaluateSequential(FindOps.java:150)
	at java.base/java.util.stream.AbstractPipeline.evaluate(AbstractPipeline.java:234)
	at java.base/java.util.stream.ReferencePipeline.findFirst(ReferencePipeline.java:543)
	at org.openqa.selenium.remote.ProtocolHandshake.createSession(ProtocolHandshake.java:128)
	at org.openqa.selenium.remote.ProtocolHandshake.createSession(ProtocolHandshake.java:74)
	at org.openqa.selenium.remote.HttpCommandExecutor.execute(HttpCommandExecutor.java:136)
	at org.openqa.selenium.remote.service.DriverCommandExecutor.execute(DriverCommandExecutor.java:83)
	at org.openqa.selenium.remote.RemoteWebDriver.execute(RemoteWebDriver.java:552)
	at org.openqa.selenium.remote.RemoteWebDriver.startSession(RemoteWebDriver.java:213)
	at org.openqa.selenium.remote.RemoteWebDriver.&lt;init&gt;(RemoteWebDriver.java:131)
	at org.openqa.selenium.chrome.ChromeDriver.&lt;init&gt;(ChromeDriver.java:181)
	at org.openqa.selenium.chrome.ChromeDriver.&lt;init&gt;(ChromeDriver.java:168)
	at org.openqa.selenium.chrome.ChromeDriver.&lt;init&gt;(ChromeDriver.java:123)
	at pnt.automation.base.TestBase.getLocalDriver(TestBase.java:81)
	at pnt.automation.base.TestBase.setupDriver(TestBase.java:64)
	at java.base/java.util.ArrayList.forEach(ArrayList.java:1541)
... Removed 38 stack frames</div></td></tr></table><p class="totop"><a href="#summary">back to summary</a></p>
<h3 id="m20">com.amazontest.FindAGiftValidations#validateUserBeingAbleToClickOnShopAllHolidaysGifts</h3><table class="result"><tr><th>Exception</th></tr><tr><td><div class="stacktrace">org.openqa.selenium.SessionNotCreatedException: session not created
from chrome not reachable
  (Session info: chrome=87.0.4280.66)
Build info: version: &apos;3.141.59&apos;, revision: &apos;e82be7d358&apos;, time: &apos;2018-11-14T08:17:03&apos;
System info: host: &apos;DESKTOP-DVMI27D&apos;, ip: &apos;192.168.64.1&apos;, os.name: &apos;Windows 10&apos;, os.arch: &apos;amd64&apos;, os.version: &apos;10.0&apos;, java.version: &apos;11.0.8&apos;
Driver info: driver.version: ChromeDriver
remote stacktrace: Backtrace:
	Ordinal0 [0x005AC013+3194899]
	Ordinal0 [0x00496021+2056225]
	Ordinal0 [0x0032F4B0+586928]
	Ordinal0 [0x00325894+546964]
	Ordinal0 [0x00325F2C+548652]
	Ordinal0 [0x00327175+553333]
	Ordinal0 [0x0032241E+533534]
	Ordinal0 [0x00330620+591392]
	Ordinal0 [0x002D2A0C+207372]
	Ordinal0 [0x002D1D0D+204045]
	Ordinal0 [0x002CFC1B+195611]
	Ordinal0 [0x002B3B7F+80767]
	Ordinal0 [0x002B4B4E+84814]
	Ordinal0 [0x002B4AD9+84697]
	Ordinal0 [0x004ACE64+2149988]
	GetHandleVerifier [0x0071BE95+1400773]
	GetHandleVerifier [0x0071BB61+1399953]
	GetHandleVerifier [0x007231FA+1430314]
	GetHandleVerifier [0x0071C69F+1402831]
	Ordinal0 [0x004A3D61+2112865]
	Ordinal0 [0x004AE5CB+2155979]
	Ordinal0 [0x004AE6F5+2156277]
	Ordinal0 [0x004BF26E+2224750]
	BaseThreadInitThunk [0x761A6359+25]
	RtlGetAppContainerNamedObjectPath [0x77BA8944+228]
	RtlGetAppContainerNamedObjectPath [0x77BA8914+180]

	at org.openqa.selenium.remote.W3CHandshakeResponse.lambda$errorHandler$0(W3CHandshakeResponse.java:62)
	at org.openqa.selenium.remote.HandshakeResponse.lambda$getResponseFunction$0(HandshakeResponse.java:30)
	at org.openqa.selenium.remote.ProtocolHandshake.lambda$createSession$0(ProtocolHandshake.java:126)
	at java.base/java.util.stream.ReferencePipeline$3$1.accept(ReferencePipeline.java:195)
	at java.base/java.util.Spliterators$ArraySpliterator.tryAdvance(Spliterators.java:958)
	at java.base/java.util.stream.ReferencePipeline.forEachWithCancel(ReferencePipeline.java:127)
	at java.base/java.util.stream.AbstractPipeline.copyIntoWithCancel(AbstractPipeline.java:502)
	at java.base/java.util.stream.AbstractPipeline.copyInto(AbstractPipeline.java:488)
	at java.base/java.util.stream.AbstractPipeline.wrapAndCopyInto(AbstractPipeline.java:474)
	at java.base/java.util.stream.FindOps$FindOp.evaluateSequential(FindOps.java:150)
	at java.base/java.util.stream.AbstractPipeline.evaluate(AbstractPipeline.java:234)
	at java.base/java.util.stream.ReferencePipeline.findFirst(ReferencePipeline.java:543)
	at org.openqa.selenium.remote.ProtocolHandshake.createSession(ProtocolHandshake.java:128)
	at org.openqa.selenium.remote.ProtocolHandshake.createSession(ProtocolHandshake.java:74)
	at org.openqa.selenium.remote.HttpCommandExecutor.execute(HttpCommandExecutor.java:136)
	at org.openqa.selenium.remote.service.DriverCommandExecutor.execute(DriverCommandExecutor.java:83)
	at org.openqa.selenium.remote.RemoteWebDriver.execute(RemoteWebDriver.java:552)
	at org.openqa.selenium.remote.RemoteWebDriver.startSession(RemoteWebDriver.java:213)
	at org.openqa.selenium.remote.RemoteWebDriver.&lt;init&gt;(RemoteWebDriver.java:131)
	at org.openqa.selenium.chrome.ChromeDriver.&lt;init&gt;(ChromeDriver.java:181)
	at org.openqa.selenium.chrome.ChromeDriver.&lt;init&gt;(ChromeDriver.java:168)
	at org.openqa.selenium.chrome.ChromeDriver.&lt;init&gt;(ChromeDriver.java:123)
	at pnt.automation.base.TestBase.getLocalDriver(TestBase.java:81)
	at pnt.automation.base.TestBase.setupDriver(TestBase.java:64)
	at java.base/java.util.ArrayList.forEach(ArrayList.java:1541)
... Removed 38 stack frames</div></td></tr></table><p class="totop"><a href="#summary">back to summary</a></p>
<h3 id="m21">com.amazontest.WholeFoodsValidations#validateUserBeingAbleToClickOnPastPurchacesTAb</h3><table class="result"><tr><th>Exception</th></tr><tr><td><div class="stacktrace">org.openqa.selenium.WebDriverException: chrome not reachable
  (Session info: chrome=87.0.4280.66)
Build info: version: &apos;3.141.59&apos;, revision: &apos;e82be7d358&apos;, time: &apos;2018-11-14T08:17:03&apos;
System info: host: &apos;DESKTOP-DVMI27D&apos;, ip: &apos;192.168.64.1&apos;, os.name: &apos;Windows 10&apos;, os.arch: &apos;amd64&apos;, os.version: &apos;10.0&apos;, java.version: &apos;11.0.8&apos;
Driver info: org.openqa.selenium.chrome.ChromeDriver
Capabilities {acceptInsecureCerts: false, browserName: chrome, browserVersion: 87.0.4280.66, chrome: {chromedriverVersion: 86.0.4240.22 (398b0743353ff..., userDataDir: C:\Users\temp\AppData\Local...}, goog:chromeOptions: {debuggerAddress: localhost:53156}, javascriptEnabled: true, networkConnectionEnabled: false, pageLoadStrategy: normal, platform: WINDOWS, platformName: WINDOWS, proxy: Proxy(), setWindowRect: true, strictFileInteractability: false, timeouts: {implicit: 0, pageLoad: 300000, script: 30000}, unhandledPromptBehavior: dismiss and notify, webauthn:virtualAuthenticators: true}
Session ID: 610588ac6a67df67f6472a381aa4dd9f
	at org.openqa.selenium.remote.http.W3CHttpResponseCodec.createException(W3CHttpResponseCodec.java:187)
	at org.openqa.selenium.remote.http.W3CHttpResponseCodec.decode(W3CHttpResponseCodec.java:122)
	at org.openqa.selenium.remote.http.W3CHttpResponseCodec.decode(W3CHttpResponseCodec.java:49)
	at org.openqa.selenium.remote.HttpCommandExecutor.execute(HttpCommandExecutor.java:158)
	at org.openqa.selenium.remote.service.DriverCommandExecutor.execute(DriverCommandExecutor.java:83)
	at org.openqa.selenium.remote.RemoteWebDriver.execute(RemoteWebDriver.java:552)
	at org.openqa.selenium.remote.RemoteWebDriver.get(RemoteWebDriver.java:277)
	at pnt.automation.base.TestBase.setupDriver(TestBase.java:66)
	at java.base/java.util.ArrayList.forEach(ArrayList.java:1541)
... Removed 38 stack frames</div></td></tr></table><p class="totop"><a href="#summary">back to summary</a></p>
<h3 id="m22">com.amazontest.CustomerServiceValidations#validateUserBeingAbleToClickOnDigitalServicesAndDeviceSupportTab</h3><table class="result"><tr><th class="invisible"/></tr></table><p class="totop"><a href="#summary">back to summary</a></p>
<h3 id="m23">com.amazontest.CustomerServiceValidations#validateUserBeingAbleToClickOnGetProductHelp</h3><table class="result"><tr><th class="invisible"/></tr></table><p class="totop"><a href="#summary">back to summary</a></p>
<h3 id="m24">com.amazontest.CustomerServiceValidations#validateUserBeingAbleToClickOnManagePrimeTab</h3><table class="result"><tr><th class="invisible"/></tr></table><p class="totop"><a href="#summary">back to summary</a></p>
<h3 id="m25">com.amazontest.CustomerServiceValidations#validateUserBeingAbleToClickOnPaymentsAndGifCardTab</h3><table class="result"><tr><th class="invisible"/></tr></table><p class="totop"><a href="#summary">back to summary</a></p>
<h3 id="m26">com.amazontest.CustomerServiceValidations#validateUserBeingAbleToClickOnReturnsandRefunds</h3><table class="result"><tr><th class="invisible"/></tr></table><p class="totop"><a href="#summary">back to summary</a></p>
<h3 id="m27">com.amazontest.CustomerServiceValidations#validateUserBeingAbleToClickOnYourOrdersTab</h3><table class="result"><tr><th class="invisible"/></tr></table><p class="totop"><a href="#summary">back to summary</a></p>
<h3 id="m28">com.amazontest.CustomerServiceValidations#validateUserBeingAbleToClickYourAccountTab</h3><table class="result"><tr><th class="invisible"/></tr></table><p class="totop"><a href="#summary">back to summary</a></p>
<h3 id="m29">com.amazontest.HomePageValidations#ValidateUserBeingAbleToClickOnTodaysAmazonBasics</h3><table class="result"><tr><th class="invisible"/></tr></table><p class="totop"><a href="#summary">back to summary</a></p>
<h3 id="m30">com.amazontest.HomePageValidations#validateUSerBeenAbleToClickOnCustomerServiceButton</h3><table class="result"><tr><th class="invisible"/></tr></table><p class="totop"><a href="#summary">back to summary</a></p>
<h3 id="m31">com.amazontest.HomePageValidations#validateUSerBeenAbleToClickOnFindAGiftTAb</h3><table class="result"><tr><th class="invisible"/></tr></table><p class="totop"><a href="#summary">back to summary</a></p>
<h3 id="m32">com.amazontest.HomePageValidations#validateUSerBeenAbleToClickOnWholeFoodTab</h3><table class="result"><tr><th class="invisible"/></tr></table><p class="totop"><a href="#summary">back to summary</a></p>
<h3 id="m33">com.amazontest.HomePageValidations#validateUSerBeenAbleToMouseHoverHelloSignInButtonAndClickOnSignInButton</h3><table class="result"><tr><th class="invisible"/></tr></table><p class="totop"><a href="#summary">back to summary</a></p>
<h3 id="m34">com.amazontest.HomePageValidations#validateUSerBeenAbleToRefreshHomePage</h3><table class="result"><tr><th class="invisible"/></tr></table><p class="totop"><a href="#summary">back to summary</a></p>
<h3 id="m35">com.amazontest.HomePageValidations#validateUserBeingAbleToClickOnDropDownAndSelectAmazonPharmacy</h3><table class="result"><tr><th class="invisible"/></tr></table><p class="totop"><a href="#summary">back to summary</a></p>
<h3 id="m36">com.amazontest.HomePageValidations#validateUserBeingAbleToTypeOnSearchBar</h3><table class="result"><tr><th>Messages</th></tr><tr><td><div class="messages"><<<<<<<Iphones have been Typed>>>>>>><br></div></td></tr></table><p class="totop"><a href="#summary">back to summary</a></p>
<h3 id="m37">com.amazontest.LoginPageValidations#validateUserBeingAbleToCreateAnAccountAndRegister</h3><table class="result"><tr><th class="invisible"/></tr></table><p class="totop"><a href="#summary">back to summary</a></p>
<h3 id="m38">com.amazontest.LoginPageValidations#validateUserBeingAbleToTypeInEmailAddress</h3><table class="result"><tr><th class="invisible"/></tr></table><p class="totop"><a href="#summary">back to summary</a></p>
<h3 id="m39">com.amazontest.WholeFoodsValidations#validateUserBeingAbleToClickAlexaListTab</h3><table class="result"><tr><th class="invisible"/></tr></table><p class="totop"><a href="#summary">back to summary</a></p>
<h3 id="m40">com.amazontest.WholeFoodsValidations#validateUserBeingAbleToClickOnDealsTab</h3><table class="result"><tr><th class="invisible"/></tr></table><p class="totop"><a href="#summary">back to summary</a></p>
</body>
</html>
