<?xml version="1.0" encoding="UTF-8"?>
<testng-results ignored="9" total="36" passed="19" failed="5" skipped="3">
  <reporter-output>
    <line>
      <![CDATA[Extent Report DirectoryC:\Users\temp\IdeaProjects\Group3Project\amazon\target\surefire-reports\html]]>
    </line>
    <line>
      <![CDATA[<<<<<<<Iphones have been Typed>>>>>>><br>]]>
    </line>
  </reporter-output>
  <suite started-at="2020-12-03T15:53:07 EST" name="Selenium Test Suite" finished-at="2020-12-03T16:03:56 EST" duration-ms="649037">
    <groups>
    </groups>
    <test started-at="2020-12-03T15:53:07 EST" name="Automation tests" finished-at="2020-12-03T16:03:56 EST" duration-ms="649037">
      <class name="com.amazontest.WholeFoodsValidations">
        <test-method is-config="true" signature="setupDriver(java.lang.String, java.lang.String, java.lang.String, boolean, java.lang.String, java.lang.String)[pri:0, instance:com.amazontest.WholeFoodsValidations@5bf0fe62]" started-at="2020-12-03T16:02:33 EST" name="setupDriver" finished-at="2020-12-03T16:02:44 EST" duration-ms="11040" status="PASS">
          <params>
            <param index="0">
              <value>
                <![CDATA[windows]]>
              </value>
            </param>
            <param index="1">
              <value>
                <![CDATA[https://www.amazon.com]]>
              </value>
            </param>
            <param index="2">
              <value>
                <![CDATA[chrome]]>
              </value>
            </param>
            <param index="3">
              <value>
                <![CDATA[false]]>
              </value>
            </param>
            <param index="4">
              <value>
                <![CDATA[87.0.4280.66]]>
              </value>
            </param>
            <param index="5">
              <value>
                <![CDATA[browserstack]]>
              </value>
            </param>
          </params>
          <reporter-output>
          </reporter-output>
        </test-method> <!-- setupDriver -->
        <test-method is-config="true" signature="startExtent(java.lang.reflect.Method)[pri:0, instance:com.amazontest.WholeFoodsValidations@5bf0fe62]" started-at="2020-12-03T16:02:44 EST" name="startExtent" finished-at="2020-12-03T16:02:44 EST" duration-ms="1" status="PASS">
          <params>
            <param index="0">
              <value>
                <![CDATA[public void com.amazontest.WholeFoodsValidations.validateUserBeingAbleToClickAlexaListTab()]]>
              </value>
            </param>
          </params>
          <reporter-output>
          </reporter-output>
        </test-method> <!-- startExtent -->
        <test-method signature="validateUserBeingAbleToClickAlexaListTab()[pri:0, instance:com.amazontest.WholeFoodsValidations@5bf0fe62]" started-at="2020-12-03T16:02:44 EST" name="validateUserBeingAbleToClickAlexaListTab" finished-at="2020-12-03T16:02:48 EST" duration-ms="3902" status="PASS">
          <reporter-output>
          </reporter-output>
        </test-method> <!-- validateUserBeingAbleToClickAlexaListTab -->
        <test-method is-config="true" signature="afterEachTestMethod(org.testng.ITestResult)[pri:0, instance:com.amazontest.WholeFoodsValidations@5bf0fe62]" started-at="2020-12-03T16:02:48 EST" name="afterEachTestMethod" finished-at="2020-12-03T16:02:48 EST" duration-ms="61" status="PASS">
          <params>
            <param index="0">
              <value>
                <![CDATA[[TestResult name=validateUserBeingAbleToClickAlexaListTab status=SUCCESS method=WholeFoodsValidations.validateUserBeingAbleToClickAlexaListTab()[pri:0, instance:com.amazontest.WholeFoodsValidations@5bf0fe62] output={null}]]]>
              </value>
            </param>
          </params>
          <reporter-output>
          </reporter-output>
        </test-method> <!-- afterEachTestMethod -->
        <test-method is-config="true" signature="cleanUp()[pri:0, instance:com.amazontest.WholeFoodsValidations@5bf0fe62]" started-at="2020-12-03T16:02:48 EST" name="cleanUp" finished-at="2020-12-03T16:02:49 EST" duration-ms="897" status="PASS">
          <reporter-output>
          </reporter-output>
        </test-method> <!-- cleanUp -->
        <test-method is-config="true" signature="setupDriver(java.lang.String, java.lang.String, java.lang.String, boolean, java.lang.String, java.lang.String)[pri:0, instance:com.amazontest.WholeFoodsValidations@5bf0fe62]" started-at="2020-12-03T16:02:49 EST" name="setupDriver" finished-at="2020-12-03T16:03:00 EST" duration-ms="11005" status="PASS">
          <params>
            <param index="0">
              <value>
                <![CDATA[windows]]>
              </value>
            </param>
            <param index="1">
              <value>
                <![CDATA[https://www.amazon.com]]>
              </value>
            </param>
            <param index="2">
              <value>
                <![CDATA[chrome]]>
              </value>
            </param>
            <param index="3">
              <value>
                <![CDATA[false]]>
              </value>
            </param>
            <param index="4">
              <value>
                <![CDATA[87.0.4280.66]]>
              </value>
            </param>
            <param index="5">
              <value>
                <![CDATA[browserstack]]>
              </value>
            </param>
          </params>
          <reporter-output>
          </reporter-output>
        </test-method> <!-- setupDriver -->
        <test-method is-config="true" signature="startExtent(java.lang.reflect.Method)[pri:0, instance:com.amazontest.WholeFoodsValidations@5bf0fe62]" started-at="2020-12-03T16:03:00 EST" name="startExtent" finished-at="2020-12-03T16:03:00 EST" duration-ms="0" status="PASS">
          <params>
            <param index="0">
              <value>
                <![CDATA[public void com.amazontest.WholeFoodsValidations.validateUserBeingAbleToClickOnDealsTab()]]>
              </value>
            </param>
          </params>
          <reporter-output>
          </reporter-output>
        </test-method> <!-- startExtent -->
        <test-method signature="validateUserBeingAbleToClickOnDealsTab()[pri:0, instance:com.amazontest.WholeFoodsValidations@5bf0fe62]" started-at="2020-12-03T16:03:00 EST" name="validateUserBeingAbleToClickOnDealsTab" finished-at="2020-12-03T16:03:06 EST" duration-ms="5782" status="PASS">
          <reporter-output>
          </reporter-output>
        </test-method> <!-- validateUserBeingAbleToClickOnDealsTab -->
        <test-method is-config="true" signature="afterEachTestMethod(org.testng.ITestResult)[pri:0, instance:com.amazontest.WholeFoodsValidations@5bf0fe62]" started-at="2020-12-03T16:03:06 EST" name="afterEachTestMethod" finished-at="2020-12-03T16:03:06 EST" duration-ms="47" status="PASS">
          <params>
            <param index="0">
              <value>
                <![CDATA[[TestResult name=validateUserBeingAbleToClickOnDealsTab status=SUCCESS method=WholeFoodsValidations.validateUserBeingAbleToClickOnDealsTab()[pri:0, instance:com.amazontest.WholeFoodsValidations@5bf0fe62] output={null}]]]>
              </value>
            </param>
          </params>
          <reporter-output>
          </reporter-output>
        </test-method> <!-- afterEachTestMethod -->
        <test-method is-config="true" signature="cleanUp()[pri:0, instance:com.amazontest.WholeFoodsValidations@5bf0fe62]" started-at="2020-12-03T16:03:06 EST" name="cleanUp" finished-at="2020-12-03T16:03:07 EST" duration-ms="804" status="PASS">
          <reporter-output>
          </reporter-output>
        </test-method> <!-- cleanUp -->
        <test-method is-config="true" signature="setupDriver(java.lang.String, java.lang.String, java.lang.String, boolean, java.lang.String, java.lang.String)[pri:0, instance:com.amazontest.WholeFoodsValidations@5bf0fe62]" started-at="2020-12-03T16:03:07 EST" name="setupDriver" finished-at="2020-12-03T16:03:42 EST" duration-ms="35558" status="FAIL">
          <params>
            <param index="0">
              <value>
                <![CDATA[windows]]>
              </value>
            </param>
            <param index="1">
              <value>
                <![CDATA[https://www.amazon.com]]>
              </value>
            </param>
            <param index="2">
              <value>
                <![CDATA[chrome]]>
              </value>
            </param>
            <param index="3">
              <value>
                <![CDATA[false]]>
              </value>
            </param>
            <param index="4">
              <value>
                <![CDATA[87.0.4280.66]]>
              </value>
            </param>
            <param index="5">
              <value>
                <![CDATA[browserstack]]>
              </value>
            </param>
          </params>
          <exception class="org.openqa.selenium.WebDriverException">
            <message>
              <![CDATA[chrome not reachable
  (Session info: chrome=87.0.4280.66)
Build info: version: '3.141.59', revision: 'e82be7d358', time: '2018-11-14T08:17:03'
System info: host: 'DESKTOP-DVMI27D', ip: '192.168.64.1', os.name: 'Windows 10', os.arch: 'amd64', os.version: '10.0', java.version: '11.0.8'
Driver info: org.openqa.selenium.chrome.ChromeDriver
Capabilities {acceptInsecureCerts: false, browserName: chrome, browserVersion: 87.0.4280.66, chrome: {chromedriverVersion: 86.0.4240.22 (398b0743353ff..., userDataDir: C:\Users\temp\AppData\Local...}, goog:chromeOptions: {debuggerAddress: localhost:53156}, javascriptEnabled: true, networkConnectionEnabled: false, pageLoadStrategy: normal, platform: WINDOWS, platformName: WINDOWS, proxy: Proxy(), setWindowRect: true, strictFileInteractability: false, timeouts: {implicit: 0, pageLoad: 300000, script: 30000}, unhandledPromptBehavior: dismiss and notify, webauthn:virtualAuthenticators: true}
Session ID: 610588ac6a67df67f6472a381aa4dd9f]]>
            </message>
            <full-stacktrace>
              <![CDATA[org.openqa.selenium.WebDriverException: chrome not reachable
  (Session info: chrome=87.0.4280.66)
Build info: version: '3.141.59', revision: 'e82be7d358', time: '2018-11-14T08:17:03'
System info: host: 'DESKTOP-DVMI27D', ip: '192.168.64.1', os.name: 'Windows 10', os.arch: 'amd64', os.version: '10.0', java.version: '11.0.8'
Driver info: org.openqa.selenium.chrome.ChromeDriver
Capabilities {acceptInsecureCerts: false, browserName: chrome, browserVersion: 87.0.4280.66, chrome: {chromedriverVersion: 86.0.4240.22 (398b0743353ff..., userDataDir: C:\Users\temp\AppData\Local...}, goog:chromeOptions: {debuggerAddress: localhost:53156}, javascriptEnabled: true, networkConnectionEnabled: false, pageLoadStrategy: normal, platform: WINDOWS, platformName: WINDOWS, proxy: Proxy(), setWindowRect: true, strictFileInteractability: false, timeouts: {implicit: 0, pageLoad: 300000, script: 30000}, unhandledPromptBehavior: dismiss and notify, webauthn:virtualAuthenticators: true}
Session ID: 610588ac6a67df67f6472a381aa4dd9f
at java.base/jdk.internal.reflect.NativeConstructorAccessorImpl.newInstance0(Native Method)
at java.base/jdk.internal.reflect.NativeConstructorAccessorImpl.newInstance(NativeConstructorAccessorImpl.java:62)
at java.base/jdk.internal.reflect.DelegatingConstructorAccessorImpl.newInstance(DelegatingConstructorAccessorImpl.java:45)
at java.base/java.lang.reflect.Constructor.newInstance(Constructor.java:490)
at org.openqa.selenium.remote.http.W3CHttpResponseCodec.createException(W3CHttpResponseCodec.java:187)
at org.openqa.selenium.remote.http.W3CHttpResponseCodec.decode(W3CHttpResponseCodec.java:122)
at org.openqa.selenium.remote.http.W3CHttpResponseCodec.decode(W3CHttpResponseCodec.java:49)
at org.openqa.selenium.remote.HttpCommandExecutor.execute(HttpCommandExecutor.java:158)
at org.openqa.selenium.remote.service.DriverCommandExecutor.execute(DriverCommandExecutor.java:83)
at org.openqa.selenium.remote.RemoteWebDriver.execute(RemoteWebDriver.java:552)
at org.openqa.selenium.remote.RemoteWebDriver.get(RemoteWebDriver.java:277)
at pnt.automation.base.TestBase.setupDriver(TestBase.java:66)
at jdk.internal.reflect.GeneratedMethodAccessor31.invoke(Unknown Source)
at java.base/jdk.internal.reflect.DelegatingMethodAccessorImpl.invoke(DelegatingMethodAccessorImpl.java:43)
at java.base/java.lang.reflect.Method.invoke(Method.java:566)
at org.testng.internal.MethodInvocationHelper.invokeMethod(MethodInvocationHelper.java:132)
at org.testng.internal.MethodInvocationHelper.invokeMethodConsideringTimeout(MethodInvocationHelper.java:61)
at org.testng.internal.ConfigInvoker.invokeConfigurationMethod(ConfigInvoker.java:366)
at org.testng.internal.ConfigInvoker.invokeConfigurations(ConfigInvoker.java:320)
at org.testng.internal.TestInvoker.runConfigMethods(TestInvoker.java:701)
at org.testng.internal.TestInvoker.invokeMethod(TestInvoker.java:527)
at org.testng.internal.TestInvoker.invokeTestMethod(TestInvoker.java:174)
at org.testng.internal.MethodRunner.runInSequence(MethodRunner.java:46)
at org.testng.internal.TestInvoker$MethodInvocationAgent.invoke(TestInvoker.java:822)
at org.testng.internal.TestInvoker.invokeTestMethods(TestInvoker.java:147)
at org.testng.internal.TestMethodWorker.invokeTestMethods(TestMethodWorker.java:146)
at org.testng.internal.TestMethodWorker.run(TestMethodWorker.java:128)
at java.base/java.util.ArrayList.forEach(ArrayList.java:1541)
at org.testng.TestRunner.privateRun(TestRunner.java:764)
at org.testng.TestRunner.run(TestRunner.java:585)
at org.testng.SuiteRunner.runTest(SuiteRunner.java:384)
at org.testng.SuiteRunner.runSequentially(SuiteRunner.java:378)
at org.testng.SuiteRunner.privateRun(SuiteRunner.java:337)
at org.testng.SuiteRunner.run(SuiteRunner.java:286)
at org.testng.SuiteRunnerWorker.runSuite(SuiteRunnerWorker.java:53)
at org.testng.SuiteRunnerWorker.run(SuiteRunnerWorker.java:96)
at org.testng.TestNG.runSuitesSequentially(TestNG.java:1218)
at org.testng.TestNG.runSuitesLocally(TestNG.java:1140)
at org.testng.TestNG.runSuites(TestNG.java:1069)
at org.testng.TestNG.run(TestNG.java:1037)
at org.apache.maven.surefire.testng.TestNGExecutor.run(TestNGExecutor.java:283)
at org.apache.maven.surefire.testng.TestNGXmlTestSuite.execute(TestNGXmlTestSuite.java:75)
at org.apache.maven.surefire.testng.TestNGProvider.invoke(TestNGProvider.java:120)
at org.apache.maven.surefire.booter.ForkedBooter.invokeProviderInSameClassLoader(ForkedBooter.java:384)
at org.apache.maven.surefire.booter.ForkedBooter.runSuitesInProcess(ForkedBooter.java:345)
at org.apache.maven.surefire.booter.ForkedBooter.execute(ForkedBooter.java:126)
at org.apache.maven.surefire.booter.ForkedBooter.main(ForkedBooter.java:418)
]]>
            </full-stacktrace>
          </exception> <!-- org.openqa.selenium.WebDriverException -->
          <reporter-output>
          </reporter-output>
        </test-method> <!-- setupDriver -->
        <test-method is-config="true" signature="startExtent(java.lang.reflect.Method)[pri:0, instance:com.amazontest.WholeFoodsValidations@5bf0fe62]" started-at="2020-12-03T16:03:42 EST" name="startExtent" finished-at="1969-12-31T19:00:00 EST" duration-ms="-1607029422679" status="SKIP">
          <reporter-output>
          </reporter-output>
        </test-method> <!-- startExtent -->
        <test-method signature="validateUserBeingAbleToClickOnPastPurchacesTAb()[pri:0, instance:com.amazontest.WholeFoodsValidations@5bf0fe62]" started-at="2020-12-03T16:03:42 EST" name="validateUserBeingAbleToClickOnPastPurchacesTAb" finished-at="2020-12-03T16:03:42 EST" duration-ms="0" status="SKIP">
          <exception class="org.openqa.selenium.WebDriverException">
            <message>
              <![CDATA[chrome not reachable
  (Session info: chrome=87.0.4280.66)
Build info: version: '3.141.59', revision: 'e82be7d358', time: '2018-11-14T08:17:03'
System info: host: 'DESKTOP-DVMI27D', ip: '192.168.64.1', os.name: 'Windows 10', os.arch: 'amd64', os.version: '10.0', java.version: '11.0.8'
Driver info: org.openqa.selenium.chrome.ChromeDriver
Capabilities {acceptInsecureCerts: false, browserName: chrome, browserVersion: 87.0.4280.66, chrome: {chromedriverVersion: 86.0.4240.22 (398b0743353ff..., userDataDir: C:\Users\temp\AppData\Local...}, goog:chromeOptions: {debuggerAddress: localhost:53156}, javascriptEnabled: true, networkConnectionEnabled: false, pageLoadStrategy: normal, platform: WINDOWS, platformName: WINDOWS, proxy: Proxy(), setWindowRect: true, strictFileInteractability: false, timeouts: {implicit: 0, pageLoad: 300000, script: 30000}, unhandledPromptBehavior: dismiss and notify, webauthn:virtualAuthenticators: true}
Session ID: 610588ac6a67df67f6472a381aa4dd9f]]>
            </message>
            <full-stacktrace>
              <![CDATA[org.openqa.selenium.WebDriverException: chrome not reachable
  (Session info: chrome=87.0.4280.66)
Build info: version: '3.141.59', revision: 'e82be7d358', time: '2018-11-14T08:17:03'
System info: host: 'DESKTOP-DVMI27D', ip: '192.168.64.1', os.name: 'Windows 10', os.arch: 'amd64', os.version: '10.0', java.version: '11.0.8'
Driver info: org.openqa.selenium.chrome.ChromeDriver
Capabilities {acceptInsecureCerts: false, browserName: chrome, browserVersion: 87.0.4280.66, chrome: {chromedriverVersion: 86.0.4240.22 (398b0743353ff..., userDataDir: C:\Users\temp\AppData\Local...}, goog:chromeOptions: {debuggerAddress: localhost:53156}, javascriptEnabled: true, networkConnectionEnabled: false, pageLoadStrategy: normal, platform: WINDOWS, platformName: WINDOWS, proxy: Proxy(), setWindowRect: true, strictFileInteractability: false, timeouts: {implicit: 0, pageLoad: 300000, script: 30000}, unhandledPromptBehavior: dismiss and notify, webauthn:virtualAuthenticators: true}
Session ID: 610588ac6a67df67f6472a381aa4dd9f
at java.base/jdk.internal.reflect.NativeConstructorAccessorImpl.newInstance0(Native Method)
at java.base/jdk.internal.reflect.NativeConstructorAccessorImpl.newInstance(NativeConstructorAccessorImpl.java:62)
at java.base/jdk.internal.reflect.DelegatingConstructorAccessorImpl.newInstance(DelegatingConstructorAccessorImpl.java:45)
at java.base/java.lang.reflect.Constructor.newInstance(Constructor.java:490)
at org.openqa.selenium.remote.http.W3CHttpResponseCodec.createException(W3CHttpResponseCodec.java:187)
at org.openqa.selenium.remote.http.W3CHttpResponseCodec.decode(W3CHttpResponseCodec.java:122)
at org.openqa.selenium.remote.http.W3CHttpResponseCodec.decode(W3CHttpResponseCodec.java:49)
at org.openqa.selenium.remote.HttpCommandExecutor.execute(HttpCommandExecutor.java:158)
at org.openqa.selenium.remote.service.DriverCommandExecutor.execute(DriverCommandExecutor.java:83)
at org.openqa.selenium.remote.RemoteWebDriver.execute(RemoteWebDriver.java:552)
at org.openqa.selenium.remote.RemoteWebDriver.get(RemoteWebDriver.java:277)
at pnt.automation.base.TestBase.setupDriver(TestBase.java:66)
at jdk.internal.reflect.GeneratedMethodAccessor31.invoke(Unknown Source)
at java.base/jdk.internal.reflect.DelegatingMethodAccessorImpl.invoke(DelegatingMethodAccessorImpl.java:43)
at java.base/java.lang.reflect.Method.invoke(Method.java:566)
at org.testng.internal.MethodInvocationHelper.invokeMethod(MethodInvocationHelper.java:132)
at org.testng.internal.MethodInvocationHelper.invokeMethodConsideringTimeout(MethodInvocationHelper.java:61)
at org.testng.internal.ConfigInvoker.invokeConfigurationMethod(ConfigInvoker.java:366)
at org.testng.internal.ConfigInvoker.invokeConfigurations(ConfigInvoker.java:320)
at org.testng.internal.TestInvoker.runConfigMethods(TestInvoker.java:701)
at org.testng.internal.TestInvoker.invokeMethod(TestInvoker.java:527)
at org.testng.internal.TestInvoker.invokeTestMethod(TestInvoker.java:174)
at org.testng.internal.MethodRunner.runInSequence(MethodRunner.java:46)
at org.testng.internal.TestInvoker$MethodInvocationAgent.invoke(TestInvoker.java:822)
at org.testng.internal.TestInvoker.invokeTestMethods(TestInvoker.java:147)
at org.testng.internal.TestMethodWorker.invokeTestMethods(TestMethodWorker.java:146)
at org.testng.internal.TestMethodWorker.run(TestMethodWorker.java:128)
at java.base/java.util.ArrayList.forEach(ArrayList.java:1541)
at org.testng.TestRunner.privateRun(TestRunner.java:764)
at org.testng.TestRunner.run(TestRunner.java:585)
at org.testng.SuiteRunner.runTest(SuiteRunner.java:384)
at org.testng.SuiteRunner.runSequentially(SuiteRunner.java:378)
at org.testng.SuiteRunner.privateRun(SuiteRunner.java:337)
at org.testng.SuiteRunner.run(SuiteRunner.java:286)
at org.testng.SuiteRunnerWorker.runSuite(SuiteRunnerWorker.java:53)
at org.testng.SuiteRunnerWorker.run(SuiteRunnerWorker.java:96)
at org.testng.TestNG.runSuitesSequentially(TestNG.java:1218)
at org.testng.TestNG.runSuitesLocally(TestNG.java:1140)
at org.testng.TestNG.runSuites(TestNG.java:1069)
at org.testng.TestNG.run(TestNG.java:1037)
at org.apache.maven.surefire.testng.TestNGExecutor.run(TestNGExecutor.java:283)
at org.apache.maven.surefire.testng.TestNGXmlTestSuite.execute(TestNGXmlTestSuite.java:75)
at org.apache.maven.surefire.testng.TestNGProvider.invoke(TestNGProvider.java:120)
at org.apache.maven.surefire.booter.ForkedBooter.invokeProviderInSameClassLoader(ForkedBooter.java:384)
at org.apache.maven.surefire.booter.ForkedBooter.runSuitesInProcess(ForkedBooter.java:345)
at org.apache.maven.surefire.booter.ForkedBooter.execute(ForkedBooter.java:126)
at org.apache.maven.surefire.booter.ForkedBooter.main(ForkedBooter.java:418)
]]>
            </full-stacktrace>
          </exception> <!-- org.openqa.selenium.WebDriverException -->
          <reporter-output>
          </reporter-output>
        </test-method> <!-- validateUserBeingAbleToClickOnPastPurchacesTAb -->
        <test-method is-config="true" signature="afterEachTestMethod(org.testng.ITestResult)[pri:0, instance:com.amazontest.WholeFoodsValidations@5bf0fe62]" started-at="2020-12-03T16:03:42 EST" name="afterEachTestMethod" finished-at="1969-12-31T19:00:00 EST" duration-ms="-1607029422681" status="SKIP">
          <reporter-output>
          </reporter-output>
        </test-method> <!-- afterEachTestMethod -->
        <test-method is-config="true" signature="cleanUp()[pri:0, instance:com.amazontest.WholeFoodsValidations@5bf0fe62]" started-at="2020-12-03T16:03:42 EST" name="cleanUp" finished-at="1969-12-31T19:00:00 EST" duration-ms="-1607029422681" status="SKIP">
          <reporter-output>
          </reporter-output>
        </test-method> <!-- cleanUp -->
      </class> <!-- com.amazontest.WholeFoodsValidations -->
      <class name="com.amazontest.HomePageValidations">
        <test-method is-config="true" signature="extentSetup(org.testng.ITestContext)[pri:0, instance:com.amazontest.HomePageValidations@3cdf2c61]" started-at="2020-12-03T15:53:06 EST" name="extentSetup" finished-at="2020-12-03T15:53:07 EST" duration-ms="164" status="PASS">
          <params>
            <param index="0">
              <value>
                <![CDATA[org.testng.TestRunner@4756e5cc]]>
              </value>
            </param>
          </params>
          <reporter-output>
            <line>
              <![CDATA[Extent Report DirectoryC:\Users\temp\IdeaProjects\Group3Project\amazon\target\surefire-reports\html]]>
            </line>
          </reporter-output>
        </test-method> <!-- extentSetup -->
        <test-method is-config="true" signature="setupDriver(java.lang.String, java.lang.String, java.lang.String, boolean, java.lang.String, java.lang.String)[pri:0, instance:com.amazontest.HomePageValidations@3cdf2c61]" started-at="2020-12-03T15:53:07 EST" name="setupDriver" finished-at="2020-12-03T15:53:18 EST" duration-ms="11852" status="PASS">
          <params>
            <param index="0">
              <value>
                <![CDATA[windows]]>
              </value>
            </param>
            <param index="1">
              <value>
                <![CDATA[https://www.amazon.com]]>
              </value>
            </param>
            <param index="2">
              <value>
                <![CDATA[chrome]]>
              </value>
            </param>
            <param index="3">
              <value>
                <![CDATA[false]]>
              </value>
            </param>
            <param index="4">
              <value>
                <![CDATA[87.0.4280.66]]>
              </value>
            </param>
            <param index="5">
              <value>
                <![CDATA[browserstack]]>
              </value>
            </param>
          </params>
          <reporter-output>
          </reporter-output>
        </test-method> <!-- setupDriver -->
        <test-method is-config="true" signature="startExtent(java.lang.reflect.Method)[pri:0, instance:com.amazontest.HomePageValidations@3cdf2c61]" started-at="2020-12-03T15:53:18 EST" name="startExtent" finished-at="2020-12-03T15:53:18 EST" duration-ms="7" status="PASS">
          <params>
            <param index="0">
              <value>
                <![CDATA[public void com.amazontest.HomePageValidations.ValidateUserBeingAbleToClickOnTodaysAmazonBasics()]]>
              </value>
            </param>
          </params>
          <reporter-output>
          </reporter-output>
        </test-method> <!-- startExtent -->
        <test-method signature="ValidateUserBeingAbleToClickOnTodaysAmazonBasics()[pri:0, instance:com.amazontest.HomePageValidations@3cdf2c61]" started-at="2020-12-03T15:53:18 EST" name="ValidateUserBeingAbleToClickOnTodaysAmazonBasics" finished-at="2020-12-03T15:53:28 EST" duration-ms="9472" status="PASS">
          <reporter-output>
          </reporter-output>
        </test-method> <!-- ValidateUserBeingAbleToClickOnTodaysAmazonBasics -->
        <test-method is-config="true" signature="afterEachTestMethod(org.testng.ITestResult)[pri:0, instance:com.amazontest.HomePageValidations@3cdf2c61]" started-at="2020-12-03T15:53:28 EST" name="afterEachTestMethod" finished-at="2020-12-03T15:53:28 EST" duration-ms="501" status="PASS">
          <params>
            <param index="0">
              <value>
                <![CDATA[[TestResult name=ValidateUserBeingAbleToClickOnTodaysAmazonBasics status=SUCCESS method=HomePageValidations.ValidateUserBeingAbleToClickOnTodaysAmazonBasics()[pri:0, instance:com.amazontest.HomePageValidations@3cdf2c61] output={null}]]]>
              </value>
            </param>
          </params>
          <reporter-output>
          </reporter-output>
        </test-method> <!-- afterEachTestMethod -->
        <test-method is-config="true" signature="cleanUp()[pri:0, instance:com.amazontest.HomePageValidations@3cdf2c61]" started-at="2020-12-03T15:53:28 EST" name="cleanUp" finished-at="2020-12-03T15:53:29 EST" duration-ms="1001" status="PASS">
          <reporter-output>
          </reporter-output>
        </test-method> <!-- cleanUp -->
        <test-method is-config="true" signature="setupDriver(java.lang.String, java.lang.String, java.lang.String, boolean, java.lang.String, java.lang.String)[pri:0, instance:com.amazontest.HomePageValidations@3cdf2c61]" started-at="2020-12-03T15:53:29 EST" name="setupDriver" finished-at="2020-12-03T15:53:41 EST" duration-ms="11375" status="PASS">
          <params>
            <param index="0">
              <value>
                <![CDATA[windows]]>
              </value>
            </param>
            <param index="1">
              <value>
                <![CDATA[https://www.amazon.com]]>
              </value>
            </param>
            <param index="2">
              <value>
                <![CDATA[chrome]]>
              </value>
            </param>
            <param index="3">
              <value>
                <![CDATA[false]]>
              </value>
            </param>
            <param index="4">
              <value>
                <![CDATA[87.0.4280.66]]>
              </value>
            </param>
            <param index="5">
              <value>
                <![CDATA[browserstack]]>
              </value>
            </param>
          </params>
          <reporter-output>
          </reporter-output>
        </test-method> <!-- setupDriver -->
        <test-method is-config="true" signature="startExtent(java.lang.reflect.Method)[pri:0, instance:com.amazontest.HomePageValidations@3cdf2c61]" started-at="2020-12-03T15:53:41 EST" name="startExtent" finished-at="2020-12-03T15:53:41 EST" duration-ms="1" status="PASS">
          <params>
            <param index="0">
              <value>
                <![CDATA[public void com.amazontest.HomePageValidations.validateUSerBeenAbleToClickOnCustomerServiceButton()]]>
              </value>
            </param>
          </params>
          <reporter-output>
          </reporter-output>
        </test-method> <!-- startExtent -->
        <test-method signature="validateUSerBeenAbleToClickOnCustomerServiceButton()[pri:0, instance:com.amazontest.HomePageValidations@3cdf2c61]" started-at="2020-12-03T15:53:41 EST" name="validateUSerBeenAbleToClickOnCustomerServiceButton" finished-at="2020-12-03T15:53:44 EST" duration-ms="2830" status="PASS">
          <reporter-output>
          </reporter-output>
        </test-method> <!-- validateUSerBeenAbleToClickOnCustomerServiceButton -->
        <test-method is-config="true" signature="afterEachTestMethod(org.testng.ITestResult)[pri:0, instance:com.amazontest.HomePageValidations@3cdf2c61]" started-at="2020-12-03T15:53:44 EST" name="afterEachTestMethod" finished-at="2020-12-03T15:53:44 EST" duration-ms="148" status="PASS">
          <params>
            <param index="0">
              <value>
                <![CDATA[[TestResult name=validateUSerBeenAbleToClickOnCustomerServiceButton status=SUCCESS method=HomePageValidations.validateUSerBeenAbleToClickOnCustomerServiceButton()[pri:0, instance:com.amazontest.HomePageValidations@3cdf2c61] output={null}]]]>
              </value>
            </param>
          </params>
          <reporter-output>
          </reporter-output>
        </test-method> <!-- afterEachTestMethod -->
        <test-method is-config="true" signature="cleanUp()[pri:0, instance:com.amazontest.HomePageValidations@3cdf2c61]" started-at="2020-12-03T15:53:44 EST" name="cleanUp" finished-at="2020-12-03T15:53:45 EST" duration-ms="1126" status="PASS">
          <reporter-output>
          </reporter-output>
        </test-method> <!-- cleanUp -->
        <test-method is-config="true" signature="setupDriver(java.lang.String, java.lang.String, java.lang.String, boolean, java.lang.String, java.lang.String)[pri:0, instance:com.amazontest.HomePageValidations@3cdf2c61]" started-at="2020-12-03T15:53:45 EST" name="setupDriver" finished-at="2020-12-03T15:53:55 EST" duration-ms="10577" status="PASS">
          <params>
            <param index="0">
              <value>
                <![CDATA[windows]]>
              </value>
            </param>
            <param index="1">
              <value>
                <![CDATA[https://www.amazon.com]]>
              </value>
            </param>
            <param index="2">
              <value>
                <![CDATA[chrome]]>
              </value>
            </param>
            <param index="3">
              <value>
                <![CDATA[false]]>
              </value>
            </param>
            <param index="4">
              <value>
                <![CDATA[87.0.4280.66]]>
              </value>
            </param>
            <param index="5">
              <value>
                <![CDATA[browserstack]]>
              </value>
            </param>
          </params>
          <reporter-output>
          </reporter-output>
        </test-method> <!-- setupDriver -->
        <test-method is-config="true" signature="startExtent(java.lang.reflect.Method)[pri:0, instance:com.amazontest.HomePageValidations@3cdf2c61]" started-at="2020-12-03T15:53:55 EST" name="startExtent" finished-at="2020-12-03T15:53:55 EST" duration-ms="1" status="PASS">
          <params>
            <param index="0">
              <value>
                <![CDATA[public void com.amazontest.HomePageValidations.validateUSerBeenAbleToClickOnFindAGiftTAb()]]>
              </value>
            </param>
          </params>
          <reporter-output>
          </reporter-output>
        </test-method> <!-- startExtent -->
        <test-method signature="validateUSerBeenAbleToClickOnFindAGiftTAb()[pri:0, instance:com.amazontest.HomePageValidations@3cdf2c61]" started-at="2020-12-03T15:53:55 EST" name="validateUSerBeenAbleToClickOnFindAGiftTAb" finished-at="2020-12-03T15:53:58 EST" duration-ms="2230" status="PASS">
          <reporter-output>
          </reporter-output>
        </test-method> <!-- validateUSerBeenAbleToClickOnFindAGiftTAb -->
        <test-method is-config="true" signature="afterEachTestMethod(org.testng.ITestResult)[pri:0, instance:com.amazontest.HomePageValidations@3cdf2c61]" started-at="2020-12-03T15:53:58 EST" name="afterEachTestMethod" finished-at="2020-12-03T15:53:58 EST" duration-ms="67" status="PASS">
          <params>
            <param index="0">
              <value>
                <![CDATA[[TestResult name=validateUSerBeenAbleToClickOnFindAGiftTAb status=SUCCESS method=HomePageValidations.validateUSerBeenAbleToClickOnFindAGiftTAb()[pri:0, instance:com.amazontest.HomePageValidations@3cdf2c61] output={null}]]]>
              </value>
            </param>
          </params>
          <reporter-output>
          </reporter-output>
        </test-method> <!-- afterEachTestMethod -->
        <test-method is-config="true" signature="cleanUp()[pri:0, instance:com.amazontest.HomePageValidations@3cdf2c61]" started-at="2020-12-03T15:53:58 EST" name="cleanUp" finished-at="2020-12-03T15:54:00 EST" duration-ms="1789" status="PASS">
          <reporter-output>
          </reporter-output>
        </test-method> <!-- cleanUp -->
        <test-method is-config="true" signature="setupDriver(java.lang.String, java.lang.String, java.lang.String, boolean, java.lang.String, java.lang.String)[pri:0, instance:com.amazontest.HomePageValidations@3cdf2c61]" started-at="2020-12-03T15:54:00 EST" name="setupDriver" finished-at="2020-12-03T15:54:11 EST" duration-ms="11012" status="PASS">
          <params>
            <param index="0">
              <value>
                <![CDATA[windows]]>
              </value>
            </param>
            <param index="1">
              <value>
                <![CDATA[https://www.amazon.com]]>
              </value>
            </param>
            <param index="2">
              <value>
                <![CDATA[chrome]]>
              </value>
            </param>
            <param index="3">
              <value>
                <![CDATA[false]]>
              </value>
            </param>
            <param index="4">
              <value>
                <![CDATA[87.0.4280.66]]>
              </value>
            </param>
            <param index="5">
              <value>
                <![CDATA[browserstack]]>
              </value>
            </param>
          </params>
          <reporter-output>
          </reporter-output>
        </test-method> <!-- setupDriver -->
        <test-method is-config="true" signature="startExtent(java.lang.reflect.Method)[pri:0, instance:com.amazontest.HomePageValidations@3cdf2c61]" started-at="2020-12-03T15:54:11 EST" name="startExtent" finished-at="2020-12-03T15:54:11 EST" duration-ms="1" status="PASS">
          <params>
            <param index="0">
              <value>
                <![CDATA[public void com.amazontest.HomePageValidations.validateUSerBeenAbleToClickOnWholeFoodTab()]]>
              </value>
            </param>
          </params>
          <reporter-output>
          </reporter-output>
        </test-method> <!-- startExtent -->
        <test-method signature="validateUSerBeenAbleToClickOnWholeFoodTab()[pri:0, instance:com.amazontest.HomePageValidations@3cdf2c61]" started-at="2020-12-03T15:54:11 EST" name="validateUSerBeenAbleToClickOnWholeFoodTab" finished-at="2020-12-03T15:54:13 EST" duration-ms="2659" status="PASS">
          <reporter-output>
          </reporter-output>
        </test-method> <!-- validateUSerBeenAbleToClickOnWholeFoodTab -->
        <test-method is-config="true" signature="afterEachTestMethod(org.testng.ITestResult)[pri:0, instance:com.amazontest.HomePageValidations@3cdf2c61]" started-at="2020-12-03T15:54:13 EST" name="afterEachTestMethod" finished-at="2020-12-03T15:54:13 EST" duration-ms="95" status="PASS">
          <params>
            <param index="0">
              <value>
                <![CDATA[[TestResult name=validateUSerBeenAbleToClickOnWholeFoodTab status=SUCCESS method=HomePageValidations.validateUSerBeenAbleToClickOnWholeFoodTab()[pri:0, instance:com.amazontest.HomePageValidations@3cdf2c61] output={null}]]]>
              </value>
            </param>
          </params>
          <reporter-output>
          </reporter-output>
        </test-method> <!-- afterEachTestMethod -->
        <test-method is-config="true" signature="cleanUp()[pri:0, instance:com.amazontest.HomePageValidations@3cdf2c61]" started-at="2020-12-03T15:54:13 EST" name="cleanUp" finished-at="2020-12-03T15:54:14 EST" duration-ms="1045" status="PASS">
          <reporter-output>
          </reporter-output>
        </test-method> <!-- cleanUp -->
        <test-method is-config="true" signature="setupDriver(java.lang.String, java.lang.String, java.lang.String, boolean, java.lang.String, java.lang.String)[pri:0, instance:com.amazontest.HomePageValidations@3cdf2c61]" started-at="2020-12-03T15:54:14 EST" name="setupDriver" finished-at="2020-12-03T15:54:25 EST" duration-ms="10904" status="PASS">
          <params>
            <param index="0">
              <value>
                <![CDATA[windows]]>
              </value>
            </param>
            <param index="1">
              <value>
                <![CDATA[https://www.amazon.com]]>
              </value>
            </param>
            <param index="2">
              <value>
                <![CDATA[chrome]]>
              </value>
            </param>
            <param index="3">
              <value>
                <![CDATA[false]]>
              </value>
            </param>
            <param index="4">
              <value>
                <![CDATA[87.0.4280.66]]>
              </value>
            </param>
            <param index="5">
              <value>
                <![CDATA[browserstack]]>
              </value>
            </param>
          </params>
          <reporter-output>
          </reporter-output>
        </test-method> <!-- setupDriver -->
        <test-method signature="validateUSerBeenAbleToMouseHoverHelloSignInButtonAndClickOnSignInButton()[pri:0, instance:com.amazontest.HomePageValidations@3cdf2c61]" started-at="2020-12-03T15:54:25 EST" name="validateUSerBeenAbleToMouseHoverHelloSignInButtonAndClickOnSignInButton" finished-at="2020-12-03T15:54:36 EST" duration-ms="10746" status="PASS">
          <reporter-output>
          </reporter-output>
        </test-method> <!-- validateUSerBeenAbleToMouseHoverHelloSignInButtonAndClickOnSignInButton -->
        <test-method is-config="true" signature="startExtent(java.lang.reflect.Method)[pri:0, instance:com.amazontest.HomePageValidations@3cdf2c61]" started-at="2020-12-03T15:54:25 EST" name="startExtent" finished-at="2020-12-03T15:54:25 EST" duration-ms="0" status="PASS">
          <params>
            <param index="0">
              <value>
                <![CDATA[public void com.amazontest.HomePageValidations.validateUSerBeenAbleToMouseHoverHelloSignInButtonAndClickOnSignInButton()]]>
              </value>
            </param>
          </params>
          <reporter-output>
          </reporter-output>
        </test-method> <!-- startExtent -->
        <test-method is-config="true" signature="afterEachTestMethod(org.testng.ITestResult)[pri:0, instance:com.amazontest.HomePageValidations@3cdf2c61]" started-at="2020-12-03T15:54:36 EST" name="afterEachTestMethod" finished-at="2020-12-03T15:54:36 EST" duration-ms="62" status="PASS">
          <params>
            <param index="0">
              <value>
                <![CDATA[[TestResult name=validateUSerBeenAbleToMouseHoverHelloSignInButtonAndClickOnSignInButton status=SUCCESS method=HomePageValidations.validateUSerBeenAbleToMouseHoverHelloSignInButtonAndClickOnSignInButton()[pri:0, instance:com.amazontest.HomePageValidations@3cdf2c61] output={null}]]]>
              </value>
            </param>
          </params>
          <reporter-output>
          </reporter-output>
        </test-method> <!-- afterEachTestMethod -->
        <test-method is-config="true" signature="cleanUp()[pri:0, instance:com.amazontest.HomePageValidations@3cdf2c61]" started-at="2020-12-03T15:54:36 EST" name="cleanUp" finished-at="2020-12-03T15:54:37 EST" duration-ms="958" status="PASS">
          <reporter-output>
          </reporter-output>
        </test-method> <!-- cleanUp -->
        <test-method is-config="true" signature="setupDriver(java.lang.String, java.lang.String, java.lang.String, boolean, java.lang.String, java.lang.String)[pri:0, instance:com.amazontest.HomePageValidations@3cdf2c61]" started-at="2020-12-03T15:54:37 EST" name="setupDriver" finished-at="2020-12-03T15:54:48 EST" duration-ms="10630" status="PASS">
          <params>
            <param index="0">
              <value>
                <![CDATA[windows]]>
              </value>
            </param>
            <param index="1">
              <value>
                <![CDATA[https://www.amazon.com]]>
              </value>
            </param>
            <param index="2">
              <value>
                <![CDATA[chrome]]>
              </value>
            </param>
            <param index="3">
              <value>
                <![CDATA[false]]>
              </value>
            </param>
            <param index="4">
              <value>
                <![CDATA[87.0.4280.66]]>
              </value>
            </param>
            <param index="5">
              <value>
                <![CDATA[browserstack]]>
              </value>
            </param>
          </params>
          <reporter-output>
          </reporter-output>
        </test-method> <!-- setupDriver -->
        <test-method is-config="true" signature="startExtent(java.lang.reflect.Method)[pri:0, instance:com.amazontest.HomePageValidations@3cdf2c61]" started-at="2020-12-03T15:54:48 EST" name="startExtent" finished-at="2020-12-03T15:54:48 EST" duration-ms="1" status="PASS">
          <params>
            <param index="0">
              <value>
                <![CDATA[public void com.amazontest.HomePageValidations.validateUSerBeenAbleToRefreshHomePage()]]>
              </value>
            </param>
          </params>
          <reporter-output>
          </reporter-output>
        </test-method> <!-- startExtent -->
        <test-method signature="validateUSerBeenAbleToRefreshHomePage()[pri:0, instance:com.amazontest.HomePageValidations@3cdf2c61]" started-at="2020-12-03T15:54:48 EST" name="validateUSerBeenAbleToRefreshHomePage" finished-at="2020-12-03T15:54:52 EST" duration-ms="4514" status="PASS">
          <reporter-output>
          </reporter-output>
        </test-method> <!-- validateUSerBeenAbleToRefreshHomePage -->
        <test-method is-config="true" signature="afterEachTestMethod(org.testng.ITestResult)[pri:0, instance:com.amazontest.HomePageValidations@3cdf2c61]" started-at="2020-12-03T15:54:52 EST" name="afterEachTestMethod" finished-at="2020-12-03T15:54:52 EST" duration-ms="47" status="PASS">
          <params>
            <param index="0">
              <value>
                <![CDATA[[TestResult name=validateUSerBeenAbleToRefreshHomePage status=SUCCESS method=HomePageValidations.validateUSerBeenAbleToRefreshHomePage()[pri:0, instance:com.amazontest.HomePageValidations@3cdf2c61] output={null}]]]>
              </value>
            </param>
          </params>
          <reporter-output>
          </reporter-output>
        </test-method> <!-- afterEachTestMethod -->
        <test-method is-config="true" signature="cleanUp()[pri:0, instance:com.amazontest.HomePageValidations@3cdf2c61]" started-at="2020-12-03T15:54:52 EST" name="cleanUp" finished-at="2020-12-03T15:54:55 EST" duration-ms="2274" status="PASS">
          <reporter-output>
          </reporter-output>
        </test-method> <!-- cleanUp -->
        <test-method is-config="true" signature="setupDriver(java.lang.String, java.lang.String, java.lang.String, boolean, java.lang.String, java.lang.String)[pri:0, instance:com.amazontest.HomePageValidations@3cdf2c61]" started-at="2020-12-03T15:54:55 EST" name="setupDriver" finished-at="2020-12-03T15:55:05 EST" duration-ms="10069" status="PASS">
          <params>
            <param index="0">
              <value>
                <![CDATA[windows]]>
              </value>
            </param>
            <param index="1">
              <value>
                <![CDATA[https://www.amazon.com]]>
              </value>
            </param>
            <param index="2">
              <value>
                <![CDATA[chrome]]>
              </value>
            </param>
            <param index="3">
              <value>
                <![CDATA[false]]>
              </value>
            </param>
            <param index="4">
              <value>
                <![CDATA[87.0.4280.66]]>
              </value>
            </param>
            <param index="5">
              <value>
                <![CDATA[browserstack]]>
              </value>
            </param>
          </params>
          <reporter-output>
          </reporter-output>
        </test-method> <!-- setupDriver -->
        <test-method is-config="true" signature="startExtent(java.lang.reflect.Method)[pri:0, instance:com.amazontest.HomePageValidations@3cdf2c61]" started-at="2020-12-03T15:55:05 EST" name="startExtent" finished-at="2020-12-03T15:55:05 EST" duration-ms="1" status="PASS">
          <params>
            <param index="0">
              <value>
                <![CDATA[public void com.amazontest.HomePageValidations.validateUserBeingAbleToClickOnDropDownAndSelectAmazonPharmacy()]]>
              </value>
            </param>
          </params>
          <reporter-output>
          </reporter-output>
        </test-method> <!-- startExtent -->
        <test-method signature="validateUserBeingAbleToClickOnDropDownAndSelectAmazonPharmacy()[pri:0, instance:com.amazontest.HomePageValidations@3cdf2c61]" started-at="2020-12-03T15:55:05 EST" name="validateUserBeingAbleToClickOnDropDownAndSelectAmazonPharmacy" finished-at="2020-12-03T15:55:10 EST" duration-ms="5334" status="PASS">
          <reporter-output>
          </reporter-output>
        </test-method> <!-- validateUserBeingAbleToClickOnDropDownAndSelectAmazonPharmacy -->
        <test-method is-config="true" signature="afterEachTestMethod(org.testng.ITestResult)[pri:0, instance:com.amazontest.HomePageValidations@3cdf2c61]" started-at="2020-12-03T15:55:10 EST" name="afterEachTestMethod" finished-at="2020-12-03T15:55:10 EST" duration-ms="46" status="PASS">
          <params>
            <param index="0">
              <value>
                <![CDATA[[TestResult name=validateUserBeingAbleToClickOnDropDownAndSelectAmazonPharmacy status=SUCCESS method=HomePageValidations.validateUserBeingAbleToClickOnDropDownAndSelectAmazonPharmacy()[pri:0, instance:com.amazontest.HomePageValidations@3cdf2c61] output={null}]]]>
              </value>
            </param>
          </params>
          <reporter-output>
          </reporter-output>
        </test-method> <!-- afterEachTestMethod -->
        <test-method is-config="true" signature="cleanUp()[pri:0, instance:com.amazontest.HomePageValidations@3cdf2c61]" started-at="2020-12-03T15:55:10 EST" name="cleanUp" finished-at="2020-12-03T15:55:11 EST" duration-ms="964" status="PASS">
          <reporter-output>
          </reporter-output>
        </test-method> <!-- cleanUp -->
        <test-method is-config="true" signature="setupDriver(java.lang.String, java.lang.String, java.lang.String, boolean, java.lang.String, java.lang.String)[pri:0, instance:com.amazontest.HomePageValidations@3cdf2c61]" started-at="2020-12-03T15:55:11 EST" name="setupDriver" finished-at="2020-12-03T15:55:22 EST" duration-ms="11024" status="PASS">
          <params>
            <param index="0">
              <value>
                <![CDATA[windows]]>
              </value>
            </param>
            <param index="1">
              <value>
                <![CDATA[https://www.amazon.com]]>
              </value>
            </param>
            <param index="2">
              <value>
                <![CDATA[chrome]]>
              </value>
            </param>
            <param index="3">
              <value>
                <![CDATA[false]]>
              </value>
            </param>
            <param index="4">
              <value>
                <![CDATA[87.0.4280.66]]>
              </value>
            </param>
            <param index="5">
              <value>
                <![CDATA[browserstack]]>
              </value>
            </param>
          </params>
          <reporter-output>
          </reporter-output>
        </test-method> <!-- setupDriver -->
        <test-method is-config="true" signature="startExtent(java.lang.reflect.Method)[pri:0, instance:com.amazontest.HomePageValidations@3cdf2c61]" started-at="2020-12-03T15:55:22 EST" name="startExtent" finished-at="2020-12-03T15:55:22 EST" duration-ms="1" status="PASS">
          <params>
            <param index="0">
              <value>
                <![CDATA[public void com.amazontest.HomePageValidations.validateUserBeingAbleToClickOnSearchButton()]]>
              </value>
            </param>
          </params>
          <reporter-output>
          </reporter-output>
        </test-method> <!-- startExtent -->
        <test-method signature="validateUserBeingAbleToClickOnSearchButton()[pri:0, instance:com.amazontest.HomePageValidations@3cdf2c61]" started-at="2020-12-03T15:55:22 EST" name="validateUserBeingAbleToClickOnSearchButton" finished-at="2020-12-03T15:55:25 EST" duration-ms="3377" status="FAIL">
          <exception class="org.junit.ComparisonFailure">
            <message>
              <![CDATA[expected:<...ps://www.amazon.com/[]> but was:<...ps://www.amazon.com/[s?k=Iphones&ref=nb_sb_noss_2]>]]>
            </message>
            <full-stacktrace>
              <![CDATA[org.junit.ComparisonFailure: expected:<...ps://www.amazon.com/[]> but was:<...ps://www.amazon.com/[s?k=Iphones&ref=nb_sb_noss_2]>
at org.junit.Assert.assertEquals(Assert.java:115)
at org.junit.Assert.assertEquals(Assert.java:144)
at com.amazon.pages.HomePage.clickOnSearchButton(HomePage.java:83)
at com.amazontest.HomePageValidations.validateUserBeingAbleToClickOnSearchButton(HomePageValidations.java:24)
at java.base/jdk.internal.reflect.NativeMethodAccessorImpl.invoke0(Native Method)
at java.base/jdk.internal.reflect.NativeMethodAccessorImpl.invoke(NativeMethodAccessorImpl.java:62)
at java.base/jdk.internal.reflect.DelegatingMethodAccessorImpl.invoke(DelegatingMethodAccessorImpl.java:43)
at java.base/java.lang.reflect.Method.invoke(Method.java:566)
at org.testng.internal.MethodInvocationHelper.invokeMethod(MethodInvocationHelper.java:132)
at org.testng.internal.TestInvoker.invokeMethod(TestInvoker.java:599)
at org.testng.internal.TestInvoker.invokeTestMethod(TestInvoker.java:174)
at org.testng.internal.MethodRunner.runInSequence(MethodRunner.java:46)
at org.testng.internal.TestInvoker$MethodInvocationAgent.invoke(TestInvoker.java:822)
at org.testng.internal.TestInvoker.invokeTestMethods(TestInvoker.java:147)
at org.testng.internal.TestMethodWorker.invokeTestMethods(TestMethodWorker.java:146)
at org.testng.internal.TestMethodWorker.run(TestMethodWorker.java:128)
at java.base/java.util.ArrayList.forEach(ArrayList.java:1541)
at org.testng.TestRunner.privateRun(TestRunner.java:764)
at org.testng.TestRunner.run(TestRunner.java:585)
at org.testng.SuiteRunner.runTest(SuiteRunner.java:384)
at org.testng.SuiteRunner.runSequentially(SuiteRunner.java:378)
at org.testng.SuiteRunner.privateRun(SuiteRunner.java:337)
at org.testng.SuiteRunner.run(SuiteRunner.java:286)
at org.testng.SuiteRunnerWorker.runSuite(SuiteRunnerWorker.java:53)
at org.testng.SuiteRunnerWorker.run(SuiteRunnerWorker.java:96)
at org.testng.TestNG.runSuitesSequentially(TestNG.java:1218)
at org.testng.TestNG.runSuitesLocally(TestNG.java:1140)
at org.testng.TestNG.runSuites(TestNG.java:1069)
at org.testng.TestNG.run(TestNG.java:1037)
at org.apache.maven.surefire.testng.TestNGExecutor.run(TestNGExecutor.java:283)
at org.apache.maven.surefire.testng.TestNGXmlTestSuite.execute(TestNGXmlTestSuite.java:75)
at org.apache.maven.surefire.testng.TestNGProvider.invoke(TestNGProvider.java:120)
at org.apache.maven.surefire.booter.ForkedBooter.invokeProviderInSameClassLoader(ForkedBooter.java:384)
at org.apache.maven.surefire.booter.ForkedBooter.runSuitesInProcess(ForkedBooter.java:345)
at org.apache.maven.surefire.booter.ForkedBooter.execute(ForkedBooter.java:126)
at org.apache.maven.surefire.booter.ForkedBooter.main(ForkedBooter.java:418)
]]>
            </full-stacktrace>
          </exception> <!-- org.junit.ComparisonFailure -->
          <reporter-output>
          </reporter-output>
        </test-method> <!-- validateUserBeingAbleToClickOnSearchButton -->
        <test-method is-config="true" signature="afterEachTestMethod(org.testng.ITestResult)[pri:0, instance:com.amazontest.HomePageValidations@3cdf2c61]" started-at="2020-12-03T15:55:25 EST" name="afterEachTestMethod" finished-at="2020-12-03T15:55:26 EST" duration-ms="898" status="PASS">
          <params>
            <param index="0">
              <value>
                <![CDATA[[TestResult name=validateUserBeingAbleToClickOnSearchButton status=FAILURE method=HomePageValidations.validateUserBeingAbleToClickOnSearchButton()[pri:0, instance:com.amazontest.HomePageValidations@3cdf2c61] output={null}]]]>
              </value>
            </param>
          </params>
          <reporter-output>
          </reporter-output>
        </test-method> <!-- afterEachTestMethod -->
        <test-method is-config="true" signature="cleanUp()[pri:0, instance:com.amazontest.HomePageValidations@3cdf2c61]" started-at="2020-12-03T15:55:26 EST" name="cleanUp" finished-at="2020-12-03T15:55:28 EST" duration-ms="1524" status="PASS">
          <reporter-output>
          </reporter-output>
        </test-method> <!-- cleanUp -->
        <test-method is-config="true" signature="setupDriver(java.lang.String, java.lang.String, java.lang.String, boolean, java.lang.String, java.lang.String)[pri:0, instance:com.amazontest.HomePageValidations@3cdf2c61]" started-at="2020-12-03T15:55:28 EST" name="setupDriver" finished-at="2020-12-03T15:55:39 EST" duration-ms="11429" status="PASS">
          <params>
            <param index="0">
              <value>
                <![CDATA[windows]]>
              </value>
            </param>
            <param index="1">
              <value>
                <![CDATA[https://www.amazon.com]]>
              </value>
            </param>
            <param index="2">
              <value>
                <![CDATA[chrome]]>
              </value>
            </param>
            <param index="3">
              <value>
                <![CDATA[false]]>
              </value>
            </param>
            <param index="4">
              <value>
                <![CDATA[87.0.4280.66]]>
              </value>
            </param>
            <param index="5">
              <value>
                <![CDATA[browserstack]]>
              </value>
            </param>
          </params>
          <reporter-output>
          </reporter-output>
        </test-method> <!-- setupDriver -->
        <test-method is-config="true" signature="startExtent(java.lang.reflect.Method)[pri:0, instance:com.amazontest.HomePageValidations@3cdf2c61]" started-at="2020-12-03T15:55:39 EST" name="startExtent" finished-at="2020-12-03T15:55:39 EST" duration-ms="0" status="PASS">
          <params>
            <param index="0">
              <value>
                <![CDATA[public void com.amazontest.HomePageValidations.validateUserBeingAbleToTypeOnSearchBar()]]>
              </value>
            </param>
          </params>
          <reporter-output>
          </reporter-output>
        </test-method> <!-- startExtent -->
        <test-method signature="validateUserBeingAbleToTypeOnSearchBar()[pri:0, instance:com.amazontest.HomePageValidations@3cdf2c61]" started-at="2020-12-03T15:55:39 EST" name="validateUserBeingAbleToTypeOnSearchBar" finished-at="2020-12-03T15:55:40 EST" duration-ms="852" status="PASS">
          <reporter-output>
            <line>
              <![CDATA[<<<<<<<Iphones have been Typed>>>>>>><br>]]>
            </line>
          </reporter-output>
        </test-method> <!-- validateUserBeingAbleToTypeOnSearchBar -->
        <test-method is-config="true" signature="afterEachTestMethod(org.testng.ITestResult)[pri:0, instance:com.amazontest.HomePageValidations@3cdf2c61]" started-at="2020-12-03T15:55:40 EST" name="afterEachTestMethod" finished-at="2020-12-03T15:55:40 EST" duration-ms="68" status="PASS">
          <params>
            <param index="0">
              <value>
                <![CDATA[[TestResult name=validateUserBeingAbleToTypeOnSearchBar status=SUCCESS method=HomePageValidations.validateUserBeingAbleToTypeOnSearchBar()[pri:0, instance:com.amazontest.HomePageValidations@3cdf2c61] output=<<<<<<<Iphones have been Typed>>>>>>><br>]]]>
              </value>
            </param>
          </params>
          <reporter-output>
          </reporter-output>
        </test-method> <!-- afterEachTestMethod -->
        <test-method is-config="true" signature="cleanUp()[pri:0, instance:com.amazontest.HomePageValidations@3cdf2c61]" started-at="2020-12-03T15:55:40 EST" name="cleanUp" finished-at="2020-12-03T15:55:41 EST" duration-ms="1079" status="PASS">
          <reporter-output>
          </reporter-output>
        </test-method> <!-- cleanUp -->
        <test-method is-config="true" signature="generateReport()[pri:0, instance:com.amazontest.HomePageValidations@3cdf2c61]" started-at="2020-12-03T16:03:56 EST" name="generateReport" finished-at="2020-12-03T16:03:56 EST" duration-ms="33" status="PASS">
          <reporter-output>
          </reporter-output>
        </test-method> <!-- generateReport -->
      </class> <!-- com.amazontest.HomePageValidations -->
      <class name="com.amazontest.LoginPageValidations">
        <test-method is-config="true" signature="setupDriver(java.lang.String, java.lang.String, java.lang.String, boolean, java.lang.String, java.lang.String)[pri:0, instance:com.amazontest.LoginPageValidations@13ad5cd3]" started-at="2020-12-03T15:55:41 EST" name="setupDriver" finished-at="2020-12-03T15:55:52 EST" duration-ms="11023" status="PASS">
          <params>
            <param index="0">
              <value>
                <![CDATA[windows]]>
              </value>
            </param>
            <param index="1">
              <value>
                <![CDATA[https://www.amazon.com]]>
              </value>
            </param>
            <param index="2">
              <value>
                <![CDATA[chrome]]>
              </value>
            </param>
            <param index="3">
              <value>
                <![CDATA[false]]>
              </value>
            </param>
            <param index="4">
              <value>
                <![CDATA[87.0.4280.66]]>
              </value>
            </param>
            <param index="5">
              <value>
                <![CDATA[browserstack]]>
              </value>
            </param>
          </params>
          <reporter-output>
          </reporter-output>
        </test-method> <!-- setupDriver -->
        <test-method is-config="true" signature="startExtent(java.lang.reflect.Method)[pri:0, instance:com.amazontest.LoginPageValidations@13ad5cd3]" started-at="2020-12-03T15:55:52 EST" name="startExtent" finished-at="2020-12-03T15:55:52 EST" duration-ms="0" status="PASS">
          <params>
            <param index="0">
              <value>
                <![CDATA[public void com.amazontest.LoginPageValidations.validateUserBeingAbleToClickContinueButton()]]>
              </value>
            </param>
          </params>
          <reporter-output>
          </reporter-output>
        </test-method> <!-- startExtent -->
        <test-method signature="validateUserBeingAbleToClickContinueButton()[pri:0, instance:com.amazontest.LoginPageValidations@13ad5cd3]" started-at="2020-12-03T15:55:52 EST" name="validateUserBeingAbleToClickContinueButton" finished-at="2020-12-03T15:56:30 EST" duration-ms="37795" status="FAIL">
          <exception class="org.openqa.selenium.NoSuchElementException">
            <message>
              <![CDATA[no such element: Unable to locate element: {"method":"css selector","selector":"#continue"}
  (Session info: chrome=87.0.4280.66)
For documentation on this error, please visit: https://www.seleniumhq.org/exceptions/no_such_element.html
Build info: version: '3.141.59', revision: 'e82be7d358', time: '2018-11-14T08:17:03'
System info: host: 'DESKTOP-DVMI27D', ip: '192.168.64.1', os.name: 'Windows 10', os.arch: 'amd64', os.version: '10.0', java.version: '11.0.8'
Driver info: org.openqa.selenium.chrome.ChromeDriver
Capabilities {acceptInsecureCerts: false, browserName: chrome, browserVersion: 87.0.4280.66, chrome: {chromedriverVersion: 86.0.4240.22 (398b0743353ff..., userDataDir: C:\Users\temp\AppData\Local...}, goog:chromeOptions: {debuggerAddress: localhost:51695}, javascriptEnabled: true, networkConnectionEnabled: false, pageLoadStrategy: normal, platform: WINDOWS, platformName: WINDOWS, proxy: Proxy(), setWindowRect: true, strictFileInteractability: false, timeouts: {implicit: 0, pageLoad: 300000, script: 30000}, unhandledPromptBehavior: dismiss and notify, webauthn:virtualAuthenticators: true}
Session ID: c2e26b9dd8698c9041d113cf676000d8
*** Element info: {Using=id, value=continue}]]>
            </message>
            <full-stacktrace>
              <![CDATA[org.openqa.selenium.NoSuchElementException: no such element: Unable to locate element: {"method":"css selector","selector":"#continue"}
  (Session info: chrome=87.0.4280.66)
For documentation on this error, please visit: https://www.seleniumhq.org/exceptions/no_such_element.html
Build info: version: '3.141.59', revision: 'e82be7d358', time: '2018-11-14T08:17:03'
System info: host: 'DESKTOP-DVMI27D', ip: '192.168.64.1', os.name: 'Windows 10', os.arch: 'amd64', os.version: '10.0', java.version: '11.0.8'
Driver info: org.openqa.selenium.chrome.ChromeDriver
Capabilities {acceptInsecureCerts: false, browserName: chrome, browserVersion: 87.0.4280.66, chrome: {chromedriverVersion: 86.0.4240.22 (398b0743353ff..., userDataDir: C:\Users\temp\AppData\Local...}, goog:chromeOptions: {debuggerAddress: localhost:51695}, javascriptEnabled: true, networkConnectionEnabled: false, pageLoadStrategy: normal, platform: WINDOWS, platformName: WINDOWS, proxy: Proxy(), setWindowRect: true, strictFileInteractability: false, timeouts: {implicit: 0, pageLoad: 300000, script: 30000}, unhandledPromptBehavior: dismiss and notify, webauthn:virtualAuthenticators: true}
Session ID: c2e26b9dd8698c9041d113cf676000d8
*** Element info: {Using=id, value=continue}
at java.base/jdk.internal.reflect.NativeConstructorAccessorImpl.newInstance0(Native Method)
at java.base/jdk.internal.reflect.NativeConstructorAccessorImpl.newInstance(NativeConstructorAccessorImpl.java:62)
at java.base/jdk.internal.reflect.DelegatingConstructorAccessorImpl.newInstance(DelegatingConstructorAccessorImpl.java:45)
at java.base/java.lang.reflect.Constructor.newInstance(Constructor.java:490)
at org.openqa.selenium.remote.http.W3CHttpResponseCodec.createException(W3CHttpResponseCodec.java:187)
at org.openqa.selenium.remote.http.W3CHttpResponseCodec.decode(W3CHttpResponseCodec.java:122)
at org.openqa.selenium.remote.http.W3CHttpResponseCodec.decode(W3CHttpResponseCodec.java:49)
at org.openqa.selenium.remote.HttpCommandExecutor.execute(HttpCommandExecutor.java:158)
at org.openqa.selenium.remote.service.DriverCommandExecutor.execute(DriverCommandExecutor.java:83)
at org.openqa.selenium.remote.RemoteWebDriver.execute(RemoteWebDriver.java:552)
at org.openqa.selenium.remote.RemoteWebDriver.findElement(RemoteWebDriver.java:323)
at org.openqa.selenium.remote.RemoteWebDriver.findElementById(RemoteWebDriver.java:372)
at org.openqa.selenium.By$ById.findElement(By.java:188)
at org.openqa.selenium.remote.RemoteWebDriver.findElement(RemoteWebDriver.java:315)
at org.openqa.selenium.support.pagefactory.DefaultElementLocator.findElement(DefaultElementLocator.java:69)
at org.openqa.selenium.support.pagefactory.internal.LocatingElementHandler.invoke(LocatingElementHandler.java:38)
at com.sun.proxy.$Proxy13.click(Unknown Source)
at com.amazon.pages.LoginPage.ClickContinueButton(LoginPage.java:66)
at com.amazontest.LoginPageValidations.validateUserBeingAbleToClickContinueButton(LoginPageValidations.java:29)
at java.base/jdk.internal.reflect.NativeMethodAccessorImpl.invoke0(Native Method)
at java.base/jdk.internal.reflect.NativeMethodAccessorImpl.invoke(NativeMethodAccessorImpl.java:62)
at java.base/jdk.internal.reflect.DelegatingMethodAccessorImpl.invoke(DelegatingMethodAccessorImpl.java:43)
at java.base/java.lang.reflect.Method.invoke(Method.java:566)
at org.testng.internal.MethodInvocationHelper.invokeMethod(MethodInvocationHelper.java:132)
at org.testng.internal.TestInvoker.invokeMethod(TestInvoker.java:599)
at org.testng.internal.TestInvoker.invokeTestMethod(TestInvoker.java:174)
at org.testng.internal.MethodRunner.runInSequence(MethodRunner.java:46)
at org.testng.internal.TestInvoker$MethodInvocationAgent.invoke(TestInvoker.java:822)
at org.testng.internal.TestInvoker.invokeTestMethods(TestInvoker.java:147)
at org.testng.internal.TestMethodWorker.invokeTestMethods(TestMethodWorker.java:146)
at org.testng.internal.TestMethodWorker.run(TestMethodWorker.java:128)
at java.base/java.util.ArrayList.forEach(ArrayList.java:1541)
at org.testng.TestRunner.privateRun(TestRunner.java:764)
at org.testng.TestRunner.run(TestRunner.java:585)
at org.testng.SuiteRunner.runTest(SuiteRunner.java:384)
at org.testng.SuiteRunner.runSequentially(SuiteRunner.java:378)
at org.testng.SuiteRunner.privateRun(SuiteRunner.java:337)
at org.testng.SuiteRunner.run(SuiteRunner.java:286)
at org.testng.SuiteRunnerWorker.runSuite(SuiteRunnerWorker.java:53)
at org.testng.SuiteRunnerWorker.run(SuiteRunnerWorker.java:96)
at org.testng.TestNG.runSuitesSequentially(TestNG.java:1218)
at org.testng.TestNG.runSuitesLocally(TestNG.java:1140)
at org.testng.TestNG.runSuites(TestNG.java:1069)
at org.testng.TestNG.run(TestNG.java:1037)
at org.apache.maven.surefire.testng.TestNGExecutor.run(TestNGExecutor.java:283)
at org.apache.maven.surefire.testng.TestNGXmlTestSuite.execute(TestNGXmlTestSuite.java:75)
at org.apache.maven.surefire.testng.TestNGProvider.invoke(TestNGProvider.java:120)
at org.apache.maven.surefire.booter.ForkedBooter.invokeProviderInSameClassLoader(ForkedBooter.java:384)
at org.apache.maven.surefire.booter.ForkedBooter.runSuitesInProcess(ForkedBooter.java:345)
at org.apache.maven.surefire.booter.ForkedBooter.execute(ForkedBooter.java:126)
at org.apache.maven.surefire.booter.ForkedBooter.main(ForkedBooter.java:418)
]]>
            </full-stacktrace>
          </exception> <!-- org.openqa.selenium.NoSuchElementException -->
          <reporter-output>
          </reporter-output>
        </test-method> <!-- validateUserBeingAbleToClickContinueButton -->
        <test-method is-config="true" signature="afterEachTestMethod(org.testng.ITestResult)[pri:0, instance:com.amazontest.LoginPageValidations@13ad5cd3]" started-at="2020-12-03T15:56:30 EST" name="afterEachTestMethod" finished-at="2020-12-03T15:56:30 EST" duration-ms="399" status="PASS">
          <params>
            <param index="0">
              <value>
                <![CDATA[[TestResult name=validateUserBeingAbleToClickContinueButton status=FAILURE method=LoginPageValidations.validateUserBeingAbleToClickContinueButton()[pri:0, instance:com.amazontest.LoginPageValidations@13ad5cd3] output={null}]]]>
              </value>
            </param>
          </params>
          <reporter-output>
          </reporter-output>
        </test-method> <!-- afterEachTestMethod -->
        <test-method is-config="true" signature="cleanUp()[pri:0, instance:com.amazontest.LoginPageValidations@13ad5cd3]" started-at="2020-12-03T15:56:30 EST" name="cleanUp" finished-at="2020-12-03T15:56:31 EST" duration-ms="766" status="PASS">
          <reporter-output>
          </reporter-output>
        </test-method> <!-- cleanUp -->
        <test-method is-config="true" signature="setupDriver(java.lang.String, java.lang.String, java.lang.String, boolean, java.lang.String, java.lang.String)[pri:0, instance:com.amazontest.LoginPageValidations@13ad5cd3]" started-at="2020-12-03T15:56:31 EST" name="setupDriver" finished-at="2020-12-03T15:56:42 EST" duration-ms="10393" status="PASS">
          <params>
            <param index="0">
              <value>
                <![CDATA[windows]]>
              </value>
            </param>
            <param index="1">
              <value>
                <![CDATA[https://www.amazon.com]]>
              </value>
            </param>
            <param index="2">
              <value>
                <![CDATA[chrome]]>
              </value>
            </param>
            <param index="3">
              <value>
                <![CDATA[false]]>
              </value>
            </param>
            <param index="4">
              <value>
                <![CDATA[87.0.4280.66]]>
              </value>
            </param>
            <param index="5">
              <value>
                <![CDATA[browserstack]]>
              </value>
            </param>
          </params>
          <reporter-output>
          </reporter-output>
        </test-method> <!-- setupDriver -->
        <test-method is-config="true" signature="startExtent(java.lang.reflect.Method)[pri:0, instance:com.amazontest.LoginPageValidations@13ad5cd3]" started-at="2020-12-03T15:56:42 EST" name="startExtent" finished-at="2020-12-03T15:56:42 EST" duration-ms="1" status="PASS">
          <params>
            <param index="0">
              <value>
                <![CDATA[public void com.amazontest.LoginPageValidations.validateUserBeingAbleToClickOnCreateAnAccountButton()]]>
              </value>
            </param>
          </params>
          <reporter-output>
          </reporter-output>
        </test-method> <!-- startExtent -->
        <test-method signature="validateUserBeingAbleToClickOnCreateAnAccountButton()[pri:0, instance:com.amazontest.LoginPageValidations@13ad5cd3]" started-at="2020-12-03T15:56:42 EST" name="validateUserBeingAbleToClickOnCreateAnAccountButton" finished-at="2020-12-03T15:57:05 EST" duration-ms="23726" status="FAIL">
          <exception class="org.openqa.selenium.NoSuchElementException">
            <message>
              <![CDATA[no such element: Unable to locate element: {"method":"xpath","selector":"//*[@id='nav-link-accountList']"}
  (Session info: chrome=87.0.4280.66)
For documentation on this error, please visit: https://www.seleniumhq.org/exceptions/no_such_element.html
Build info: version: '3.141.59', revision: 'e82be7d358', time: '2018-11-14T08:17:03'
System info: host: 'DESKTOP-DVMI27D', ip: '192.168.64.1', os.name: 'Windows 10', os.arch: 'amd64', os.version: '10.0', java.version: '11.0.8'
Driver info: org.openqa.selenium.chrome.ChromeDriver
Capabilities {acceptInsecureCerts: false, browserName: chrome, browserVersion: 87.0.4280.66, chrome: {chromedriverVersion: 86.0.4240.22 (398b0743353ff..., userDataDir: C:\Users\temp\AppData\Local...}, goog:chromeOptions: {debuggerAddress: localhost:51807}, javascriptEnabled: true, networkConnectionEnabled: false, pageLoadStrategy: normal, platform: WINDOWS, platformName: WINDOWS, proxy: Proxy(), setWindowRect: true, strictFileInteractability: false, timeouts: {implicit: 0, pageLoad: 300000, script: 30000}, unhandledPromptBehavior: dismiss and notify, webauthn:virtualAuthenticators: true}
Session ID: 8c74dc27f944332778d66c2baa75cd87
*** Element info: {Using=xpath, value=//*[@id='nav-link-accountList']}]]>
            </message>
            <full-stacktrace>
              <![CDATA[org.openqa.selenium.NoSuchElementException: no such element: Unable to locate element: {"method":"xpath","selector":"//*[@id='nav-link-accountList']"}
  (Session info: chrome=87.0.4280.66)
For documentation on this error, please visit: https://www.seleniumhq.org/exceptions/no_such_element.html
Build info: version: '3.141.59', revision: 'e82be7d358', time: '2018-11-14T08:17:03'
System info: host: 'DESKTOP-DVMI27D', ip: '192.168.64.1', os.name: 'Windows 10', os.arch: 'amd64', os.version: '10.0', java.version: '11.0.8'
Driver info: org.openqa.selenium.chrome.ChromeDriver
Capabilities {acceptInsecureCerts: false, browserName: chrome, browserVersion: 87.0.4280.66, chrome: {chromedriverVersion: 86.0.4240.22 (398b0743353ff..., userDataDir: C:\Users\temp\AppData\Local...}, goog:chromeOptions: {debuggerAddress: localhost:51807}, javascriptEnabled: true, networkConnectionEnabled: false, pageLoadStrategy: normal, platform: WINDOWS, platformName: WINDOWS, proxy: Proxy(), setWindowRect: true, strictFileInteractability: false, timeouts: {implicit: 0, pageLoad: 300000, script: 30000}, unhandledPromptBehavior: dismiss and notify, webauthn:virtualAuthenticators: true}
Session ID: 8c74dc27f944332778d66c2baa75cd87
*** Element info: {Using=xpath, value=//*[@id='nav-link-accountList']}
at java.base/jdk.internal.reflect.NativeConstructorAccessorImpl.newInstance0(Native Method)
at java.base/jdk.internal.reflect.NativeConstructorAccessorImpl.newInstance(NativeConstructorAccessorImpl.java:62)
at java.base/jdk.internal.reflect.DelegatingConstructorAccessorImpl.newInstance(DelegatingConstructorAccessorImpl.java:45)
at java.base/java.lang.reflect.Constructor.newInstance(Constructor.java:490)
at org.openqa.selenium.remote.http.W3CHttpResponseCodec.createException(W3CHttpResponseCodec.java:187)
at org.openqa.selenium.remote.http.W3CHttpResponseCodec.decode(W3CHttpResponseCodec.java:122)
at org.openqa.selenium.remote.http.W3CHttpResponseCodec.decode(W3CHttpResponseCodec.java:49)
at org.openqa.selenium.remote.HttpCommandExecutor.execute(HttpCommandExecutor.java:158)
at org.openqa.selenium.remote.service.DriverCommandExecutor.execute(DriverCommandExecutor.java:83)
at org.openqa.selenium.remote.RemoteWebDriver.execute(RemoteWebDriver.java:552)
at org.openqa.selenium.remote.RemoteWebDriver.findElement(RemoteWebDriver.java:323)
at org.openqa.selenium.remote.RemoteWebDriver.findElementByXPath(RemoteWebDriver.java:428)
at org.openqa.selenium.By$ByXPath.findElement(By.java:353)
at org.openqa.selenium.remote.RemoteWebDriver.findElement(RemoteWebDriver.java:315)
at org.openqa.selenium.support.pagefactory.DefaultElementLocator.findElement(DefaultElementLocator.java:69)
at org.openqa.selenium.support.pagefactory.internal.LocatingElementHandler.invoke(LocatingElementHandler.java:38)
at com.sun.proxy.$Proxy13.isDisplayed(Unknown Source)
at com.amazon.pages.HomePage.HelloSignInButton(HomePage.java:113)
at com.amazontest.LoginPageValidations.validateUserBeingAbleToClickOnCreateAnAccountButton(LoginPageValidations.java:36)
at java.base/jdk.internal.reflect.NativeMethodAccessorImpl.invoke0(Native Method)
at java.base/jdk.internal.reflect.NativeMethodAccessorImpl.invoke(NativeMethodAccessorImpl.java:62)
at java.base/jdk.internal.reflect.DelegatingMethodAccessorImpl.invoke(DelegatingMethodAccessorImpl.java:43)
at java.base/java.lang.reflect.Method.invoke(Method.java:566)
at org.testng.internal.MethodInvocationHelper.invokeMethod(MethodInvocationHelper.java:132)
at org.testng.internal.TestInvoker.invokeMethod(TestInvoker.java:599)
at org.testng.internal.TestInvoker.invokeTestMethod(TestInvoker.java:174)
at org.testng.internal.MethodRunner.runInSequence(MethodRunner.java:46)
at org.testng.internal.TestInvoker$MethodInvocationAgent.invoke(TestInvoker.java:822)
at org.testng.internal.TestInvoker.invokeTestMethods(TestInvoker.java:147)
at org.testng.internal.TestMethodWorker.invokeTestMethods(TestMethodWorker.java:146)
at org.testng.internal.TestMethodWorker.run(TestMethodWorker.java:128)
at java.base/java.util.ArrayList.forEach(ArrayList.java:1541)
at org.testng.TestRunner.privateRun(TestRunner.java:764)
at org.testng.TestRunner.run(TestRunner.java:585)
at org.testng.SuiteRunner.runTest(SuiteRunner.java:384)
at org.testng.SuiteRunner.runSequentially(SuiteRunner.java:378)
at org.testng.SuiteRunner.privateRun(SuiteRunner.java:337)
at org.testng.SuiteRunner.run(SuiteRunner.java:286)
at org.testng.SuiteRunnerWorker.runSuite(SuiteRunnerWorker.java:53)
at org.testng.SuiteRunnerWorker.run(SuiteRunnerWorker.java:96)
at org.testng.TestNG.runSuitesSequentially(TestNG.java:1218)
at org.testng.TestNG.runSuitesLocally(TestNG.java:1140)
at org.testng.TestNG.runSuites(TestNG.java:1069)
at org.testng.TestNG.run(TestNG.java:1037)
at org.apache.maven.surefire.testng.TestNGExecutor.run(TestNGExecutor.java:283)
at org.apache.maven.surefire.testng.TestNGXmlTestSuite.execute(TestNGXmlTestSuite.java:75)
at org.apache.maven.surefire.testng.TestNGProvider.invoke(TestNGProvider.java:120)
at org.apache.maven.surefire.booter.ForkedBooter.invokeProviderInSameClassLoader(ForkedBooter.java:384)
at org.apache.maven.surefire.booter.ForkedBooter.runSuitesInProcess(ForkedBooter.java:345)
at org.apache.maven.surefire.booter.ForkedBooter.execute(ForkedBooter.java:126)
at org.apache.maven.surefire.booter.ForkedBooter.main(ForkedBooter.java:418)
]]>
            </full-stacktrace>
          </exception> <!-- org.openqa.selenium.NoSuchElementException -->
          <reporter-output>
          </reporter-output>
        </test-method> <!-- validateUserBeingAbleToClickOnCreateAnAccountButton -->
        <test-method is-config="true" signature="afterEachTestMethod(org.testng.ITestResult)[pri:0, instance:com.amazontest.LoginPageValidations@13ad5cd3]" started-at="2020-12-03T15:57:05 EST" name="afterEachTestMethod" finished-at="2020-12-03T15:57:06 EST" duration-ms="520" status="PASS">
          <params>
            <param index="0">
              <value>
                <![CDATA[[TestResult name=validateUserBeingAbleToClickOnCreateAnAccountButton status=FAILURE method=LoginPageValidations.validateUserBeingAbleToClickOnCreateAnAccountButton()[pri:0, instance:com.amazontest.LoginPageValidations@13ad5cd3] output={null}]]]>
              </value>
            </param>
          </params>
          <reporter-output>
          </reporter-output>
        </test-method> <!-- afterEachTestMethod -->
        <test-method is-config="true" signature="cleanUp()[pri:0, instance:com.amazontest.LoginPageValidations@13ad5cd3]" started-at="2020-12-03T15:57:06 EST" name="cleanUp" finished-at="2020-12-03T15:57:07 EST" duration-ms="929" status="PASS">
          <reporter-output>
          </reporter-output>
        </test-method> <!-- cleanUp -->
        <test-method is-config="true" signature="setupDriver(java.lang.String, java.lang.String, java.lang.String, boolean, java.lang.String, java.lang.String)[pri:0, instance:com.amazontest.LoginPageValidations@13ad5cd3]" started-at="2020-12-03T15:57:07 EST" name="setupDriver" finished-at="2020-12-03T15:57:17 EST" duration-ms="10214" status="PASS">
          <params>
            <param index="0">
              <value>
                <![CDATA[windows]]>
              </value>
            </param>
            <param index="1">
              <value>
                <![CDATA[https://www.amazon.com]]>
              </value>
            </param>
            <param index="2">
              <value>
                <![CDATA[chrome]]>
              </value>
            </param>
            <param index="3">
              <value>
                <![CDATA[false]]>
              </value>
            </param>
            <param index="4">
              <value>
                <![CDATA[87.0.4280.66]]>
              </value>
            </param>
            <param index="5">
              <value>
                <![CDATA[browserstack]]>
              </value>
            </param>
          </params>
          <reporter-output>
          </reporter-output>
        </test-method> <!-- setupDriver -->
        <test-method is-config="true" signature="startExtent(java.lang.reflect.Method)[pri:0, instance:com.amazontest.LoginPageValidations@13ad5cd3]" started-at="2020-12-03T15:57:17 EST" name="startExtent" finished-at="2020-12-03T15:57:17 EST" duration-ms="1" status="PASS">
          <params>
            <param index="0">
              <value>
                <![CDATA[public void com.amazontest.LoginPageValidations.validateUserBeingAbleToCreateAnAccountAndRegister()]]>
              </value>
            </param>
          </params>
          <reporter-output>
          </reporter-output>
        </test-method> <!-- startExtent -->
        <test-method signature="validateUserBeingAbleToCreateAnAccountAndRegister()[pri:0, instance:com.amazontest.LoginPageValidations@13ad5cd3]" started-at="2020-12-03T15:57:17 EST" name="validateUserBeingAbleToCreateAnAccountAndRegister" finished-at="2020-12-03T15:57:30 EST" duration-ms="13330" status="PASS">
          <reporter-output>
          </reporter-output>
        </test-method> <!-- validateUserBeingAbleToCreateAnAccountAndRegister -->
        <test-method is-config="true" signature="afterEachTestMethod(org.testng.ITestResult)[pri:0, instance:com.amazontest.LoginPageValidations@13ad5cd3]" started-at="2020-12-03T15:57:30 EST" name="afterEachTestMethod" finished-at="2020-12-03T15:57:30 EST" duration-ms="46" status="PASS">
          <params>
            <param index="0">
              <value>
                <![CDATA[[TestResult name=validateUserBeingAbleToCreateAnAccountAndRegister status=SUCCESS method=LoginPageValidations.validateUserBeingAbleToCreateAnAccountAndRegister()[pri:0, instance:com.amazontest.LoginPageValidations@13ad5cd3] output={null}]]]>
              </value>
            </param>
          </params>
          <reporter-output>
          </reporter-output>
        </test-method> <!-- afterEachTestMethod -->
        <test-method is-config="true" signature="cleanUp()[pri:0, instance:com.amazontest.LoginPageValidations@13ad5cd3]" started-at="2020-12-03T15:57:30 EST" name="cleanUp" finished-at="2020-12-03T15:57:31 EST" duration-ms="817" status="PASS">
          <reporter-output>
          </reporter-output>
        </test-method> <!-- cleanUp -->
        <test-method is-config="true" signature="setupDriver(java.lang.String, java.lang.String, java.lang.String, boolean, java.lang.String, java.lang.String)[pri:0, instance:com.amazontest.LoginPageValidations@13ad5cd3]" started-at="2020-12-03T15:57:31 EST" name="setupDriver" finished-at="2020-12-03T15:57:42 EST" duration-ms="10405" status="PASS">
          <params>
            <param index="0">
              <value>
                <![CDATA[windows]]>
              </value>
            </param>
            <param index="1">
              <value>
                <![CDATA[https://www.amazon.com]]>
              </value>
            </param>
            <param index="2">
              <value>
                <![CDATA[chrome]]>
              </value>
            </param>
            <param index="3">
              <value>
                <![CDATA[false]]>
              </value>
            </param>
            <param index="4">
              <value>
                <![CDATA[87.0.4280.66]]>
              </value>
            </param>
            <param index="5">
              <value>
                <![CDATA[browserstack]]>
              </value>
            </param>
          </params>
          <reporter-output>
          </reporter-output>
        </test-method> <!-- setupDriver -->
        <test-method is-config="true" signature="startExtent(java.lang.reflect.Method)[pri:0, instance:com.amazontest.LoginPageValidations@13ad5cd3]" started-at="2020-12-03T15:57:42 EST" name="startExtent" finished-at="2020-12-03T15:57:42 EST" duration-ms="1" status="PASS">
          <params>
            <param index="0">
              <value>
                <![CDATA[public void com.amazontest.LoginPageValidations.validateUserBeingAbleToTypeInEmailAddress()]]>
              </value>
            </param>
          </params>
          <reporter-output>
          </reporter-output>
        </test-method> <!-- startExtent -->
        <test-method signature="validateUserBeingAbleToTypeInEmailAddress()[pri:0, instance:com.amazontest.LoginPageValidations@13ad5cd3]" started-at="2020-12-03T15:57:42 EST" name="validateUserBeingAbleToTypeInEmailAddress" finished-at="2020-12-03T15:57:56 EST" duration-ms="14589" status="PASS">
          <reporter-output>
          </reporter-output>
        </test-method> <!-- validateUserBeingAbleToTypeInEmailAddress -->
        <test-method is-config="true" signature="afterEachTestMethod(org.testng.ITestResult)[pri:0, instance:com.amazontest.LoginPageValidations@13ad5cd3]" started-at="2020-12-03T15:57:56 EST" name="afterEachTestMethod" finished-at="2020-12-03T15:57:56 EST" duration-ms="38" status="PASS">
          <params>
            <param index="0">
              <value>
                <![CDATA[[TestResult name=validateUserBeingAbleToTypeInEmailAddress status=SUCCESS method=LoginPageValidations.validateUserBeingAbleToTypeInEmailAddress()[pri:0, instance:com.amazontest.LoginPageValidations@13ad5cd3] output={null}]]]>
              </value>
            </param>
          </params>
          <reporter-output>
          </reporter-output>
        </test-method> <!-- afterEachTestMethod -->
        <test-method is-config="true" signature="cleanUp()[pri:0, instance:com.amazontest.LoginPageValidations@13ad5cd3]" started-at="2020-12-03T15:57:56 EST" name="cleanUp" finished-at="2020-12-03T15:57:57 EST" duration-ms="698" status="PASS">
          <reporter-output>
          </reporter-output>
        </test-method> <!-- cleanUp -->
        <test-method is-config="true" signature="setupDriver(java.lang.String, java.lang.String, java.lang.String, boolean, java.lang.String, java.lang.String)[pri:0, instance:com.amazontest.LoginPageValidations@13ad5cd3]" started-at="2020-12-03T15:57:57 EST" name="setupDriver" finished-at="2020-12-03T15:58:07 EST" duration-ms="10097" status="PASS">
          <params>
            <param index="0">
              <value>
                <![CDATA[windows]]>
              </value>
            </param>
            <param index="1">
              <value>
                <![CDATA[https://www.amazon.com]]>
              </value>
            </param>
            <param index="2">
              <value>
                <![CDATA[chrome]]>
              </value>
            </param>
            <param index="3">
              <value>
                <![CDATA[false]]>
              </value>
            </param>
            <param index="4">
              <value>
                <![CDATA[87.0.4280.66]]>
              </value>
            </param>
            <param index="5">
              <value>
                <![CDATA[browserstack]]>
              </value>
            </param>
          </params>
          <reporter-output>
          </reporter-output>
        </test-method> <!-- setupDriver -->
        <test-method is-config="true" signature="startExtent(java.lang.reflect.Method)[pri:0, instance:com.amazontest.LoginPageValidations@13ad5cd3]" started-at="2020-12-03T15:58:07 EST" name="startExtent" finished-at="2020-12-03T15:58:07 EST" duration-ms="0" status="PASS">
          <params>
            <param index="0">
              <value>
                <![CDATA[public void com.amazontest.LoginPageValidations.validateUserBeingAbleToTypePassword()]]>
              </value>
            </param>
          </params>
          <reporter-output>
          </reporter-output>
        </test-method> <!-- startExtent -->
        <test-method signature="validateUserBeingAbleToTypePassword()[pri:0, instance:com.amazontest.LoginPageValidations@13ad5cd3]" started-at="2020-12-03T15:58:07 EST" name="validateUserBeingAbleToTypePassword" finished-at="2020-12-03T15:58:45 EST" duration-ms="38047" status="FAIL">
          <exception class="org.openqa.selenium.NoSuchElementException">
            <message>
              <![CDATA[no such element: Unable to locate element: {"method":"css selector","selector":"#continue"}
  (Session info: chrome=87.0.4280.66)
For documentation on this error, please visit: https://www.seleniumhq.org/exceptions/no_such_element.html
Build info: version: '3.141.59', revision: 'e82be7d358', time: '2018-11-14T08:17:03'
System info: host: 'DESKTOP-DVMI27D', ip: '192.168.64.1', os.name: 'Windows 10', os.arch: 'amd64', os.version: '10.0', java.version: '11.0.8'
Driver info: org.openqa.selenium.chrome.ChromeDriver
Capabilities {acceptInsecureCerts: false, browserName: chrome, browserVersion: 87.0.4280.66, chrome: {chromedriverVersion: 86.0.4240.22 (398b0743353ff..., userDataDir: C:\Users\temp\AppData\Local...}, goog:chromeOptions: {debuggerAddress: localhost:52095}, javascriptEnabled: true, networkConnectionEnabled: false, pageLoadStrategy: normal, platform: WINDOWS, platformName: WINDOWS, proxy: Proxy(), setWindowRect: true, strictFileInteractability: false, timeouts: {implicit: 0, pageLoad: 300000, script: 30000}, unhandledPromptBehavior: dismiss and notify, webauthn:virtualAuthenticators: true}
Session ID: a3e9556b4f39dd89b9687d2f33638ba2
*** Element info: {Using=id, value=continue}]]>
            </message>
            <full-stacktrace>
              <![CDATA[org.openqa.selenium.NoSuchElementException: no such element: Unable to locate element: {"method":"css selector","selector":"#continue"}
  (Session info: chrome=87.0.4280.66)
For documentation on this error, please visit: https://www.seleniumhq.org/exceptions/no_such_element.html
Build info: version: '3.141.59', revision: 'e82be7d358', time: '2018-11-14T08:17:03'
System info: host: 'DESKTOP-DVMI27D', ip: '192.168.64.1', os.name: 'Windows 10', os.arch: 'amd64', os.version: '10.0', java.version: '11.0.8'
Driver info: org.openqa.selenium.chrome.ChromeDriver
Capabilities {acceptInsecureCerts: false, browserName: chrome, browserVersion: 87.0.4280.66, chrome: {chromedriverVersion: 86.0.4240.22 (398b0743353ff..., userDataDir: C:\Users\temp\AppData\Local...}, goog:chromeOptions: {debuggerAddress: localhost:52095}, javascriptEnabled: true, networkConnectionEnabled: false, pageLoadStrategy: normal, platform: WINDOWS, platformName: WINDOWS, proxy: Proxy(), setWindowRect: true, strictFileInteractability: false, timeouts: {implicit: 0, pageLoad: 300000, script: 30000}, unhandledPromptBehavior: dismiss and notify, webauthn:virtualAuthenticators: true}
Session ID: a3e9556b4f39dd89b9687d2f33638ba2
*** Element info: {Using=id, value=continue}
at java.base/jdk.internal.reflect.NativeConstructorAccessorImpl.newInstance0(Native Method)
at java.base/jdk.internal.reflect.NativeConstructorAccessorImpl.newInstance(NativeConstructorAccessorImpl.java:62)
at java.base/jdk.internal.reflect.DelegatingConstructorAccessorImpl.newInstance(DelegatingConstructorAccessorImpl.java:45)
at java.base/java.lang.reflect.Constructor.newInstance(Constructor.java:490)
at org.openqa.selenium.remote.http.W3CHttpResponseCodec.createException(W3CHttpResponseCodec.java:187)
at org.openqa.selenium.remote.http.W3CHttpResponseCodec.decode(W3CHttpResponseCodec.java:122)
at org.openqa.selenium.remote.http.W3CHttpResponseCodec.decode(W3CHttpResponseCodec.java:49)
at org.openqa.selenium.remote.HttpCommandExecutor.execute(HttpCommandExecutor.java:158)
at org.openqa.selenium.remote.service.DriverCommandExecutor.execute(DriverCommandExecutor.java:83)
at org.openqa.selenium.remote.RemoteWebDriver.execute(RemoteWebDriver.java:552)
at org.openqa.selenium.remote.RemoteWebDriver.findElement(RemoteWebDriver.java:323)
at org.openqa.selenium.remote.RemoteWebDriver.findElementById(RemoteWebDriver.java:372)
at org.openqa.selenium.By$ById.findElement(By.java:188)
at org.openqa.selenium.remote.RemoteWebDriver.findElement(RemoteWebDriver.java:315)
at org.openqa.selenium.support.pagefactory.DefaultElementLocator.findElement(DefaultElementLocator.java:69)
at org.openqa.selenium.support.pagefactory.internal.LocatingElementHandler.invoke(LocatingElementHandler.java:38)
at com.sun.proxy.$Proxy13.click(Unknown Source)
at com.amazon.pages.LoginPage.ClickContinueButton(LoginPage.java:66)
at com.amazontest.LoginPageValidations.validateUserBeingAbleToTypePassword(LoginPageValidations.java:48)
at java.base/jdk.internal.reflect.NativeMethodAccessorImpl.invoke0(Native Method)
at java.base/jdk.internal.reflect.NativeMethodAccessorImpl.invoke(NativeMethodAccessorImpl.java:62)
at java.base/jdk.internal.reflect.DelegatingMethodAccessorImpl.invoke(DelegatingMethodAccessorImpl.java:43)
at java.base/java.lang.reflect.Method.invoke(Method.java:566)
at org.testng.internal.MethodInvocationHelper.invokeMethod(MethodInvocationHelper.java:132)
at org.testng.internal.TestInvoker.invokeMethod(TestInvoker.java:599)
at org.testng.internal.TestInvoker.invokeTestMethod(TestInvoker.java:174)
at org.testng.internal.MethodRunner.runInSequence(MethodRunner.java:46)
at org.testng.internal.TestInvoker$MethodInvocationAgent.invoke(TestInvoker.java:822)
at org.testng.internal.TestInvoker.invokeTestMethods(TestInvoker.java:147)
at org.testng.internal.TestMethodWorker.invokeTestMethods(TestMethodWorker.java:146)
at org.testng.internal.TestMethodWorker.run(TestMethodWorker.java:128)
at java.base/java.util.ArrayList.forEach(ArrayList.java:1541)
at org.testng.TestRunner.privateRun(TestRunner.java:764)
at org.testng.TestRunner.run(TestRunner.java:585)
at org.testng.SuiteRunner.runTest(SuiteRunner.java:384)
at org.testng.SuiteRunner.runSequentially(SuiteRunner.java:378)
at org.testng.SuiteRunner.privateRun(SuiteRunner.java:337)
at org.testng.SuiteRunner.run(SuiteRunner.java:286)
at org.testng.SuiteRunnerWorker.runSuite(SuiteRunnerWorker.java:53)
at org.testng.SuiteRunnerWorker.run(SuiteRunnerWorker.java:96)
at org.testng.TestNG.runSuitesSequentially(TestNG.java:1218)
at org.testng.TestNG.runSuitesLocally(TestNG.java:1140)
at org.testng.TestNG.runSuites(TestNG.java:1069)
at org.testng.TestNG.run(TestNG.java:1037)
at org.apache.maven.surefire.testng.TestNGExecutor.run(TestNGExecutor.java:283)
at org.apache.maven.surefire.testng.TestNGXmlTestSuite.execute(TestNGXmlTestSuite.java:75)
at org.apache.maven.surefire.testng.TestNGProvider.invoke(TestNGProvider.java:120)
at org.apache.maven.surefire.booter.ForkedBooter.invokeProviderInSameClassLoader(ForkedBooter.java:384)
at org.apache.maven.surefire.booter.ForkedBooter.runSuitesInProcess(ForkedBooter.java:345)
at org.apache.maven.surefire.booter.ForkedBooter.execute(ForkedBooter.java:126)
at org.apache.maven.surefire.booter.ForkedBooter.main(ForkedBooter.java:418)
]]>
            </full-stacktrace>
          </exception> <!-- org.openqa.selenium.NoSuchElementException -->
          <reporter-output>
          </reporter-output>
        </test-method> <!-- validateUserBeingAbleToTypePassword -->
        <test-method is-config="true" signature="afterEachTestMethod(org.testng.ITestResult)[pri:0, instance:com.amazontest.LoginPageValidations@13ad5cd3]" started-at="2020-12-03T15:58:45 EST" name="afterEachTestMethod" finished-at="2020-12-03T15:58:46 EST" duration-ms="494" status="PASS">
          <params>
            <param index="0">
              <value>
                <![CDATA[[TestResult name=validateUserBeingAbleToTypePassword status=FAILURE method=LoginPageValidations.validateUserBeingAbleToTypePassword()[pri:0, instance:com.amazontest.LoginPageValidations@13ad5cd3] output={null}]]]>
              </value>
            </param>
          </params>
          <reporter-output>
          </reporter-output>
        </test-method> <!-- afterEachTestMethod -->
        <test-method is-config="true" signature="cleanUp()[pri:0, instance:com.amazontest.LoginPageValidations@13ad5cd3]" started-at="2020-12-03T15:58:46 EST" name="cleanUp" finished-at="2020-12-03T15:58:46 EST" duration-ms="837" status="PASS">
          <reporter-output>
          </reporter-output>
        </test-method> <!-- cleanUp -->
        <test-method is-config="true" signature="setupDriver(java.lang.String, java.lang.String, java.lang.String, boolean, java.lang.String, java.lang.String)[pri:0, instance:com.amazontest.LoginPageValidations@13ad5cd3]" started-at="2020-12-03T15:58:46 EST" name="setupDriver" finished-at="2020-12-03T15:58:59 EST" duration-ms="12306" status="PASS">
          <params>
            <param index="0">
              <value>
                <![CDATA[windows]]>
              </value>
            </param>
            <param index="1">
              <value>
                <![CDATA[https://www.amazon.com]]>
              </value>
            </param>
            <param index="2">
              <value>
                <![CDATA[chrome]]>
              </value>
            </param>
            <param index="3">
              <value>
                <![CDATA[false]]>
              </value>
            </param>
            <param index="4">
              <value>
                <![CDATA[87.0.4280.66]]>
              </value>
            </param>
            <param index="5">
              <value>
                <![CDATA[browserstack]]>
              </value>
            </param>
          </params>
          <reporter-output>
          </reporter-output>
        </test-method> <!-- setupDriver -->
        <test-method is-config="true" signature="startExtent(java.lang.reflect.Method)[pri:0, instance:com.amazontest.LoginPageValidations@13ad5cd3]" started-at="2020-12-03T15:58:59 EST" name="startExtent" finished-at="2020-12-03T15:58:59 EST" duration-ms="1" status="PASS">
          <params>
            <param index="0">
              <value>
                <![CDATA[public void com.amazontest.LoginPageValidations.validateUserNotBeingAbleToLoginWithInvalidPassword()]]>
              </value>
            </param>
          </params>
          <reporter-output>
          </reporter-output>
        </test-method> <!-- startExtent -->
        <test-method signature="validateUserNotBeingAbleToLoginWithInvalidPassword()[pri:0, instance:com.amazontest.LoginPageValidations@13ad5cd3]" started-at="2020-12-03T15:58:59 EST" name="validateUserNotBeingAbleToLoginWithInvalidPassword" finished-at="2020-12-03T15:59:39 EST" duration-ms="40094" status="FAIL">
          <exception class="org.openqa.selenium.NoSuchElementException">
            <message>
              <![CDATA[no such element: Unable to locate element: {"method":"css selector","selector":"#continue"}
  (Session info: chrome=87.0.4280.66)
For documentation on this error, please visit: https://www.seleniumhq.org/exceptions/no_such_element.html
Build info: version: '3.141.59', revision: 'e82be7d358', time: '2018-11-14T08:17:03'
System info: host: 'DESKTOP-DVMI27D', ip: '192.168.64.1', os.name: 'Windows 10', os.arch: 'amd64', os.version: '10.0', java.version: '11.0.8'
Driver info: org.openqa.selenium.chrome.ChromeDriver
Capabilities {acceptInsecureCerts: false, browserName: chrome, browserVersion: 87.0.4280.66, chrome: {chromedriverVersion: 86.0.4240.22 (398b0743353ff..., userDataDir: C:\Users\temp\AppData\Local...}, goog:chromeOptions: {debuggerAddress: localhost:52220}, javascriptEnabled: true, networkConnectionEnabled: false, pageLoadStrategy: normal, platform: WINDOWS, platformName: WINDOWS, proxy: Proxy(), setWindowRect: true, strictFileInteractability: false, timeouts: {implicit: 0, pageLoad: 300000, script: 30000}, unhandledPromptBehavior: dismiss and notify, webauthn:virtualAuthenticators: true}
Session ID: ff6ad0cb08327ac49080b8d99b510d3b
*** Element info: {Using=id, value=continue}]]>
            </message>
            <full-stacktrace>
              <![CDATA[org.openqa.selenium.NoSuchElementException: no such element: Unable to locate element: {"method":"css selector","selector":"#continue"}
  (Session info: chrome=87.0.4280.66)
For documentation on this error, please visit: https://www.seleniumhq.org/exceptions/no_such_element.html
Build info: version: '3.141.59', revision: 'e82be7d358', time: '2018-11-14T08:17:03'
System info: host: 'DESKTOP-DVMI27D', ip: '192.168.64.1', os.name: 'Windows 10', os.arch: 'amd64', os.version: '10.0', java.version: '11.0.8'
Driver info: org.openqa.selenium.chrome.ChromeDriver
Capabilities {acceptInsecureCerts: false, browserName: chrome, browserVersion: 87.0.4280.66, chrome: {chromedriverVersion: 86.0.4240.22 (398b0743353ff..., userDataDir: C:\Users\temp\AppData\Local...}, goog:chromeOptions: {debuggerAddress: localhost:52220}, javascriptEnabled: true, networkConnectionEnabled: false, pageLoadStrategy: normal, platform: WINDOWS, platformName: WINDOWS, proxy: Proxy(), setWindowRect: true, strictFileInteractability: false, timeouts: {implicit: 0, pageLoad: 300000, script: 30000}, unhandledPromptBehavior: dismiss and notify, webauthn:virtualAuthenticators: true}
Session ID: ff6ad0cb08327ac49080b8d99b510d3b
*** Element info: {Using=id, value=continue}
at java.base/jdk.internal.reflect.NativeConstructorAccessorImpl.newInstance0(Native Method)
at java.base/jdk.internal.reflect.NativeConstructorAccessorImpl.newInstance(NativeConstructorAccessorImpl.java:62)
at java.base/jdk.internal.reflect.DelegatingConstructorAccessorImpl.newInstance(DelegatingConstructorAccessorImpl.java:45)
at java.base/java.lang.reflect.Constructor.newInstance(Constructor.java:490)
at org.openqa.selenium.remote.http.W3CHttpResponseCodec.createException(W3CHttpResponseCodec.java:187)
at org.openqa.selenium.remote.http.W3CHttpResponseCodec.decode(W3CHttpResponseCodec.java:122)
at org.openqa.selenium.remote.http.W3CHttpResponseCodec.decode(W3CHttpResponseCodec.java:49)
at org.openqa.selenium.remote.HttpCommandExecutor.execute(HttpCommandExecutor.java:158)
at org.openqa.selenium.remote.service.DriverCommandExecutor.execute(DriverCommandExecutor.java:83)
at org.openqa.selenium.remote.RemoteWebDriver.execute(RemoteWebDriver.java:552)
at org.openqa.selenium.remote.RemoteWebDriver.findElement(RemoteWebDriver.java:323)
at org.openqa.selenium.remote.RemoteWebDriver.findElementById(RemoteWebDriver.java:372)
at org.openqa.selenium.By$ById.findElement(By.java:188)
at org.openqa.selenium.remote.RemoteWebDriver.findElement(RemoteWebDriver.java:315)
at org.openqa.selenium.support.pagefactory.DefaultElementLocator.findElement(DefaultElementLocator.java:69)
at org.openqa.selenium.support.pagefactory.internal.LocatingElementHandler.invoke(LocatingElementHandler.java:38)
at com.sun.proxy.$Proxy13.click(Unknown Source)
at com.amazon.pages.LoginPage.ClickContinueButton(LoginPage.java:66)
at com.amazontest.LoginPageValidations.validateUserNotBeingAbleToLoginWithInvalidPassword(LoginPageValidations.java:60)
at java.base/jdk.internal.reflect.NativeMethodAccessorImpl.invoke0(Native Method)
at java.base/jdk.internal.reflect.NativeMethodAccessorImpl.invoke(NativeMethodAccessorImpl.java:62)
at java.base/jdk.internal.reflect.DelegatingMethodAccessorImpl.invoke(DelegatingMethodAccessorImpl.java:43)
at java.base/java.lang.reflect.Method.invoke(Method.java:566)
at org.testng.internal.MethodInvocationHelper.invokeMethod(MethodInvocationHelper.java:132)
at org.testng.internal.TestInvoker.invokeMethod(TestInvoker.java:599)
at org.testng.internal.TestInvoker.invokeTestMethod(TestInvoker.java:174)
at org.testng.internal.MethodRunner.runInSequence(MethodRunner.java:46)
at org.testng.internal.TestInvoker$MethodInvocationAgent.invoke(TestInvoker.java:822)
at org.testng.internal.TestInvoker.invokeTestMethods(TestInvoker.java:147)
at org.testng.internal.TestMethodWorker.invokeTestMethods(TestMethodWorker.java:146)
at org.testng.internal.TestMethodWorker.run(TestMethodWorker.java:128)
at java.base/java.util.ArrayList.forEach(ArrayList.java:1541)
at org.testng.TestRunner.privateRun(TestRunner.java:764)
at org.testng.TestRunner.run(TestRunner.java:585)
at org.testng.SuiteRunner.runTest(SuiteRunner.java:384)
at org.testng.SuiteRunner.runSequentially(SuiteRunner.java:378)
at org.testng.SuiteRunner.privateRun(SuiteRunner.java:337)
at org.testng.SuiteRunner.run(SuiteRunner.java:286)
at org.testng.SuiteRunnerWorker.runSuite(SuiteRunnerWorker.java:53)
at org.testng.SuiteRunnerWorker.run(SuiteRunnerWorker.java:96)
at org.testng.TestNG.runSuitesSequentially(TestNG.java:1218)
at org.testng.TestNG.runSuitesLocally(TestNG.java:1140)
at org.testng.TestNG.runSuites(TestNG.java:1069)
at org.testng.TestNG.run(TestNG.java:1037)
at org.apache.maven.surefire.testng.TestNGExecutor.run(TestNGExecutor.java:283)
at org.apache.maven.surefire.testng.TestNGXmlTestSuite.execute(TestNGXmlTestSuite.java:75)
at org.apache.maven.surefire.testng.TestNGProvider.invoke(TestNGProvider.java:120)
at org.apache.maven.surefire.booter.ForkedBooter.invokeProviderInSameClassLoader(ForkedBooter.java:384)
at org.apache.maven.surefire.booter.ForkedBooter.runSuitesInProcess(ForkedBooter.java:345)
at org.apache.maven.surefire.booter.ForkedBooter.execute(ForkedBooter.java:126)
at org.apache.maven.surefire.booter.ForkedBooter.main(ForkedBooter.java:418)
]]>
            </full-stacktrace>
          </exception> <!-- org.openqa.selenium.NoSuchElementException -->
          <reporter-output>
          </reporter-output>
        </test-method> <!-- validateUserNotBeingAbleToLoginWithInvalidPassword -->
        <test-method is-config="true" signature="afterEachTestMethod(org.testng.ITestResult)[pri:0, instance:com.amazontest.LoginPageValidations@13ad5cd3]" started-at="2020-12-03T15:59:39 EST" name="afterEachTestMethod" finished-at="2020-12-03T16:00:39 EST" duration-ms="60086" status="FAIL">
          <params>
            <param index="0">
              <value>
                <![CDATA[[TestResult name=validateUserNotBeingAbleToLoginWithInvalidPassword status=FAILURE method=LoginPageValidations.validateUserNotBeingAbleToLoginWithInvalidPassword()[pri:0, instance:com.amazontest.LoginPageValidations@13ad5cd3] output={null}]]]>
              </value>
            </param>
          </params>
          <exception class="org.openqa.selenium.TimeoutException">
            <message>
              <![CDATA[timeout: Timed out receiving message from renderer: 10.000
  (Session info: chrome=87.0.4280.66)
Build info: version: '3.141.59', revision: 'e82be7d358', time: '2018-11-14T08:17:03'
System info: host: 'DESKTOP-DVMI27D', ip: '192.168.64.1', os.name: 'Windows 10', os.arch: 'amd64', os.version: '10.0', java.version: '11.0.8'
Driver info: org.openqa.selenium.chrome.ChromeDriver
Capabilities {acceptInsecureCerts: false, browserName: chrome, browserVersion: 87.0.4280.66, chrome: {chromedriverVersion: 86.0.4240.22 (398b0743353ff..., userDataDir: C:\Users\temp\AppData\Local...}, goog:chromeOptions: {debuggerAddress: localhost:52220}, javascriptEnabled: true, networkConnectionEnabled: false, pageLoadStrategy: normal, platform: WINDOWS, platformName: WINDOWS, proxy: Proxy(), setWindowRect: true, strictFileInteractability: false, timeouts: {implicit: 0, pageLoad: 300000, script: 30000}, unhandledPromptBehavior: dismiss and notify, webauthn:virtualAuthenticators: true}
Session ID: ff6ad0cb08327ac49080b8d99b510d3b]]>
            </message>
            <full-stacktrace>
              <![CDATA[org.openqa.selenium.TimeoutException: timeout: Timed out receiving message from renderer: 10.000
  (Session info: chrome=87.0.4280.66)
Build info: version: '3.141.59', revision: 'e82be7d358', time: '2018-11-14T08:17:03'
System info: host: 'DESKTOP-DVMI27D', ip: '192.168.64.1', os.name: 'Windows 10', os.arch: 'amd64', os.version: '10.0', java.version: '11.0.8'
Driver info: org.openqa.selenium.chrome.ChromeDriver
Capabilities {acceptInsecureCerts: false, browserName: chrome, browserVersion: 87.0.4280.66, chrome: {chromedriverVersion: 86.0.4240.22 (398b0743353ff..., userDataDir: C:\Users\temp\AppData\Local...}, goog:chromeOptions: {debuggerAddress: localhost:52220}, javascriptEnabled: true, networkConnectionEnabled: false, pageLoadStrategy: normal, platform: WINDOWS, platformName: WINDOWS, proxy: Proxy(), setWindowRect: true, strictFileInteractability: false, timeouts: {implicit: 0, pageLoad: 300000, script: 30000}, unhandledPromptBehavior: dismiss and notify, webauthn:virtualAuthenticators: true}
Session ID: ff6ad0cb08327ac49080b8d99b510d3b
at java.base/jdk.internal.reflect.NativeConstructorAccessorImpl.newInstance0(Native Method)
at java.base/jdk.internal.reflect.NativeConstructorAccessorImpl.newInstance(NativeConstructorAccessorImpl.java:62)
at java.base/jdk.internal.reflect.DelegatingConstructorAccessorImpl.newInstance(DelegatingConstructorAccessorImpl.java:45)
at java.base/java.lang.reflect.Constructor.newInstance(Constructor.java:490)
at org.openqa.selenium.remote.http.W3CHttpResponseCodec.createException(W3CHttpResponseCodec.java:187)
at org.openqa.selenium.remote.http.W3CHttpResponseCodec.decode(W3CHttpResponseCodec.java:122)
at org.openqa.selenium.remote.http.W3CHttpResponseCodec.decode(W3CHttpResponseCodec.java:49)
at org.openqa.selenium.remote.HttpCommandExecutor.execute(HttpCommandExecutor.java:158)
at org.openqa.selenium.remote.service.DriverCommandExecutor.execute(DriverCommandExecutor.java:83)
at org.openqa.selenium.remote.RemoteWebDriver.execute(RemoteWebDriver.java:552)
at org.openqa.selenium.remote.RemoteWebDriver.execute(RemoteWebDriver.java:609)
at org.openqa.selenium.remote.RemoteWebDriver.getScreenshotAs(RemoteWebDriver.java:295)
at pnt.automation.base.TestBase.captureScreenshot(TestBase.java:148)
at pnt.automation.base.TestBase.afterEachTestMethod(TestBase.java:197)
at java.base/jdk.internal.reflect.NativeMethodAccessorImpl.invoke0(Native Method)
at java.base/jdk.internal.reflect.NativeMethodAccessorImpl.invoke(NativeMethodAccessorImpl.java:62)
at java.base/jdk.internal.reflect.DelegatingMethodAccessorImpl.invoke(DelegatingMethodAccessorImpl.java:43)
at java.base/java.lang.reflect.Method.invoke(Method.java:566)
at org.testng.internal.MethodInvocationHelper.invokeMethod(MethodInvocationHelper.java:132)
at org.testng.internal.MethodInvocationHelper.invokeMethodConsideringTimeout(MethodInvocationHelper.java:61)
at org.testng.internal.ConfigInvoker.invokeConfigurationMethod(ConfigInvoker.java:366)
at org.testng.internal.ConfigInvoker.invokeConfigurations(ConfigInvoker.java:320)
at org.testng.internal.TestInvoker.runConfigMethods(TestInvoker.java:701)
at org.testng.internal.TestInvoker.runAfterGroupsConfigurations(TestInvoker.java:677)
at org.testng.internal.TestInvoker.invokeMethod(TestInvoker.java:661)
at org.testng.internal.TestInvoker.invokeTestMethod(TestInvoker.java:174)
at org.testng.internal.MethodRunner.runInSequence(MethodRunner.java:46)
at org.testng.internal.TestInvoker$MethodInvocationAgent.invoke(TestInvoker.java:822)
at org.testng.internal.TestInvoker.invokeTestMethods(TestInvoker.java:147)
at org.testng.internal.TestMethodWorker.invokeTestMethods(TestMethodWorker.java:146)
at org.testng.internal.TestMethodWorker.run(TestMethodWorker.java:128)
at java.base/java.util.ArrayList.forEach(ArrayList.java:1541)
at org.testng.TestRunner.privateRun(TestRunner.java:764)
at org.testng.TestRunner.run(TestRunner.java:585)
at org.testng.SuiteRunner.runTest(SuiteRunner.java:384)
at org.testng.SuiteRunner.runSequentially(SuiteRunner.java:378)
at org.testng.SuiteRunner.privateRun(SuiteRunner.java:337)
at org.testng.SuiteRunner.run(SuiteRunner.java:286)
at org.testng.SuiteRunnerWorker.runSuite(SuiteRunnerWorker.java:53)
at org.testng.SuiteRunnerWorker.run(SuiteRunnerWorker.java:96)
at org.testng.TestNG.runSuitesSequentially(TestNG.java:1218)
at org.testng.TestNG.runSuitesLocally(TestNG.java:1140)
at org.testng.TestNG.runSuites(TestNG.java:1069)
at org.testng.TestNG.run(TestNG.java:1037)
at org.apache.maven.surefire.testng.TestNGExecutor.run(TestNGExecutor.java:283)
at org.apache.maven.surefire.testng.TestNGXmlTestSuite.execute(TestNGXmlTestSuite.java:75)
at org.apache.maven.surefire.testng.TestNGProvider.invoke(TestNGProvider.java:120)
at org.apache.maven.surefire.booter.ForkedBooter.invokeProviderInSameClassLoader(ForkedBooter.java:384)
at org.apache.maven.surefire.booter.ForkedBooter.runSuitesInProcess(ForkedBooter.java:345)
at org.apache.maven.surefire.booter.ForkedBooter.execute(ForkedBooter.java:126)
at org.apache.maven.surefire.booter.ForkedBooter.main(ForkedBooter.java:418)
]]>
            </full-stacktrace>
          </exception> <!-- org.openqa.selenium.TimeoutException -->
          <reporter-output>
          </reporter-output>
        </test-method> <!-- afterEachTestMethod -->
        <test-method is-config="true" signature="cleanUp()[pri:0, instance:com.amazontest.LoginPageValidations@13ad5cd3]" started-at="2020-12-03T16:00:39 EST" name="cleanUp" finished-at="1969-12-31T19:00:00 EST" duration-ms="-1607029239362" status="SKIP">
          <reporter-output>
          </reporter-output>
        </test-method> <!-- cleanUp -->
      </class> <!-- com.amazontest.LoginPageValidations -->
      <class name="com.amazontest.FindAGiftValidations">
        <test-method is-config="true" signature="setupDriver(java.lang.String, java.lang.String, java.lang.String, boolean, java.lang.String, java.lang.String)[pri:0, instance:com.amazontest.FindAGiftValidations@1e097d59]" started-at="2020-12-03T16:03:42 EST" name="setupDriver" finished-at="2020-12-03T16:03:56 EST" duration-ms="13362" status="FAIL">
          <params>
            <param index="0">
              <value>
                <![CDATA[windows]]>
              </value>
            </param>
            <param index="1">
              <value>
                <![CDATA[https://www.amazon.com]]>
              </value>
            </param>
            <param index="2">
              <value>
                <![CDATA[chrome]]>
              </value>
            </param>
            <param index="3">
              <value>
                <![CDATA[false]]>
              </value>
            </param>
            <param index="4">
              <value>
                <![CDATA[87.0.4280.66]]>
              </value>
            </param>
            <param index="5">
              <value>
                <![CDATA[browserstack]]>
              </value>
            </param>
          </params>
          <exception class="org.openqa.selenium.SessionNotCreatedException">
            <message>
              <![CDATA[session not created
from chrome not reachable
  (Session info: chrome=87.0.4280.66)
Build info: version: '3.141.59', revision: 'e82be7d358', time: '2018-11-14T08:17:03'
System info: host: 'DESKTOP-DVMI27D', ip: '192.168.64.1', os.name: 'Windows 10', os.arch: 'amd64', os.version: '10.0', java.version: '11.0.8'
Driver info: driver.version: ChromeDriver
remote stacktrace: Backtrace:
Ordinal0 [0x005AC013+3194899]
Ordinal0 [0x00496021+2056225]
Ordinal0 [0x0032F4B0+586928]
Ordinal0 [0x00325894+546964]
Ordinal0 [0x00325F2C+548652]
Ordinal0 [0x00327175+553333]
Ordinal0 [0x0032241E+533534]
Ordinal0 [0x00330620+591392]
Ordinal0 [0x002D2A0C+207372]
Ordinal0 [0x002D1D0D+204045]
Ordinal0 [0x002CFC1B+195611]
Ordinal0 [0x002B3B7F+80767]
Ordinal0 [0x002B4B4E+84814]
Ordinal0 [0x002B4AD9+84697]
Ordinal0 [0x004ACE64+2149988]
GetHandleVerifier [0x0071BE95+1400773]
GetHandleVerifier [0x0071BB61+1399953]
GetHandleVerifier [0x007231FA+1430314]
GetHandleVerifier [0x0071C69F+1402831]
Ordinal0 [0x004A3D61+2112865]
Ordinal0 [0x004AE5CB+2155979]
Ordinal0 [0x004AE6F5+2156277]
Ordinal0 [0x004BF26E+2224750]
BaseThreadInitThunk [0x761A6359+25]
RtlGetAppContainerNamedObjectPath [0x77BA8944+228]
RtlGetAppContainerNamedObjectPath [0x77BA8914+180]
]]>
            </message>
            <full-stacktrace>
              <![CDATA[org.openqa.selenium.SessionNotCreatedException: session not created
from chrome not reachable
  (Session info: chrome=87.0.4280.66)
Build info: version: '3.141.59', revision: 'e82be7d358', time: '2018-11-14T08:17:03'
System info: host: 'DESKTOP-DVMI27D', ip: '192.168.64.1', os.name: 'Windows 10', os.arch: 'amd64', os.version: '10.0', java.version: '11.0.8'
Driver info: driver.version: ChromeDriver
remote stacktrace: Backtrace:
Ordinal0 [0x005AC013+3194899]
Ordinal0 [0x00496021+2056225]
Ordinal0 [0x0032F4B0+586928]
Ordinal0 [0x00325894+546964]
Ordinal0 [0x00325F2C+548652]
Ordinal0 [0x00327175+553333]
Ordinal0 [0x0032241E+533534]
Ordinal0 [0x00330620+591392]
Ordinal0 [0x002D2A0C+207372]
Ordinal0 [0x002D1D0D+204045]
Ordinal0 [0x002CFC1B+195611]
Ordinal0 [0x002B3B7F+80767]
Ordinal0 [0x002B4B4E+84814]
Ordinal0 [0x002B4AD9+84697]
Ordinal0 [0x004ACE64+2149988]
GetHandleVerifier [0x0071BE95+1400773]
GetHandleVerifier [0x0071BB61+1399953]
GetHandleVerifier [0x007231FA+1430314]
GetHandleVerifier [0x0071C69F+1402831]
Ordinal0 [0x004A3D61+2112865]
Ordinal0 [0x004AE5CB+2155979]
Ordinal0 [0x004AE6F5+2156277]
Ordinal0 [0x004BF26E+2224750]
BaseThreadInitThunk [0x761A6359+25]
RtlGetAppContainerNamedObjectPath [0x77BA8944+228]
RtlGetAppContainerNamedObjectPath [0x77BA8914+180]

at java.base/jdk.internal.reflect.NativeConstructorAccessorImpl.newInstance0(Native Method)
at java.base/jdk.internal.reflect.NativeConstructorAccessorImpl.newInstance(NativeConstructorAccessorImpl.java:62)
at java.base/jdk.internal.reflect.DelegatingConstructorAccessorImpl.newInstance(DelegatingConstructorAccessorImpl.java:45)
at java.base/java.lang.reflect.Constructor.newInstance(Constructor.java:490)
at org.openqa.selenium.remote.W3CHandshakeResponse.lambda$errorHandler$0(W3CHandshakeResponse.java:62)
at org.openqa.selenium.remote.HandshakeResponse.lambda$getResponseFunction$0(HandshakeResponse.java:30)
at org.openqa.selenium.remote.ProtocolHandshake.lambda$createSession$0(ProtocolHandshake.java:126)
at java.base/java.util.stream.ReferencePipeline$3$1.accept(ReferencePipeline.java:195)
at java.base/java.util.Spliterators$ArraySpliterator.tryAdvance(Spliterators.java:958)
at java.base/java.util.stream.ReferencePipeline.forEachWithCancel(ReferencePipeline.java:127)
at java.base/java.util.stream.AbstractPipeline.copyIntoWithCancel(AbstractPipeline.java:502)
at java.base/java.util.stream.AbstractPipeline.copyInto(AbstractPipeline.java:488)
at java.base/java.util.stream.AbstractPipeline.wrapAndCopyInto(AbstractPipeline.java:474)
at java.base/java.util.stream.FindOps$FindOp.evaluateSequential(FindOps.java:150)
at java.base/java.util.stream.AbstractPipeline.evaluate(AbstractPipeline.java:234)
at java.base/java.util.stream.ReferencePipeline.findFirst(ReferencePipeline.java:543)
at org.openqa.selenium.remote.ProtocolHandshake.createSession(ProtocolHandshake.java:128)
at org.openqa.selenium.remote.ProtocolHandshake.createSession(ProtocolHandshake.java:74)
at org.openqa.selenium.remote.HttpCommandExecutor.execute(HttpCommandExecutor.java:136)
at org.openqa.selenium.remote.service.DriverCommandExecutor.execute(DriverCommandExecutor.java:83)
at org.openqa.selenium.remote.RemoteWebDriver.execute(RemoteWebDriver.java:552)
at org.openqa.selenium.remote.RemoteWebDriver.startSession(RemoteWebDriver.java:213)
at org.openqa.selenium.remote.RemoteWebDriver.<init>(RemoteWebDriver.java:131)
at org.openqa.selenium.chrome.ChromeDriver.<init>(ChromeDriver.java:181)
at org.openqa.selenium.chrome.ChromeDriver.<init>(ChromeDriver.java:168)
at org.openqa.selenium.chrome.ChromeDriver.<init>(ChromeDriver.java:123)
at pnt.automation.base.TestBase.getLocalDriver(TestBase.java:81)
at pnt.automation.base.TestBase.setupDriver(TestBase.java:64)
at jdk.internal.reflect.GeneratedMethodAccessor31.invoke(Unknown Source)
at java.base/jdk.internal.reflect.DelegatingMethodAccessorImpl.invoke(DelegatingMethodAccessorImpl.java:43)
at java.base/java.lang.reflect.Method.invoke(Method.java:566)
at org.testng.internal.MethodInvocationHelper.invokeMethod(MethodInvocationHelper.java:132)
at org.testng.internal.MethodInvocationHelper.invokeMethodConsideringTimeout(MethodInvocationHelper.java:61)
at org.testng.internal.ConfigInvoker.invokeConfigurationMethod(ConfigInvoker.java:366)
at org.testng.internal.ConfigInvoker.invokeConfigurations(ConfigInvoker.java:320)
at org.testng.internal.TestInvoker.runConfigMethods(TestInvoker.java:701)
at org.testng.internal.TestInvoker.invokeMethod(TestInvoker.java:527)
at org.testng.internal.TestInvoker.invokeTestMethod(TestInvoker.java:174)
at org.testng.internal.MethodRunner.runInSequence(MethodRunner.java:46)
at org.testng.internal.TestInvoker$MethodInvocationAgent.invoke(TestInvoker.java:822)
at org.testng.internal.TestInvoker.invokeTestMethods(TestInvoker.java:147)
at org.testng.internal.TestMethodWorker.invokeTestMethods(TestMethodWorker.java:146)
at org.testng.internal.TestMethodWorker.run(TestMethodWorker.java:128)
at java.base/java.util.ArrayList.forEach(ArrayList.java:1541)
at org.testng.TestRunner.privateRun(TestRunner.java:764)
at org.testng.TestRunner.run(TestRunner.java:585)
at org.testng.SuiteRunner.runTest(SuiteRunner.java:384)
at org.testng.SuiteRunner.runSequentially(SuiteRunner.java:378)
at org.testng.SuiteRunner.privateRun(SuiteRunner.java:337)
at org.testng.SuiteRunner.run(SuiteRunner.java:286)
at org.testng.SuiteRunnerWorker.runSuite(SuiteRunnerWorker.java:53)
at org.testng.SuiteRunnerWorker.run(SuiteRunnerWorker.java:96)
at org.testng.TestNG.runSuitesSequentially(TestNG.java:1218)
at org.testng.TestNG.runSuitesLocally(TestNG.java:1140)
at org.testng.TestNG.runSuites(TestNG.java:1069)
at org.testng.TestNG.run(TestNG.java:1037)
at org.apache.maven.surefire.testng.TestNGExecutor.run(TestNGExecutor.java:283)
at org.apache.maven.surefire.testng.TestNGXmlTestSuite.execute(TestNGXmlTestSuite.java:75)
at org.apache.maven.surefire.testng.TestNGProvider.invoke(TestNGProvider.java:120)
at org.apache.maven.surefire.booter.ForkedBooter.invokeProviderInSameClassLoader(ForkedBooter.java:384)
at org.apache.maven.surefire.booter.ForkedBooter.runSuitesInProcess(ForkedBooter.java:345)
at org.apache.maven.surefire.booter.ForkedBooter.execute(ForkedBooter.java:126)
at org.apache.maven.surefire.booter.ForkedBooter.main(ForkedBooter.java:418)
]]>
            </full-stacktrace>
          </exception> <!-- org.openqa.selenium.SessionNotCreatedException -->
          <reporter-output>
          </reporter-output>
        </test-method> <!-- setupDriver -->
        <test-method is-config="true" signature="startExtent(java.lang.reflect.Method)[pri:0, instance:com.amazontest.FindAGiftValidations@1e097d59]" started-at="2020-12-03T16:03:56 EST" name="startExtent" finished-at="1969-12-31T19:00:00 EST" duration-ms="-1607029436046" status="SKIP">
          <reporter-output>
          </reporter-output>
        </test-method> <!-- startExtent -->
        <test-method signature="validateUserBeingAbleToClickOnElectronicGifts()[pri:0, instance:com.amazontest.FindAGiftValidations@1e097d59]" started-at="2020-12-03T16:03:56 EST" name="validateUserBeingAbleToClickOnElectronicGifts" finished-at="2020-12-03T16:03:56 EST" duration-ms="0" status="SKIP">
          <exception class="org.openqa.selenium.SessionNotCreatedException">
            <message>
              <![CDATA[session not created
from chrome not reachable
  (Session info: chrome=87.0.4280.66)
Build info: version: '3.141.59', revision: 'e82be7d358', time: '2018-11-14T08:17:03'
System info: host: 'DESKTOP-DVMI27D', ip: '192.168.64.1', os.name: 'Windows 10', os.arch: 'amd64', os.version: '10.0', java.version: '11.0.8'
Driver info: driver.version: ChromeDriver
remote stacktrace: Backtrace:
Ordinal0 [0x005AC013+3194899]
Ordinal0 [0x00496021+2056225]
Ordinal0 [0x0032F4B0+586928]
Ordinal0 [0x00325894+546964]
Ordinal0 [0x00325F2C+548652]
Ordinal0 [0x00327175+553333]
Ordinal0 [0x0032241E+533534]
Ordinal0 [0x00330620+591392]
Ordinal0 [0x002D2A0C+207372]
Ordinal0 [0x002D1D0D+204045]
Ordinal0 [0x002CFC1B+195611]
Ordinal0 [0x002B3B7F+80767]
Ordinal0 [0x002B4B4E+84814]
Ordinal0 [0x002B4AD9+84697]
Ordinal0 [0x004ACE64+2149988]
GetHandleVerifier [0x0071BE95+1400773]
GetHandleVerifier [0x0071BB61+1399953]
GetHandleVerifier [0x007231FA+1430314]
GetHandleVerifier [0x0071C69F+1402831]
Ordinal0 [0x004A3D61+2112865]
Ordinal0 [0x004AE5CB+2155979]
Ordinal0 [0x004AE6F5+2156277]
Ordinal0 [0x004BF26E+2224750]
BaseThreadInitThunk [0x761A6359+25]
RtlGetAppContainerNamedObjectPath [0x77BA8944+228]
RtlGetAppContainerNamedObjectPath [0x77BA8914+180]
]]>
            </message>
            <full-stacktrace>
              <![CDATA[org.openqa.selenium.SessionNotCreatedException: session not created
from chrome not reachable
  (Session info: chrome=87.0.4280.66)
Build info: version: '3.141.59', revision: 'e82be7d358', time: '2018-11-14T08:17:03'
System info: host: 'DESKTOP-DVMI27D', ip: '192.168.64.1', os.name: 'Windows 10', os.arch: 'amd64', os.version: '10.0', java.version: '11.0.8'
Driver info: driver.version: ChromeDriver
remote stacktrace: Backtrace:
Ordinal0 [0x005AC013+3194899]
Ordinal0 [0x00496021+2056225]
Ordinal0 [0x0032F4B0+586928]
Ordinal0 [0x00325894+546964]
Ordinal0 [0x00325F2C+548652]
Ordinal0 [0x00327175+553333]
Ordinal0 [0x0032241E+533534]
Ordinal0 [0x00330620+591392]
Ordinal0 [0x002D2A0C+207372]
Ordinal0 [0x002D1D0D+204045]
Ordinal0 [0x002CFC1B+195611]
Ordinal0 [0x002B3B7F+80767]
Ordinal0 [0x002B4B4E+84814]
Ordinal0 [0x002B4AD9+84697]
Ordinal0 [0x004ACE64+2149988]
GetHandleVerifier [0x0071BE95+1400773]
GetHandleVerifier [0x0071BB61+1399953]
GetHandleVerifier [0x007231FA+1430314]
GetHandleVerifier [0x0071C69F+1402831]
Ordinal0 [0x004A3D61+2112865]
Ordinal0 [0x004AE5CB+2155979]
Ordinal0 [0x004AE6F5+2156277]
Ordinal0 [0x004BF26E+2224750]
BaseThreadInitThunk [0x761A6359+25]
RtlGetAppContainerNamedObjectPath [0x77BA8944+228]
RtlGetAppContainerNamedObjectPath [0x77BA8914+180]

at java.base/jdk.internal.reflect.NativeConstructorAccessorImpl.newInstance0(Native Method)
at java.base/jdk.internal.reflect.NativeConstructorAccessorImpl.newInstance(NativeConstructorAccessorImpl.java:62)
at java.base/jdk.internal.reflect.DelegatingConstructorAccessorImpl.newInstance(DelegatingConstructorAccessorImpl.java:45)
at java.base/java.lang.reflect.Constructor.newInstance(Constructor.java:490)
at org.openqa.selenium.remote.W3CHandshakeResponse.lambda$errorHandler$0(W3CHandshakeResponse.java:62)
at org.openqa.selenium.remote.HandshakeResponse.lambda$getResponseFunction$0(HandshakeResponse.java:30)
at org.openqa.selenium.remote.ProtocolHandshake.lambda$createSession$0(ProtocolHandshake.java:126)
at java.base/java.util.stream.ReferencePipeline$3$1.accept(ReferencePipeline.java:195)
at java.base/java.util.Spliterators$ArraySpliterator.tryAdvance(Spliterators.java:958)
at java.base/java.util.stream.ReferencePipeline.forEachWithCancel(ReferencePipeline.java:127)
at java.base/java.util.stream.AbstractPipeline.copyIntoWithCancel(AbstractPipeline.java:502)
at java.base/java.util.stream.AbstractPipeline.copyInto(AbstractPipeline.java:488)
at java.base/java.util.stream.AbstractPipeline.wrapAndCopyInto(AbstractPipeline.java:474)
at java.base/java.util.stream.FindOps$FindOp.evaluateSequential(FindOps.java:150)
at java.base/java.util.stream.AbstractPipeline.evaluate(AbstractPipeline.java:234)
at java.base/java.util.stream.ReferencePipeline.findFirst(ReferencePipeline.java:543)
at org.openqa.selenium.remote.ProtocolHandshake.createSession(ProtocolHandshake.java:128)
at org.openqa.selenium.remote.ProtocolHandshake.createSession(ProtocolHandshake.java:74)
at org.openqa.selenium.remote.HttpCommandExecutor.execute(HttpCommandExecutor.java:136)
at org.openqa.selenium.remote.service.DriverCommandExecutor.execute(DriverCommandExecutor.java:83)
at org.openqa.selenium.remote.RemoteWebDriver.execute(RemoteWebDriver.java:552)
at org.openqa.selenium.remote.RemoteWebDriver.startSession(RemoteWebDriver.java:213)
at org.openqa.selenium.remote.RemoteWebDriver.<init>(RemoteWebDriver.java:131)
at org.openqa.selenium.chrome.ChromeDriver.<init>(ChromeDriver.java:181)
at org.openqa.selenium.chrome.ChromeDriver.<init>(ChromeDriver.java:168)
at org.openqa.selenium.chrome.ChromeDriver.<init>(ChromeDriver.java:123)
at pnt.automation.base.TestBase.getLocalDriver(TestBase.java:81)
at pnt.automation.base.TestBase.setupDriver(TestBase.java:64)
at jdk.internal.reflect.GeneratedMethodAccessor31.invoke(Unknown Source)
at java.base/jdk.internal.reflect.DelegatingMethodAccessorImpl.invoke(DelegatingMethodAccessorImpl.java:43)
at java.base/java.lang.reflect.Method.invoke(Method.java:566)
at org.testng.internal.MethodInvocationHelper.invokeMethod(MethodInvocationHelper.java:132)
at org.testng.internal.MethodInvocationHelper.invokeMethodConsideringTimeout(MethodInvocationHelper.java:61)
at org.testng.internal.ConfigInvoker.invokeConfigurationMethod(ConfigInvoker.java:366)
at org.testng.internal.ConfigInvoker.invokeConfigurations(ConfigInvoker.java:320)
at org.testng.internal.TestInvoker.runConfigMethods(TestInvoker.java:701)
at org.testng.internal.TestInvoker.invokeMethod(TestInvoker.java:527)
at org.testng.internal.TestInvoker.invokeTestMethod(TestInvoker.java:174)
at org.testng.internal.MethodRunner.runInSequence(MethodRunner.java:46)
at org.testng.internal.TestInvoker$MethodInvocationAgent.invoke(TestInvoker.java:822)
at org.testng.internal.TestInvoker.invokeTestMethods(TestInvoker.java:147)
at org.testng.internal.TestMethodWorker.invokeTestMethods(TestMethodWorker.java:146)
at org.testng.internal.TestMethodWorker.run(TestMethodWorker.java:128)
at java.base/java.util.ArrayList.forEach(ArrayList.java:1541)
at org.testng.TestRunner.privateRun(TestRunner.java:764)
at org.testng.TestRunner.run(TestRunner.java:585)
at org.testng.SuiteRunner.runTest(SuiteRunner.java:384)
at org.testng.SuiteRunner.runSequentially(SuiteRunner.java:378)
at org.testng.SuiteRunner.privateRun(SuiteRunner.java:337)
at org.testng.SuiteRunner.run(SuiteRunner.java:286)
at org.testng.SuiteRunnerWorker.runSuite(SuiteRunnerWorker.java:53)
at org.testng.SuiteRunnerWorker.run(SuiteRunnerWorker.java:96)
at org.testng.TestNG.runSuitesSequentially(TestNG.java:1218)
at org.testng.TestNG.runSuitesLocally(TestNG.java:1140)
at org.testng.TestNG.runSuites(TestNG.java:1069)
at org.testng.TestNG.run(TestNG.java:1037)
at org.apache.maven.surefire.testng.TestNGExecutor.run(TestNGExecutor.java:283)
at org.apache.maven.surefire.testng.TestNGXmlTestSuite.execute(TestNGXmlTestSuite.java:75)
at org.apache.maven.surefire.testng.TestNGProvider.invoke(TestNGProvider.java:120)
at org.apache.maven.surefire.booter.ForkedBooter.invokeProviderInSameClassLoader(ForkedBooter.java:384)
at org.apache.maven.surefire.booter.ForkedBooter.runSuitesInProcess(ForkedBooter.java:345)
at org.apache.maven.surefire.booter.ForkedBooter.execute(ForkedBooter.java:126)
at org.apache.maven.surefire.booter.ForkedBooter.main(ForkedBooter.java:418)
]]>
            </full-stacktrace>
          </exception> <!-- org.openqa.selenium.SessionNotCreatedException -->
          <reporter-output>
          </reporter-output>
        </test-method> <!-- validateUserBeingAbleToClickOnElectronicGifts -->
        <test-method is-config="true" signature="afterEachTestMethod(org.testng.ITestResult)[pri:0, instance:com.amazontest.FindAGiftValidations@1e097d59]" started-at="2020-12-03T16:03:56 EST" name="afterEachTestMethod" finished-at="1969-12-31T19:00:00 EST" duration-ms="-1607029436057" status="SKIP">
          <reporter-output>
          </reporter-output>
        </test-method> <!-- afterEachTestMethod -->
        <test-method is-config="true" signature="cleanUp()[pri:0, instance:com.amazontest.FindAGiftValidations@1e097d59]" started-at="2020-12-03T16:03:56 EST" name="cleanUp" finished-at="1969-12-31T19:00:00 EST" duration-ms="-1607029436059" status="SKIP">
          <reporter-output>
          </reporter-output>
        </test-method> <!-- cleanUp -->
        <test-method is-config="true" signature="setupDriver(java.lang.String, java.lang.String, java.lang.String, boolean, java.lang.String, java.lang.String)[pri:0, instance:com.amazontest.FindAGiftValidations@1e097d59]" started-at="2020-12-03T16:03:56 EST" name="setupDriver" finished-at="1969-12-31T19:00:00 EST" duration-ms="-1607029436063" status="SKIP">
          <reporter-output>
          </reporter-output>
        </test-method> <!-- setupDriver -->
        <test-method is-config="true" signature="startExtent(java.lang.reflect.Method)[pri:0, instance:com.amazontest.FindAGiftValidations@1e097d59]" started-at="2020-12-03T16:03:56 EST" name="startExtent" finished-at="1969-12-31T19:00:00 EST" duration-ms="-1607029436065" status="SKIP">
          <reporter-output>
          </reporter-output>
        </test-method> <!-- startExtent -->
        <test-method signature="validateUserBeingAbleToClickOnShopAllHolidaysGifts()[pri:0, instance:com.amazontest.FindAGiftValidations@1e097d59]" started-at="2020-12-03T16:03:56 EST" name="validateUserBeingAbleToClickOnShopAllHolidaysGifts" finished-at="2020-12-03T16:03:56 EST" duration-ms="0" status="SKIP">
          <exception class="org.openqa.selenium.SessionNotCreatedException">
            <message>
              <![CDATA[session not created
from chrome not reachable
  (Session info: chrome=87.0.4280.66)
Build info: version: '3.141.59', revision: 'e82be7d358', time: '2018-11-14T08:17:03'
System info: host: 'DESKTOP-DVMI27D', ip: '192.168.64.1', os.name: 'Windows 10', os.arch: 'amd64', os.version: '10.0', java.version: '11.0.8'
Driver info: driver.version: ChromeDriver
remote stacktrace: Backtrace:
Ordinal0 [0x005AC013+3194899]
Ordinal0 [0x00496021+2056225]
Ordinal0 [0x0032F4B0+586928]
Ordinal0 [0x00325894+546964]
Ordinal0 [0x00325F2C+548652]
Ordinal0 [0x00327175+553333]
Ordinal0 [0x0032241E+533534]
Ordinal0 [0x00330620+591392]
Ordinal0 [0x002D2A0C+207372]
Ordinal0 [0x002D1D0D+204045]
Ordinal0 [0x002CFC1B+195611]
Ordinal0 [0x002B3B7F+80767]
Ordinal0 [0x002B4B4E+84814]
Ordinal0 [0x002B4AD9+84697]
Ordinal0 [0x004ACE64+2149988]
GetHandleVerifier [0x0071BE95+1400773]
GetHandleVerifier [0x0071BB61+1399953]
GetHandleVerifier [0x007231FA+1430314]
GetHandleVerifier [0x0071C69F+1402831]
Ordinal0 [0x004A3D61+2112865]
Ordinal0 [0x004AE5CB+2155979]
Ordinal0 [0x004AE6F5+2156277]
Ordinal0 [0x004BF26E+2224750]
BaseThreadInitThunk [0x761A6359+25]
RtlGetAppContainerNamedObjectPath [0x77BA8944+228]
RtlGetAppContainerNamedObjectPath [0x77BA8914+180]
]]>
            </message>
            <full-stacktrace>
              <![CDATA[org.openqa.selenium.SessionNotCreatedException: session not created
from chrome not reachable
  (Session info: chrome=87.0.4280.66)
Build info: version: '3.141.59', revision: 'e82be7d358', time: '2018-11-14T08:17:03'
System info: host: 'DESKTOP-DVMI27D', ip: '192.168.64.1', os.name: 'Windows 10', os.arch: 'amd64', os.version: '10.0', java.version: '11.0.8'
Driver info: driver.version: ChromeDriver
remote stacktrace: Backtrace:
Ordinal0 [0x005AC013+3194899]
Ordinal0 [0x00496021+2056225]
Ordinal0 [0x0032F4B0+586928]
Ordinal0 [0x00325894+546964]
Ordinal0 [0x00325F2C+548652]
Ordinal0 [0x00327175+553333]
Ordinal0 [0x0032241E+533534]
Ordinal0 [0x00330620+591392]
Ordinal0 [0x002D2A0C+207372]
Ordinal0 [0x002D1D0D+204045]
Ordinal0 [0x002CFC1B+195611]
Ordinal0 [0x002B3B7F+80767]
Ordinal0 [0x002B4B4E+84814]
Ordinal0 [0x002B4AD9+84697]
Ordinal0 [0x004ACE64+2149988]
GetHandleVerifier [0x0071BE95+1400773]
GetHandleVerifier [0x0071BB61+1399953]
GetHandleVerifier [0x007231FA+1430314]
GetHandleVerifier [0x0071C69F+1402831]
Ordinal0 [0x004A3D61+2112865]
Ordinal0 [0x004AE5CB+2155979]
Ordinal0 [0x004AE6F5+2156277]
Ordinal0 [0x004BF26E+2224750]
BaseThreadInitThunk [0x761A6359+25]
RtlGetAppContainerNamedObjectPath [0x77BA8944+228]
RtlGetAppContainerNamedObjectPath [0x77BA8914+180]

at java.base/jdk.internal.reflect.NativeConstructorAccessorImpl.newInstance0(Native Method)
at java.base/jdk.internal.reflect.NativeConstructorAccessorImpl.newInstance(NativeConstructorAccessorImpl.java:62)
at java.base/jdk.internal.reflect.DelegatingConstructorAccessorImpl.newInstance(DelegatingConstructorAccessorImpl.java:45)
at java.base/java.lang.reflect.Constructor.newInstance(Constructor.java:490)
at org.openqa.selenium.remote.W3CHandshakeResponse.lambda$errorHandler$0(W3CHandshakeResponse.java:62)
at org.openqa.selenium.remote.HandshakeResponse.lambda$getResponseFunction$0(HandshakeResponse.java:30)
at org.openqa.selenium.remote.ProtocolHandshake.lambda$createSession$0(ProtocolHandshake.java:126)
at java.base/java.util.stream.ReferencePipeline$3$1.accept(ReferencePipeline.java:195)
at java.base/java.util.Spliterators$ArraySpliterator.tryAdvance(Spliterators.java:958)
at java.base/java.util.stream.ReferencePipeline.forEachWithCancel(ReferencePipeline.java:127)
at java.base/java.util.stream.AbstractPipeline.copyIntoWithCancel(AbstractPipeline.java:502)
at java.base/java.util.stream.AbstractPipeline.copyInto(AbstractPipeline.java:488)
at java.base/java.util.stream.AbstractPipeline.wrapAndCopyInto(AbstractPipeline.java:474)
at java.base/java.util.stream.FindOps$FindOp.evaluateSequential(FindOps.java:150)
at java.base/java.util.stream.AbstractPipeline.evaluate(AbstractPipeline.java:234)
at java.base/java.util.stream.ReferencePipeline.findFirst(ReferencePipeline.java:543)
at org.openqa.selenium.remote.ProtocolHandshake.createSession(ProtocolHandshake.java:128)
at org.openqa.selenium.remote.ProtocolHandshake.createSession(ProtocolHandshake.java:74)
at org.openqa.selenium.remote.HttpCommandExecutor.execute(HttpCommandExecutor.java:136)
at org.openqa.selenium.remote.service.DriverCommandExecutor.execute(DriverCommandExecutor.java:83)
at org.openqa.selenium.remote.RemoteWebDriver.execute(RemoteWebDriver.java:552)
at org.openqa.selenium.remote.RemoteWebDriver.startSession(RemoteWebDriver.java:213)
at org.openqa.selenium.remote.RemoteWebDriver.<init>(RemoteWebDriver.java:131)
at org.openqa.selenium.chrome.ChromeDriver.<init>(ChromeDriver.java:181)
at org.openqa.selenium.chrome.ChromeDriver.<init>(ChromeDriver.java:168)
at org.openqa.selenium.chrome.ChromeDriver.<init>(ChromeDriver.java:123)
at pnt.automation.base.TestBase.getLocalDriver(TestBase.java:81)
at pnt.automation.base.TestBase.setupDriver(TestBase.java:64)
at jdk.internal.reflect.GeneratedMethodAccessor31.invoke(Unknown Source)
at java.base/jdk.internal.reflect.DelegatingMethodAccessorImpl.invoke(DelegatingMethodAccessorImpl.java:43)
at java.base/java.lang.reflect.Method.invoke(Method.java:566)
at org.testng.internal.MethodInvocationHelper.invokeMethod(MethodInvocationHelper.java:132)
at org.testng.internal.MethodInvocationHelper.invokeMethodConsideringTimeout(MethodInvocationHelper.java:61)
at org.testng.internal.ConfigInvoker.invokeConfigurationMethod(ConfigInvoker.java:366)
at org.testng.internal.ConfigInvoker.invokeConfigurations(ConfigInvoker.java:320)
at org.testng.internal.TestInvoker.runConfigMethods(TestInvoker.java:701)
at org.testng.internal.TestInvoker.invokeMethod(TestInvoker.java:527)
at org.testng.internal.TestInvoker.invokeTestMethod(TestInvoker.java:174)
at org.testng.internal.MethodRunner.runInSequence(MethodRunner.java:46)
at org.testng.internal.TestInvoker$MethodInvocationAgent.invoke(TestInvoker.java:822)
at org.testng.internal.TestInvoker.invokeTestMethods(TestInvoker.java:147)
at org.testng.internal.TestMethodWorker.invokeTestMethods(TestMethodWorker.java:146)
at org.testng.internal.TestMethodWorker.run(TestMethodWorker.java:128)
at java.base/java.util.ArrayList.forEach(ArrayList.java:1541)
at org.testng.TestRunner.privateRun(TestRunner.java:764)
at org.testng.TestRunner.run(TestRunner.java:585)
at org.testng.SuiteRunner.runTest(SuiteRunner.java:384)
at org.testng.SuiteRunner.runSequentially(SuiteRunner.java:378)
at org.testng.SuiteRunner.privateRun(SuiteRunner.java:337)
at org.testng.SuiteRunner.run(SuiteRunner.java:286)
at org.testng.SuiteRunnerWorker.runSuite(SuiteRunnerWorker.java:53)
at org.testng.SuiteRunnerWorker.run(SuiteRunnerWorker.java:96)
at org.testng.TestNG.runSuitesSequentially(TestNG.java:1218)
at org.testng.TestNG.runSuitesLocally(TestNG.java:1140)
at org.testng.TestNG.runSuites(TestNG.java:1069)
at org.testng.TestNG.run(TestNG.java:1037)
at org.apache.maven.surefire.testng.TestNGExecutor.run(TestNGExecutor.java:283)
at org.apache.maven.surefire.testng.TestNGXmlTestSuite.execute(TestNGXmlTestSuite.java:75)
at org.apache.maven.surefire.testng.TestNGProvider.invoke(TestNGProvider.java:120)
at org.apache.maven.surefire.booter.ForkedBooter.invokeProviderInSameClassLoader(ForkedBooter.java:384)
at org.apache.maven.surefire.booter.ForkedBooter.runSuitesInProcess(ForkedBooter.java:345)
at org.apache.maven.surefire.booter.ForkedBooter.execute(ForkedBooter.java:126)
at org.apache.maven.surefire.booter.ForkedBooter.main(ForkedBooter.java:418)
]]>
            </full-stacktrace>
          </exception> <!-- org.openqa.selenium.SessionNotCreatedException -->
          <reporter-output>
          </reporter-output>
        </test-method> <!-- validateUserBeingAbleToClickOnShopAllHolidaysGifts -->
        <test-method is-config="true" signature="afterEachTestMethod(org.testng.ITestResult)[pri:0, instance:com.amazontest.FindAGiftValidations@1e097d59]" started-at="2020-12-03T16:03:56 EST" name="afterEachTestMethod" finished-at="1969-12-31T19:00:00 EST" duration-ms="-1607029436069" status="SKIP">
          <reporter-output>
          </reporter-output>
        </test-method> <!-- afterEachTestMethod -->
        <test-method is-config="true" signature="cleanUp()[pri:0, instance:com.amazontest.FindAGiftValidations@1e097d59]" started-at="2020-12-03T16:03:56 EST" name="cleanUp" finished-at="1969-12-31T19:00:00 EST" duration-ms="-1607029436070" status="SKIP">
          <reporter-output>
          </reporter-output>
        </test-method> <!-- cleanUp -->
      </class> <!-- com.amazontest.FindAGiftValidations -->
      <class name="com.amazontest.CustomerServiceValidations">
        <test-method is-config="true" signature="setupDriver(java.lang.String, java.lang.String, java.lang.String, boolean, java.lang.String, java.lang.String)[pri:0, instance:com.amazontest.CustomerServiceValidations@1c33c17b]" started-at="2020-12-03T16:00:39 EST" name="setupDriver" finished-at="2020-12-03T16:00:49 EST" duration-ms="10163" status="PASS">
          <params>
            <param index="0">
              <value>
                <![CDATA[windows]]>
              </value>
            </param>
            <param index="1">
              <value>
                <![CDATA[https://www.amazon.com]]>
              </value>
            </param>
            <param index="2">
              <value>
                <![CDATA[chrome]]>
              </value>
            </param>
            <param index="3">
              <value>
                <![CDATA[false]]>
              </value>
            </param>
            <param index="4">
              <value>
                <![CDATA[87.0.4280.66]]>
              </value>
            </param>
            <param index="5">
              <value>
                <![CDATA[browserstack]]>
              </value>
            </param>
          </params>
          <reporter-output>
          </reporter-output>
        </test-method> <!-- setupDriver -->
        <test-method is-config="true" signature="startExtent(java.lang.reflect.Method)[pri:0, instance:com.amazontest.CustomerServiceValidations@1c33c17b]" started-at="2020-12-03T16:00:49 EST" name="startExtent" finished-at="2020-12-03T16:00:49 EST" duration-ms="1" status="PASS">
          <params>
            <param index="0">
              <value>
                <![CDATA[public void com.amazontest.CustomerServiceValidations.validateUserBeingAbleToClickOnDigitalServicesAndDeviceSupportTab()]]>
              </value>
            </param>
          </params>
          <reporter-output>
          </reporter-output>
        </test-method> <!-- startExtent -->
        <test-method signature="validateUserBeingAbleToClickOnDigitalServicesAndDeviceSupportTab()[pri:0, instance:com.amazontest.CustomerServiceValidations@1c33c17b]" started-at="2020-12-03T16:00:49 EST" name="validateUserBeingAbleToClickOnDigitalServicesAndDeviceSupportTab" finished-at="2020-12-03T16:00:55 EST" duration-ms="5524" status="PASS">
          <reporter-output>
          </reporter-output>
        </test-method> <!-- validateUserBeingAbleToClickOnDigitalServicesAndDeviceSupportTab -->
        <test-method is-config="true" signature="afterEachTestMethod(org.testng.ITestResult)[pri:0, instance:com.amazontest.CustomerServiceValidations@1c33c17b]" started-at="2020-12-03T16:00:55 EST" name="afterEachTestMethod" finished-at="2020-12-03T16:00:55 EST" duration-ms="56" status="PASS">
          <params>
            <param index="0">
              <value>
                <![CDATA[[TestResult name=validateUserBeingAbleToClickOnDigitalServicesAndDeviceSupportTab status=SUCCESS method=CustomerServiceValidations.validateUserBeingAbleToClickOnDigitalServicesAndDeviceSupportTab()[pri:0, instance:com.amazontest.CustomerServiceValidations@1c33c17b] output={null}]]]>
              </value>
            </param>
          </params>
          <reporter-output>
          </reporter-output>
        </test-method> <!-- afterEachTestMethod -->
        <test-method is-config="true" signature="cleanUp()[pri:0, instance:com.amazontest.CustomerServiceValidations@1c33c17b]" started-at="2020-12-03T16:00:55 EST" name="cleanUp" finished-at="2020-12-03T16:00:56 EST" duration-ms="1045" status="PASS">
          <reporter-output>
          </reporter-output>
        </test-method> <!-- cleanUp -->
        <test-method is-config="true" signature="setupDriver(java.lang.String, java.lang.String, java.lang.String, boolean, java.lang.String, java.lang.String)[pri:0, instance:com.amazontest.CustomerServiceValidations@1c33c17b]" started-at="2020-12-03T16:00:56 EST" name="setupDriver" finished-at="2020-12-03T16:01:07 EST" duration-ms="11059" status="PASS">
          <params>
            <param index="0">
              <value>
                <![CDATA[windows]]>
              </value>
            </param>
            <param index="1">
              <value>
                <![CDATA[https://www.amazon.com]]>
              </value>
            </param>
            <param index="2">
              <value>
                <![CDATA[chrome]]>
              </value>
            </param>
            <param index="3">
              <value>
                <![CDATA[false]]>
              </value>
            </param>
            <param index="4">
              <value>
                <![CDATA[87.0.4280.66]]>
              </value>
            </param>
            <param index="5">
              <value>
                <![CDATA[browserstack]]>
              </value>
            </param>
          </params>
          <reporter-output>
          </reporter-output>
        </test-method> <!-- setupDriver -->
        <test-method signature="validateUserBeingAbleToClickOnGetProductHelp()[pri:0, instance:com.amazontest.CustomerServiceValidations@1c33c17b]" started-at="2020-12-03T16:01:07 EST" name="validateUserBeingAbleToClickOnGetProductHelp" finished-at="2020-12-03T16:01:11 EST" duration-ms="4493" status="PASS">
          <reporter-output>
          </reporter-output>
        </test-method> <!-- validateUserBeingAbleToClickOnGetProductHelp -->
        <test-method is-config="true" signature="startExtent(java.lang.reflect.Method)[pri:0, instance:com.amazontest.CustomerServiceValidations@1c33c17b]" started-at="2020-12-03T16:01:07 EST" name="startExtent" finished-at="2020-12-03T16:01:07 EST" duration-ms="0" status="PASS">
          <params>
            <param index="0">
              <value>
                <![CDATA[public void com.amazontest.CustomerServiceValidations.validateUserBeingAbleToClickOnGetProductHelp()]]>
              </value>
            </param>
          </params>
          <reporter-output>
          </reporter-output>
        </test-method> <!-- startExtent -->
        <test-method is-config="true" signature="afterEachTestMethod(org.testng.ITestResult)[pri:0, instance:com.amazontest.CustomerServiceValidations@1c33c17b]" started-at="2020-12-03T16:01:11 EST" name="afterEachTestMethod" finished-at="2020-12-03T16:01:11 EST" duration-ms="45" status="PASS">
          <params>
            <param index="0">
              <value>
                <![CDATA[[TestResult name=validateUserBeingAbleToClickOnGetProductHelp status=SUCCESS method=CustomerServiceValidations.validateUserBeingAbleToClickOnGetProductHelp()[pri:0, instance:com.amazontest.CustomerServiceValidations@1c33c17b] output={null}]]]>
              </value>
            </param>
          </params>
          <reporter-output>
          </reporter-output>
        </test-method> <!-- afterEachTestMethod -->
        <test-method is-config="true" signature="cleanUp()[pri:0, instance:com.amazontest.CustomerServiceValidations@1c33c17b]" started-at="2020-12-03T16:01:11 EST" name="cleanUp" finished-at="2020-12-03T16:01:12 EST" duration-ms="1077" status="PASS">
          <reporter-output>
          </reporter-output>
        </test-method> <!-- cleanUp -->
        <test-method is-config="true" signature="setupDriver(java.lang.String, java.lang.String, java.lang.String, boolean, java.lang.String, java.lang.String)[pri:0, instance:com.amazontest.CustomerServiceValidations@1c33c17b]" started-at="2020-12-03T16:01:12 EST" name="setupDriver" finished-at="2020-12-03T16:01:23 EST" duration-ms="11137" status="PASS">
          <params>
            <param index="0">
              <value>
                <![CDATA[windows]]>
              </value>
            </param>
            <param index="1">
              <value>
                <![CDATA[https://www.amazon.com]]>
              </value>
            </param>
            <param index="2">
              <value>
                <![CDATA[chrome]]>
              </value>
            </param>
            <param index="3">
              <value>
                <![CDATA[false]]>
              </value>
            </param>
            <param index="4">
              <value>
                <![CDATA[87.0.4280.66]]>
              </value>
            </param>
            <param index="5">
              <value>
                <![CDATA[browserstack]]>
              </value>
            </param>
          </params>
          <reporter-output>
          </reporter-output>
        </test-method> <!-- setupDriver -->
        <test-method is-config="true" signature="startExtent(java.lang.reflect.Method)[pri:0, instance:com.amazontest.CustomerServiceValidations@1c33c17b]" started-at="2020-12-03T16:01:23 EST" name="startExtent" finished-at="2020-12-03T16:01:23 EST" duration-ms="0" status="PASS">
          <params>
            <param index="0">
              <value>
                <![CDATA[public void com.amazontest.CustomerServiceValidations.validateUserBeingAbleToClickOnManagePrimeTab()]]>
              </value>
            </param>
          </params>
          <reporter-output>
          </reporter-output>
        </test-method> <!-- startExtent -->
        <test-method signature="validateUserBeingAbleToClickOnManagePrimeTab()[pri:0, instance:com.amazontest.CustomerServiceValidations@1c33c17b]" started-at="2020-12-03T16:01:23 EST" name="validateUserBeingAbleToClickOnManagePrimeTab" finished-at="2020-12-03T16:01:27 EST" duration-ms="4019" status="PASS">
          <reporter-output>
          </reporter-output>
        </test-method> <!-- validateUserBeingAbleToClickOnManagePrimeTab -->
        <test-method is-config="true" signature="afterEachTestMethod(org.testng.ITestResult)[pri:0, instance:com.amazontest.CustomerServiceValidations@1c33c17b]" started-at="2020-12-03T16:01:27 EST" name="afterEachTestMethod" finished-at="2020-12-03T16:01:28 EST" duration-ms="57" status="PASS">
          <params>
            <param index="0">
              <value>
                <![CDATA[[TestResult name=validateUserBeingAbleToClickOnManagePrimeTab status=SUCCESS method=CustomerServiceValidations.validateUserBeingAbleToClickOnManagePrimeTab()[pri:0, instance:com.amazontest.CustomerServiceValidations@1c33c17b] output={null}]]]>
              </value>
            </param>
          </params>
          <reporter-output>
          </reporter-output>
        </test-method> <!-- afterEachTestMethod -->
        <test-method is-config="true" signature="cleanUp()[pri:0, instance:com.amazontest.CustomerServiceValidations@1c33c17b]" started-at="2020-12-03T16:01:28 EST" name="cleanUp" finished-at="2020-12-03T16:01:28 EST" duration-ms="798" status="PASS">
          <reporter-output>
          </reporter-output>
        </test-method> <!-- cleanUp -->
        <test-method is-config="true" signature="setupDriver(java.lang.String, java.lang.String, java.lang.String, boolean, java.lang.String, java.lang.String)[pri:0, instance:com.amazontest.CustomerServiceValidations@1c33c17b]" started-at="2020-12-03T16:01:28 EST" name="setupDriver" finished-at="2020-12-03T16:01:39 EST" duration-ms="10960" status="PASS">
          <params>
            <param index="0">
              <value>
                <![CDATA[windows]]>
              </value>
            </param>
            <param index="1">
              <value>
                <![CDATA[https://www.amazon.com]]>
              </value>
            </param>
            <param index="2">
              <value>
                <![CDATA[chrome]]>
              </value>
            </param>
            <param index="3">
              <value>
                <![CDATA[false]]>
              </value>
            </param>
            <param index="4">
              <value>
                <![CDATA[87.0.4280.66]]>
              </value>
            </param>
            <param index="5">
              <value>
                <![CDATA[browserstack]]>
              </value>
            </param>
          </params>
          <reporter-output>
          </reporter-output>
        </test-method> <!-- setupDriver -->
        <test-method is-config="true" signature="startExtent(java.lang.reflect.Method)[pri:0, instance:com.amazontest.CustomerServiceValidations@1c33c17b]" started-at="2020-12-03T16:01:39 EST" name="startExtent" finished-at="2020-12-03T16:01:39 EST" duration-ms="0" status="PASS">
          <params>
            <param index="0">
              <value>
                <![CDATA[public void com.amazontest.CustomerServiceValidations.validateUserBeingAbleToClickOnPaymentsAndGifCardTab()]]>
              </value>
            </param>
          </params>
          <reporter-output>
          </reporter-output>
        </test-method> <!-- startExtent -->
        <test-method signature="validateUserBeingAbleToClickOnPaymentsAndGifCardTab()[pri:0, instance:com.amazontest.CustomerServiceValidations@1c33c17b]" started-at="2020-12-03T16:01:39 EST" name="validateUserBeingAbleToClickOnPaymentsAndGifCardTab" finished-at="2020-12-03T16:01:43 EST" duration-ms="3299" status="PASS">
          <reporter-output>
          </reporter-output>
        </test-method> <!-- validateUserBeingAbleToClickOnPaymentsAndGifCardTab -->
        <test-method is-config="true" signature="afterEachTestMethod(org.testng.ITestResult)[pri:0, instance:com.amazontest.CustomerServiceValidations@1c33c17b]" started-at="2020-12-03T16:01:43 EST" name="afterEachTestMethod" finished-at="2020-12-03T16:01:43 EST" duration-ms="77" status="PASS">
          <params>
            <param index="0">
              <value>
                <![CDATA[[TestResult name=validateUserBeingAbleToClickOnPaymentsAndGifCardTab status=SUCCESS method=CustomerServiceValidations.validateUserBeingAbleToClickOnPaymentsAndGifCardTab()[pri:0, instance:com.amazontest.CustomerServiceValidations@1c33c17b] output={null}]]]>
              </value>
            </param>
          </params>
          <reporter-output>
          </reporter-output>
        </test-method> <!-- afterEachTestMethod -->
        <test-method is-config="true" signature="cleanUp()[pri:0, instance:com.amazontest.CustomerServiceValidations@1c33c17b]" started-at="2020-12-03T16:01:43 EST" name="cleanUp" finished-at="2020-12-03T16:01:44 EST" duration-ms="846" status="PASS">
          <reporter-output>
          </reporter-output>
        </test-method> <!-- cleanUp -->
        <test-method is-config="true" signature="setupDriver(java.lang.String, java.lang.String, java.lang.String, boolean, java.lang.String, java.lang.String)[pri:0, instance:com.amazontest.CustomerServiceValidations@1c33c17b]" started-at="2020-12-03T16:01:44 EST" name="setupDriver" finished-at="2020-12-03T16:01:54 EST" duration-ms="10948" status="PASS">
          <params>
            <param index="0">
              <value>
                <![CDATA[windows]]>
              </value>
            </param>
            <param index="1">
              <value>
                <![CDATA[https://www.amazon.com]]>
              </value>
            </param>
            <param index="2">
              <value>
                <![CDATA[chrome]]>
              </value>
            </param>
            <param index="3">
              <value>
                <![CDATA[false]]>
              </value>
            </param>
            <param index="4">
              <value>
                <![CDATA[87.0.4280.66]]>
              </value>
            </param>
            <param index="5">
              <value>
                <![CDATA[browserstack]]>
              </value>
            </param>
          </params>
          <reporter-output>
          </reporter-output>
        </test-method> <!-- setupDriver -->
        <test-method is-config="true" signature="startExtent(java.lang.reflect.Method)[pri:0, instance:com.amazontest.CustomerServiceValidations@1c33c17b]" started-at="2020-12-03T16:01:54 EST" name="startExtent" finished-at="2020-12-03T16:01:54 EST" duration-ms="0" status="PASS">
          <params>
            <param index="0">
              <value>
                <![CDATA[public void com.amazontest.CustomerServiceValidations.validateUserBeingAbleToClickOnReturnsandRefunds()]]>
              </value>
            </param>
          </params>
          <reporter-output>
          </reporter-output>
        </test-method> <!-- startExtent -->
        <test-method signature="validateUserBeingAbleToClickOnReturnsandRefunds()[pri:0, instance:com.amazontest.CustomerServiceValidations@1c33c17b]" started-at="2020-12-03T16:01:54 EST" name="validateUserBeingAbleToClickOnReturnsandRefunds" finished-at="2020-12-03T16:01:59 EST" duration-ms="4031" status="PASS">
          <reporter-output>
          </reporter-output>
        </test-method> <!-- validateUserBeingAbleToClickOnReturnsandRefunds -->
        <test-method is-config="true" signature="afterEachTestMethod(org.testng.ITestResult)[pri:0, instance:com.amazontest.CustomerServiceValidations@1c33c17b]" started-at="2020-12-03T16:01:59 EST" name="afterEachTestMethod" finished-at="2020-12-03T16:01:59 EST" duration-ms="44" status="PASS">
          <params>
            <param index="0">
              <value>
                <![CDATA[[TestResult name=validateUserBeingAbleToClickOnReturnsandRefunds status=SUCCESS method=CustomerServiceValidations.validateUserBeingAbleToClickOnReturnsandRefunds()[pri:0, instance:com.amazontest.CustomerServiceValidations@1c33c17b] output={null}]]]>
              </value>
            </param>
          </params>
          <reporter-output>
          </reporter-output>
        </test-method> <!-- afterEachTestMethod -->
        <test-method is-config="true" signature="cleanUp()[pri:0, instance:com.amazontest.CustomerServiceValidations@1c33c17b]" started-at="2020-12-03T16:01:59 EST" name="cleanUp" finished-at="2020-12-03T16:01:59 EST" duration-ms="869" status="PASS">
          <reporter-output>
          </reporter-output>
        </test-method> <!-- cleanUp -->
        <test-method is-config="true" signature="setupDriver(java.lang.String, java.lang.String, java.lang.String, boolean, java.lang.String, java.lang.String)[pri:0, instance:com.amazontest.CustomerServiceValidations@1c33c17b]" started-at="2020-12-03T16:01:59 EST" name="setupDriver" finished-at="2020-12-03T16:02:10 EST" duration-ms="10818" status="PASS">
          <params>
            <param index="0">
              <value>
                <![CDATA[windows]]>
              </value>
            </param>
            <param index="1">
              <value>
                <![CDATA[https://www.amazon.com]]>
              </value>
            </param>
            <param index="2">
              <value>
                <![CDATA[chrome]]>
              </value>
            </param>
            <param index="3">
              <value>
                <![CDATA[false]]>
              </value>
            </param>
            <param index="4">
              <value>
                <![CDATA[87.0.4280.66]]>
              </value>
            </param>
            <param index="5">
              <value>
                <![CDATA[browserstack]]>
              </value>
            </param>
          </params>
          <reporter-output>
          </reporter-output>
        </test-method> <!-- setupDriver -->
        <test-method is-config="true" signature="startExtent(java.lang.reflect.Method)[pri:0, instance:com.amazontest.CustomerServiceValidations@1c33c17b]" started-at="2020-12-03T16:02:10 EST" name="startExtent" finished-at="2020-12-03T16:02:10 EST" duration-ms="0" status="PASS">
          <params>
            <param index="0">
              <value>
                <![CDATA[public void com.amazontest.CustomerServiceValidations.validateUserBeingAbleToClickOnYourOrdersTab()]]>
              </value>
            </param>
          </params>
          <reporter-output>
          </reporter-output>
        </test-method> <!-- startExtent -->
        <test-method signature="validateUserBeingAbleToClickOnYourOrdersTab()[pri:0, instance:com.amazontest.CustomerServiceValidations@1c33c17b]" started-at="2020-12-03T16:02:10 EST" name="validateUserBeingAbleToClickOnYourOrdersTab" finished-at="2020-12-03T16:02:15 EST" duration-ms="4479" status="PASS">
          <reporter-output>
          </reporter-output>
        </test-method> <!-- validateUserBeingAbleToClickOnYourOrdersTab -->
        <test-method is-config="true" signature="afterEachTestMethod(org.testng.ITestResult)[pri:0, instance:com.amazontest.CustomerServiceValidations@1c33c17b]" started-at="2020-12-03T16:02:15 EST" name="afterEachTestMethod" finished-at="2020-12-03T16:02:15 EST" duration-ms="45" status="PASS">
          <params>
            <param index="0">
              <value>
                <![CDATA[[TestResult name=validateUserBeingAbleToClickOnYourOrdersTab status=SUCCESS method=CustomerServiceValidations.validateUserBeingAbleToClickOnYourOrdersTab()[pri:0, instance:com.amazontest.CustomerServiceValidations@1c33c17b] output={null}]]]>
              </value>
            </param>
          </params>
          <reporter-output>
          </reporter-output>
        </test-method> <!-- afterEachTestMethod -->
        <test-method is-config="true" signature="cleanUp()[pri:0, instance:com.amazontest.CustomerServiceValidations@1c33c17b]" started-at="2020-12-03T16:02:15 EST" name="cleanUp" finished-at="2020-12-03T16:02:17 EST" duration-ms="1936" status="PASS">
          <reporter-output>
          </reporter-output>
        </test-method> <!-- cleanUp -->
        <test-method is-config="true" signature="setupDriver(java.lang.String, java.lang.String, java.lang.String, boolean, java.lang.String, java.lang.String)[pri:0, instance:com.amazontest.CustomerServiceValidations@1c33c17b]" started-at="2020-12-03T16:02:17 EST" name="setupDriver" finished-at="2020-12-03T16:02:28 EST" duration-ms="10956" status="PASS">
          <params>
            <param index="0">
              <value>
                <![CDATA[windows]]>
              </value>
            </param>
            <param index="1">
              <value>
                <![CDATA[https://www.amazon.com]]>
              </value>
            </param>
            <param index="2">
              <value>
                <![CDATA[chrome]]>
              </value>
            </param>
            <param index="3">
              <value>
                <![CDATA[false]]>
              </value>
            </param>
            <param index="4">
              <value>
                <![CDATA[87.0.4280.66]]>
              </value>
            </param>
            <param index="5">
              <value>
                <![CDATA[browserstack]]>
              </value>
            </param>
          </params>
          <reporter-output>
          </reporter-output>
        </test-method> <!-- setupDriver -->
        <test-method is-config="true" signature="startExtent(java.lang.reflect.Method)[pri:0, instance:com.amazontest.CustomerServiceValidations@1c33c17b]" started-at="2020-12-03T16:02:28 EST" name="startExtent" finished-at="2020-12-03T16:02:28 EST" duration-ms="0" status="PASS">
          <params>
            <param index="0">
              <value>
                <![CDATA[public void com.amazontest.CustomerServiceValidations.validateUserBeingAbleToClickYourAccountTab()]]>
              </value>
            </param>
          </params>
          <reporter-output>
          </reporter-output>
        </test-method> <!-- startExtent -->
        <test-method signature="validateUserBeingAbleToClickYourAccountTab()[pri:0, instance:com.amazontest.CustomerServiceValidations@1c33c17b]" started-at="2020-12-03T16:02:28 EST" name="validateUserBeingAbleToClickYourAccountTab" finished-at="2020-12-03T16:02:32 EST" duration-ms="4448" status="PASS">
          <reporter-output>
          </reporter-output>
        </test-method> <!-- validateUserBeingAbleToClickYourAccountTab -->
        <test-method is-config="true" signature="afterEachTestMethod(org.testng.ITestResult)[pri:0, instance:com.amazontest.CustomerServiceValidations@1c33c17b]" started-at="2020-12-03T16:02:32 EST" name="afterEachTestMethod" finished-at="2020-12-03T16:02:32 EST" duration-ms="35" status="PASS">
          <params>
            <param index="0">
              <value>
                <![CDATA[[TestResult name=validateUserBeingAbleToClickYourAccountTab status=SUCCESS method=CustomerServiceValidations.validateUserBeingAbleToClickYourAccountTab()[pri:0, instance:com.amazontest.CustomerServiceValidations@1c33c17b] output={null}]]]>
              </value>
            </param>
          </params>
          <reporter-output>
          </reporter-output>
        </test-method> <!-- afterEachTestMethod -->
        <test-method is-config="true" signature="cleanUp()[pri:0, instance:com.amazontest.CustomerServiceValidations@1c33c17b]" started-at="2020-12-03T16:02:32 EST" name="cleanUp" finished-at="2020-12-03T16:02:33 EST" duration-ms="942" status="PASS">
          <reporter-output>
          </reporter-output>
        </test-method> <!-- cleanUp -->
      </class> <!-- com.amazontest.CustomerServiceValidations -->
    </test> <!-- Automation tests -->
  </suite> <!-- Selenium Test Suite -->
</testng-results>
